[0.000000] (-) TimerEvent: {}
[0.008658] (arm_controller) JobQueued: {'identifier': 'arm_controller', 'dependencies': OrderedDict()}
[0.009038] (arm_description) JobQueued: {'identifier': 'arm_description', 'dependencies': OrderedDict()}
[0.009155] (arm_gazebo) JobQueued: {'identifier': 'arm_gazebo', 'dependencies': OrderedDict()}
[0.009266] (arm_controller) JobStarted: {'identifier': 'arm_controller'}
[0.043769] (arm_description) JobStarted: {'identifier': 'arm_description'}
[0.057218] (arm_gazebo) JobStarted: {'identifier': 'arm_gazebo'}
[0.072391] (arm_controller) JobProgress: {'identifier': 'arm_controller', 'progress': 'cmake'}
[0.079792] (arm_controller) Command: {'cmd': ['/usr/bin/cmake', '/home/shrey/ros2_ws/src/arm_controller', '-DCMAKE_INSTALL_PREFIX=/home/shrey/ros2_ws/install/arm_controller'], 'cwd': '/home/shrey/ros2_ws/build/arm_controller', 'env': OrderedDict([('USER', 'shrey'), ('SHLVL', '1'), ('LIBGL_ALWAYS_SOFTWARE', '1'), ('LD_LIBRARY_PATH', '/usr/lib/x86_64-linux-gnu/gazebo-11/plugins:/opt/ros/humble/opt/rviz_ogre_vendor/lib:/opt/ros/humble/lib/x86_64-linux-gnu:/opt/ros/humble/lib:/usr/lib/x86_64-linux-gnu/gazebo-11/plugins::/usr/lib/x86_64-linux-gnu/gazebo-11:/usr/lib/x86_64-linux-gnu/gazebo-11/plugins:/usr/lib/x86_64-linux-gnu/gazebo-11/plugins:/usr/lib/x86_64-linux-gnu/gazebo-11/plugins:/usr/lib/x86_64-linux-gnu/gazebo-11:/usr/lib/x86_64-linux-gnu/gazebo-11/plugins:/usr/lib/x86_64-linux-gnu/gazebo-11/plugins:/usr/lib/x86_64-linux-gnu/gazebo-11/plugins:/usr/lib/x86_64-linux-gnu/gazebo-11'), ('HOME', '/home/shrey'), ('OLDPWD', '/home/shrey/ros2_ws/src'), ('GAZEBO_MASTER_URI', 'http://localhost:11345'), ('ROS_PYTHON_VERSION', '3'), ('DBUS_SESSION_BUS_ADDRESS', 'unix:path=/run/user/1000/bus'), ('WSL_DISTRO_NAME', 'Ubuntu-22.04'), ('WAYLAND_DISPLAY', 'wayland-0'), ('COLCON_PREFIX_PATH', '/home/shrey/ros2_ws/install'), ('ROS_DISTRO', 'humble'), ('LOGNAME', 'shrey'), ('NAME', 'LAPTOP-NF81MTHA'), ('WSL_INTEROP', '/run/WSL/394_interop'), ('PULSE_SERVER', 'unix:/mnt/wslg/PulseServer'), ('_', '/usr/bin/colcon'), ('ROS_VERSION', '2'), ('TERM', 'xterm-256color'), ('GAZEBO_MODEL_PATH', '/usr/share/gazebo-11/models'), ('ROS_LOCALHOST_ONLY', '0'), ('OGRE_RESOURCE_PATH', '/usr/lib/x86_64-linux-gnu/OGRE-1.9.0'), ('PATH', '/usr/bin:/usr/bin:/usr/bin:/opt/ros/humble/bin:/usr/local/sbin:/usr/local/bin:/usr/sbin:/usr/bin:/sbin:/bin:/usr/games:/usr/local/games:/usr/lib/wsl/lib:/mnt/c/Program Files/Common Files/Oracle/Java/javapath:/mnt/c/oraclexe/app/oracle/product/10.2.0/server/bin:/mnt/c/Python312/Scripts/:/mnt/c/Python312/:/mnt/c/Python311/Scripts/:/mnt/c/Python311/:/mnt/c/WINDOWS/system32:/mnt/c/WINDOWS:/mnt/c/WINDOWS/System32/Wbem:/mnt/c/WINDOWS/System32/WindowsPowerShell/v1.0/:/mnt/c/WINDOWS/System32/OpenSSH/:/mnt/c/Program Files (x86)/Microsoft SQL Server/160/Tools/Binn/:/mnt/c/Program Files/Microsoft SQL Server/160/Tools/Binn/:/mnt/c/Program Files/Microsoft SQL Server/Client SDK/ODBC/170/Tools/Binn/:/mnt/c/Program Files/Microsoft SQL Server/160/DTS/Binn/:/mnt/c/ProgramData/chocolatey/bin:/mnt/c/Program Files/nodejs/:/mnt/c/Program Files/nodejs:/mnt/c/Program Files/Docker/Docker/resources/bin:/mnt/c/Users/shrey/Documents/A13/apache-maven-3.9.9-bin/apache-maven-3.9.9/bin:/mnt/c/Program Files/Java/jdk-21/bin:/mnt/c/apache-maven-3.9.9/bin:/mnt/c/Users/shrey/AppData/Local/Microsoft/WindowsApps:/mnt/c/Users/shrey/AppData/Local/Programs/Microsoft VS Code/bin:/mnt/c/Program Files (x86)/MinGW/bin:/mnt/c/Users/shrey/Documents/mongosh-1.10.5-win32-x64/mongosh-1.10.5-win32-x64/bin:/mnt/c/Users/shrey/AppData/Roaming/npm:/mnt/c/Program Files/Git/bin:/mnt/c/Program Files/JetBrains/PyCharm 2023.3.3/bin:/mnt/c/Program Files/JetBrains/PyCharm Community Edition 2023.3.3/bin:/mnt/c/Program Files/JetBrains/IntelliJ IDEA Community Edition 2023.3.4/bin:/snap/bin:/usr/bin:/usr/lib/x86_64-linux-gnu/gazebo-11:/usr/bin:/usr/lib/x86_64-linux-gnu/gazebo-11:/usr/bin:/usr/lib/x86_64-linux-gnu/gazebo-11'), ('XDG_RUNTIME_DIR', '/run/user/1000/'), ('DISPLAY', ':0'), ('LANG', 'en_US.UTF-8'), ('AMENT_PREFIX_PATH', '/home/shrey/ros2_ws/install/arm_gazebo:/home/shrey/ros2_ws/install/arm_description:/opt/ros/humble'), ('SHELL', '/bin/bash'), ('GAZEBO_RESOURCE_PATH', '/usr/share/gazebo-11'), ('GAZEBO_MODEL_DATABASE_URI', 'http://models.gazebosim.org'), ('PWD', '/home/shrey/ros2_ws/build/arm_controller'), ('GAZEBO_PLUGIN_PATH', '/usr/lib/x86_64-linux-gnu/gazebo-11/plugins:/usr/lib/x86_64-linux-gnu/gazebo-11/plugins'), ('XDG_DATA_DIRS', '/usr/local/share:/usr/share:/var/lib/snapd/desktop'), ('PYTHONPATH', '/opt/ros/humble/lib/python3.10/site-packages:/opt/ros/humble/local/lib/python3.10/dist-packages'), ('COLCON', '1'), ('WSL2_GUI_APPS_ENABLED', '1'), ('HOSTTYPE', 'x86_64'), ('CMAKE_PREFIX_PATH', '/home/shrey/ros2_ws/install/arm_gazebo:/home/shrey/ros2_ws/install/arm_description:/opt/ros/humble'), ('WSLENV', '')]), 'shell': False}
[0.092789] (arm_description) JobProgress: {'identifier': 'arm_description', 'progress': 'cmake'}
[0.098068] (arm_description) JobProgress: {'identifier': 'arm_description', 'progress': 'build'}
[0.105861] (arm_description) Command: {'cmd': ['/usr/bin/cmake', '--build', '/home/shrey/ros2_ws/build/arm_description', '--', '-j12', '-l12'], 'cwd': '/home/shrey/ros2_ws/build/arm_description', 'env': OrderedDict([('USER', 'shrey'), ('SHLVL', '1'), ('LIBGL_ALWAYS_SOFTWARE', '1'), ('LD_LIBRARY_PATH', '/usr/lib/x86_64-linux-gnu/gazebo-11/plugins:/opt/ros/humble/opt/rviz_ogre_vendor/lib:/opt/ros/humble/lib/x86_64-linux-gnu:/opt/ros/humble/lib:/usr/lib/x86_64-linux-gnu/gazebo-11/plugins::/usr/lib/x86_64-linux-gnu/gazebo-11:/usr/lib/x86_64-linux-gnu/gazebo-11/plugins:/usr/lib/x86_64-linux-gnu/gazebo-11/plugins:/usr/lib/x86_64-linux-gnu/gazebo-11/plugins:/usr/lib/x86_64-linux-gnu/gazebo-11:/usr/lib/x86_64-linux-gnu/gazebo-11/plugins:/usr/lib/x86_64-linux-gnu/gazebo-11/plugins:/usr/lib/x86_64-linux-gnu/gazebo-11/plugins:/usr/lib/x86_64-linux-gnu/gazebo-11'), ('HOME', '/home/shrey'), ('OLDPWD', '/home/shrey/ros2_ws/src'), ('GAZEBO_MASTER_URI', 'http://localhost:11345'), ('ROS_PYTHON_VERSION', '3'), ('DBUS_SESSION_BUS_ADDRESS', 'unix:path=/run/user/1000/bus'), ('WSL_DISTRO_NAME', 'Ubuntu-22.04'), ('WAYLAND_DISPLAY', 'wayland-0'), ('COLCON_PREFIX_PATH', '/home/shrey/ros2_ws/install'), ('ROS_DISTRO', 'humble'), ('LOGNAME', 'shrey'), ('NAME', 'LAPTOP-NF81MTHA'), ('WSL_INTEROP', '/run/WSL/394_interop'), ('PULSE_SERVER', 'unix:/mnt/wslg/PulseServer'), ('_', '/usr/bin/colcon'), ('ROS_VERSION', '2'), ('TERM', 'xterm-256color'), ('GAZEBO_MODEL_PATH', '/usr/share/gazebo-11/models'), ('ROS_LOCALHOST_ONLY', '0'), ('OGRE_RESOURCE_PATH', '/usr/lib/x86_64-linux-gnu/OGRE-1.9.0'), ('PATH', '/usr/bin:/usr/bin:/usr/bin:/opt/ros/humble/bin:/usr/local/sbin:/usr/local/bin:/usr/sbin:/usr/bin:/sbin:/bin:/usr/games:/usr/local/games:/usr/lib/wsl/lib:/mnt/c/Program Files/Common Files/Oracle/Java/javapath:/mnt/c/oraclexe/app/oracle/product/10.2.0/server/bin:/mnt/c/Python312/Scripts/:/mnt/c/Python312/:/mnt/c/Python311/Scripts/:/mnt/c/Python311/:/mnt/c/WINDOWS/system32:/mnt/c/WINDOWS:/mnt/c/WINDOWS/System32/Wbem:/mnt/c/WINDOWS/System32/WindowsPowerShell/v1.0/:/mnt/c/WINDOWS/System32/OpenSSH/:/mnt/c/Program Files (x86)/Microsoft SQL Server/160/Tools/Binn/:/mnt/c/Program Files/Microsoft SQL Server/160/Tools/Binn/:/mnt/c/Program Files/Microsoft SQL Server/Client SDK/ODBC/170/Tools/Binn/:/mnt/c/Program Files/Microsoft SQL Server/160/DTS/Binn/:/mnt/c/ProgramData/chocolatey/bin:/mnt/c/Program Files/nodejs/:/mnt/c/Program Files/nodejs:/mnt/c/Program Files/Docker/Docker/resources/bin:/mnt/c/Users/shrey/Documents/A13/apache-maven-3.9.9-bin/apache-maven-3.9.9/bin:/mnt/c/Program Files/Java/jdk-21/bin:/mnt/c/apache-maven-3.9.9/bin:/mnt/c/Users/shrey/AppData/Local/Microsoft/WindowsApps:/mnt/c/Users/shrey/AppData/Local/Programs/Microsoft VS Code/bin:/mnt/c/Program Files (x86)/MinGW/bin:/mnt/c/Users/shrey/Documents/mongosh-1.10.5-win32-x64/mongosh-1.10.5-win32-x64/bin:/mnt/c/Users/shrey/AppData/Roaming/npm:/mnt/c/Program Files/Git/bin:/mnt/c/Program Files/JetBrains/PyCharm 2023.3.3/bin:/mnt/c/Program Files/JetBrains/PyCharm Community Edition 2023.3.3/bin:/mnt/c/Program Files/JetBrains/IntelliJ IDEA Community Edition 2023.3.4/bin:/snap/bin:/usr/bin:/usr/lib/x86_64-linux-gnu/gazebo-11:/usr/bin:/usr/lib/x86_64-linux-gnu/gazebo-11:/usr/bin:/usr/lib/x86_64-linux-gnu/gazebo-11'), ('XDG_RUNTIME_DIR', '/run/user/1000/'), ('DISPLAY', ':0'), ('LANG', 'en_US.UTF-8'), ('AMENT_PREFIX_PATH', '/home/shrey/ros2_ws/install/arm_gazebo:/home/shrey/ros2_ws/install/arm_description:/opt/ros/humble'), ('SHELL', '/bin/bash'), ('GAZEBO_RESOURCE_PATH', '/usr/share/gazebo-11'), ('GAZEBO_MODEL_DATABASE_URI', 'http://models.gazebosim.org'), ('PWD', '/home/shrey/ros2_ws/build/arm_description'), ('GAZEBO_PLUGIN_PATH', '/usr/lib/x86_64-linux-gnu/gazebo-11/plugins:/usr/lib/x86_64-linux-gnu/gazebo-11/plugins'), ('XDG_DATA_DIRS', '/usr/local/share:/usr/share:/var/lib/snapd/desktop'), ('PYTHONPATH', '/opt/ros/humble/lib/python3.10/site-packages:/opt/ros/humble/local/lib/python3.10/dist-packages'), ('COLCON', '1'), ('WSL2_GUI_APPS_ENABLED', '1'), ('HOSTTYPE', 'x86_64'), ('CMAKE_PREFIX_PATH', '/home/shrey/ros2_ws/install/arm_gazebo:/home/shrey/ros2_ws/install/arm_description:/opt/ros/humble'), ('WSLENV', '')]), 'shell': False}
[0.119853] (-) TimerEvent: {}
[0.121537] (arm_gazebo) JobProgress: {'identifier': 'arm_gazebo', 'progress': 'cmake'}
[0.127614] (arm_gazebo) JobProgress: {'identifier': 'arm_gazebo', 'progress': 'build'}
[0.133608] (arm_gazebo) Command: {'cmd': ['/usr/bin/cmake', '--build', '/home/shrey/ros2_ws/build/arm_gazebo', '--', '-j12', '-l12'], 'cwd': '/home/shrey/ros2_ws/build/arm_gazebo', 'env': OrderedDict([('USER', 'shrey'), ('SHLVL', '1'), ('LIBGL_ALWAYS_SOFTWARE', '1'), ('LD_LIBRARY_PATH', '/usr/lib/x86_64-linux-gnu/gazebo-11/plugins:/opt/ros/humble/opt/rviz_ogre_vendor/lib:/opt/ros/humble/lib/x86_64-linux-gnu:/opt/ros/humble/lib:/usr/lib/x86_64-linux-gnu/gazebo-11/plugins::/usr/lib/x86_64-linux-gnu/gazebo-11:/usr/lib/x86_64-linux-gnu/gazebo-11/plugins:/usr/lib/x86_64-linux-gnu/gazebo-11/plugins:/usr/lib/x86_64-linux-gnu/gazebo-11/plugins:/usr/lib/x86_64-linux-gnu/gazebo-11:/usr/lib/x86_64-linux-gnu/gazebo-11/plugins:/usr/lib/x86_64-linux-gnu/gazebo-11/plugins:/usr/lib/x86_64-linux-gnu/gazebo-11/plugins:/usr/lib/x86_64-linux-gnu/gazebo-11'), ('HOME', '/home/shrey'), ('OLDPWD', '/home/shrey/ros2_ws/src'), ('GAZEBO_MASTER_URI', 'http://localhost:11345'), ('ROS_PYTHON_VERSION', '3'), ('DBUS_SESSION_BUS_ADDRESS', 'unix:path=/run/user/1000/bus'), ('WSL_DISTRO_NAME', 'Ubuntu-22.04'), ('WAYLAND_DISPLAY', 'wayland-0'), ('COLCON_PREFIX_PATH', '/home/shrey/ros2_ws/install'), ('ROS_DISTRO', 'humble'), ('LOGNAME', 'shrey'), ('NAME', 'LAPTOP-NF81MTHA'), ('WSL_INTEROP', '/run/WSL/394_interop'), ('PULSE_SERVER', 'unix:/mnt/wslg/PulseServer'), ('_', '/usr/bin/colcon'), ('ROS_VERSION', '2'), ('TERM', 'xterm-256color'), ('GAZEBO_MODEL_PATH', '/usr/share/gazebo-11/models'), ('ROS_LOCALHOST_ONLY', '0'), ('OGRE_RESOURCE_PATH', '/usr/lib/x86_64-linux-gnu/OGRE-1.9.0'), ('PATH', '/usr/bin:/usr/bin:/usr/bin:/opt/ros/humble/bin:/usr/local/sbin:/usr/local/bin:/usr/sbin:/usr/bin:/sbin:/bin:/usr/games:/usr/local/games:/usr/lib/wsl/lib:/mnt/c/Program Files/Common Files/Oracle/Java/javapath:/mnt/c/oraclexe/app/oracle/product/10.2.0/server/bin:/mnt/c/Python312/Scripts/:/mnt/c/Python312/:/mnt/c/Python311/Scripts/:/mnt/c/Python311/:/mnt/c/WINDOWS/system32:/mnt/c/WINDOWS:/mnt/c/WINDOWS/System32/Wbem:/mnt/c/WINDOWS/System32/WindowsPowerShell/v1.0/:/mnt/c/WINDOWS/System32/OpenSSH/:/mnt/c/Program Files (x86)/Microsoft SQL Server/160/Tools/Binn/:/mnt/c/Program Files/Microsoft SQL Server/160/Tools/Binn/:/mnt/c/Program Files/Microsoft SQL Server/Client SDK/ODBC/170/Tools/Binn/:/mnt/c/Program Files/Microsoft SQL Server/160/DTS/Binn/:/mnt/c/ProgramData/chocolatey/bin:/mnt/c/Program Files/nodejs/:/mnt/c/Program Files/nodejs:/mnt/c/Program Files/Docker/Docker/resources/bin:/mnt/c/Users/shrey/Documents/A13/apache-maven-3.9.9-bin/apache-maven-3.9.9/bin:/mnt/c/Program Files/Java/jdk-21/bin:/mnt/c/apache-maven-3.9.9/bin:/mnt/c/Users/shrey/AppData/Local/Microsoft/WindowsApps:/mnt/c/Users/shrey/AppData/Local/Programs/Microsoft VS Code/bin:/mnt/c/Program Files (x86)/MinGW/bin:/mnt/c/Users/shrey/Documents/mongosh-1.10.5-win32-x64/mongosh-1.10.5-win32-x64/bin:/mnt/c/Users/shrey/AppData/Roaming/npm:/mnt/c/Program Files/Git/bin:/mnt/c/Program Files/JetBrains/PyCharm 2023.3.3/bin:/mnt/c/Program Files/JetBrains/PyCharm Community Edition 2023.3.3/bin:/mnt/c/Program Files/JetBrains/IntelliJ IDEA Community Edition 2023.3.4/bin:/snap/bin:/usr/bin:/usr/lib/x86_64-linux-gnu/gazebo-11:/usr/bin:/usr/lib/x86_64-linux-gnu/gazebo-11:/usr/bin:/usr/lib/x86_64-linux-gnu/gazebo-11'), ('XDG_RUNTIME_DIR', '/run/user/1000/'), ('DISPLAY', ':0'), ('LANG', 'en_US.UTF-8'), ('AMENT_PREFIX_PATH', '/home/shrey/ros2_ws/install/arm_gazebo:/home/shrey/ros2_ws/install/arm_description:/opt/ros/humble'), ('SHELL', '/bin/bash'), ('GAZEBO_RESOURCE_PATH', '/usr/share/gazebo-11'), ('GAZEBO_MODEL_DATABASE_URI', 'http://models.gazebosim.org'), ('PWD', '/home/shrey/ros2_ws/build/arm_gazebo'), ('GAZEBO_PLUGIN_PATH', '/usr/lib/x86_64-linux-gnu/gazebo-11/plugins:/usr/lib/x86_64-linux-gnu/gazebo-11/plugins'), ('XDG_DATA_DIRS', '/usr/local/share:/usr/share:/var/lib/snapd/desktop'), ('PYTHONPATH', '/opt/ros/humble/lib/python3.10/site-packages:/opt/ros/humble/local/lib/python3.10/dist-packages'), ('COLCON', '1'), ('WSL2_GUI_APPS_ENABLED', '1'), ('HOSTTYPE', 'x86_64'), ('CMAKE_PREFIX_PATH', '/home/shrey/ros2_ws/install/arm_gazebo:/home/shrey/ros2_ws/install/arm_description:/opt/ros/humble'), ('WSLENV', '')]), 'shell': False}
[0.220541] (-) TimerEvent: {}
[0.321762] (-) TimerEvent: {}
[0.333074] (arm_gazebo) CommandEnded: {'returncode': 0}
[0.337382] (arm_gazebo) JobProgress: {'identifier': 'arm_gazebo', 'progress': 'install'}
[0.361449] (arm_gazebo) Command: {'cmd': ['/usr/bin/cmake', '--install', '/home/shrey/ros2_ws/build/arm_gazebo'], 'cwd': '/home/shrey/ros2_ws/build/arm_gazebo', 'env': OrderedDict([('USER', 'shrey'), ('SHLVL', '1'), ('LIBGL_ALWAYS_SOFTWARE', '1'), ('LD_LIBRARY_PATH', '/usr/lib/x86_64-linux-gnu/gazebo-11/plugins:/opt/ros/humble/opt/rviz_ogre_vendor/lib:/opt/ros/humble/lib/x86_64-linux-gnu:/opt/ros/humble/lib:/usr/lib/x86_64-linux-gnu/gazebo-11/plugins::/usr/lib/x86_64-linux-gnu/gazebo-11:/usr/lib/x86_64-linux-gnu/gazebo-11/plugins:/usr/lib/x86_64-linux-gnu/gazebo-11/plugins:/usr/lib/x86_64-linux-gnu/gazebo-11/plugins:/usr/lib/x86_64-linux-gnu/gazebo-11:/usr/lib/x86_64-linux-gnu/gazebo-11/plugins:/usr/lib/x86_64-linux-gnu/gazebo-11/plugins:/usr/lib/x86_64-linux-gnu/gazebo-11/plugins:/usr/lib/x86_64-linux-gnu/gazebo-11'), ('HOME', '/home/shrey'), ('OLDPWD', '/home/shrey/ros2_ws/src'), ('GAZEBO_MASTER_URI', 'http://localhost:11345'), ('ROS_PYTHON_VERSION', '3'), ('DBUS_SESSION_BUS_ADDRESS', 'unix:path=/run/user/1000/bus'), ('WSL_DISTRO_NAME', 'Ubuntu-22.04'), ('WAYLAND_DISPLAY', 'wayland-0'), ('COLCON_PREFIX_PATH', '/home/shrey/ros2_ws/install'), ('ROS_DISTRO', 'humble'), ('LOGNAME', 'shrey'), ('NAME', 'LAPTOP-NF81MTHA'), ('WSL_INTEROP', '/run/WSL/394_interop'), ('PULSE_SERVER', 'unix:/mnt/wslg/PulseServer'), ('_', '/usr/bin/colcon'), ('ROS_VERSION', '2'), ('TERM', 'xterm-256color'), ('GAZEBO_MODEL_PATH', '/usr/share/gazebo-11/models'), ('ROS_LOCALHOST_ONLY', '0'), ('OGRE_RESOURCE_PATH', '/usr/lib/x86_64-linux-gnu/OGRE-1.9.0'), ('PATH', '/usr/bin:/usr/bin:/usr/bin:/opt/ros/humble/bin:/usr/local/sbin:/usr/local/bin:/usr/sbin:/usr/bin:/sbin:/bin:/usr/games:/usr/local/games:/usr/lib/wsl/lib:/mnt/c/Program Files/Common Files/Oracle/Java/javapath:/mnt/c/oraclexe/app/oracle/product/10.2.0/server/bin:/mnt/c/Python312/Scripts/:/mnt/c/Python312/:/mnt/c/Python311/Scripts/:/mnt/c/Python311/:/mnt/c/WINDOWS/system32:/mnt/c/WINDOWS:/mnt/c/WINDOWS/System32/Wbem:/mnt/c/WINDOWS/System32/WindowsPowerShell/v1.0/:/mnt/c/WINDOWS/System32/OpenSSH/:/mnt/c/Program Files (x86)/Microsoft SQL Server/160/Tools/Binn/:/mnt/c/Program Files/Microsoft SQL Server/160/Tools/Binn/:/mnt/c/Program Files/Microsoft SQL Server/Client SDK/ODBC/170/Tools/Binn/:/mnt/c/Program Files/Microsoft SQL Server/160/DTS/Binn/:/mnt/c/ProgramData/chocolatey/bin:/mnt/c/Program Files/nodejs/:/mnt/c/Program Files/nodejs:/mnt/c/Program Files/Docker/Docker/resources/bin:/mnt/c/Users/shrey/Documents/A13/apache-maven-3.9.9-bin/apache-maven-3.9.9/bin:/mnt/c/Program Files/Java/jdk-21/bin:/mnt/c/apache-maven-3.9.9/bin:/mnt/c/Users/shrey/AppData/Local/Microsoft/WindowsApps:/mnt/c/Users/shrey/AppData/Local/Programs/Microsoft VS Code/bin:/mnt/c/Program Files (x86)/MinGW/bin:/mnt/c/Users/shrey/Documents/mongosh-1.10.5-win32-x64/mongosh-1.10.5-win32-x64/bin:/mnt/c/Users/shrey/AppData/Roaming/npm:/mnt/c/Program Files/Git/bin:/mnt/c/Program Files/JetBrains/PyCharm 2023.3.3/bin:/mnt/c/Program Files/JetBrains/PyCharm Community Edition 2023.3.3/bin:/mnt/c/Program Files/JetBrains/IntelliJ IDEA Community Edition 2023.3.4/bin:/snap/bin:/usr/bin:/usr/lib/x86_64-linux-gnu/gazebo-11:/usr/bin:/usr/lib/x86_64-linux-gnu/gazebo-11:/usr/bin:/usr/lib/x86_64-linux-gnu/gazebo-11'), ('XDG_RUNTIME_DIR', '/run/user/1000/'), ('DISPLAY', ':0'), ('LANG', 'en_US.UTF-8'), ('AMENT_PREFIX_PATH', '/home/shrey/ros2_ws/install/arm_gazebo:/home/shrey/ros2_ws/install/arm_description:/opt/ros/humble'), ('SHELL', '/bin/bash'), ('GAZEBO_RESOURCE_PATH', '/usr/share/gazebo-11'), ('GAZEBO_MODEL_DATABASE_URI', 'http://models.gazebosim.org'), ('PWD', '/home/shrey/ros2_ws/build/arm_gazebo'), ('GAZEBO_PLUGIN_PATH', '/usr/lib/x86_64-linux-gnu/gazebo-11/plugins:/usr/lib/x86_64-linux-gnu/gazebo-11/plugins'), ('XDG_DATA_DIRS', '/usr/local/share:/usr/share:/var/lib/snapd/desktop'), ('PYTHONPATH', '/opt/ros/humble/lib/python3.10/site-packages:/opt/ros/humble/local/lib/python3.10/dist-packages'), ('COLCON', '1'), ('WSL2_GUI_APPS_ENABLED', '1'), ('HOSTTYPE', 'x86_64'), ('CMAKE_PREFIX_PATH', '/home/shrey/ros2_ws/install/arm_gazebo:/home/shrey/ros2_ws/install/arm_description:/opt/ros/humble'), ('WSLENV', '')]), 'shell': False}
[0.369191] (arm_description) CommandEnded: {'returncode': 0}
[0.374048] (arm_description) JobProgress: {'identifier': 'arm_description', 'progress': 'install'}
[0.376871] (arm_description) Command: {'cmd': ['/usr/bin/cmake', '--install', '/home/shrey/ros2_ws/build/arm_description'], 'cwd': '/home/shrey/ros2_ws/build/arm_description', 'env': OrderedDict([('USER', 'shrey'), ('SHLVL', '1'), ('LIBGL_ALWAYS_SOFTWARE', '1'), ('LD_LIBRARY_PATH', '/usr/lib/x86_64-linux-gnu/gazebo-11/plugins:/opt/ros/humble/opt/rviz_ogre_vendor/lib:/opt/ros/humble/lib/x86_64-linux-gnu:/opt/ros/humble/lib:/usr/lib/x86_64-linux-gnu/gazebo-11/plugins::/usr/lib/x86_64-linux-gnu/gazebo-11:/usr/lib/x86_64-linux-gnu/gazebo-11/plugins:/usr/lib/x86_64-linux-gnu/gazebo-11/plugins:/usr/lib/x86_64-linux-gnu/gazebo-11/plugins:/usr/lib/x86_64-linux-gnu/gazebo-11:/usr/lib/x86_64-linux-gnu/gazebo-11/plugins:/usr/lib/x86_64-linux-gnu/gazebo-11/plugins:/usr/lib/x86_64-linux-gnu/gazebo-11/plugins:/usr/lib/x86_64-linux-gnu/gazebo-11'), ('HOME', '/home/shrey'), ('OLDPWD', '/home/shrey/ros2_ws/src'), ('GAZEBO_MASTER_URI', 'http://localhost:11345'), ('ROS_PYTHON_VERSION', '3'), ('DBUS_SESSION_BUS_ADDRESS', 'unix:path=/run/user/1000/bus'), ('WSL_DISTRO_NAME', 'Ubuntu-22.04'), ('WAYLAND_DISPLAY', 'wayland-0'), ('COLCON_PREFIX_PATH', '/home/shrey/ros2_ws/install'), ('ROS_DISTRO', 'humble'), ('LOGNAME', 'shrey'), ('NAME', 'LAPTOP-NF81MTHA'), ('WSL_INTEROP', '/run/WSL/394_interop'), ('PULSE_SERVER', 'unix:/mnt/wslg/PulseServer'), ('_', '/usr/bin/colcon'), ('ROS_VERSION', '2'), ('TERM', 'xterm-256color'), ('GAZEBO_MODEL_PATH', '/usr/share/gazebo-11/models'), ('ROS_LOCALHOST_ONLY', '0'), ('OGRE_RESOURCE_PATH', '/usr/lib/x86_64-linux-gnu/OGRE-1.9.0'), ('PATH', '/usr/bin:/usr/bin:/usr/bin:/opt/ros/humble/bin:/usr/local/sbin:/usr/local/bin:/usr/sbin:/usr/bin:/sbin:/bin:/usr/games:/usr/local/games:/usr/lib/wsl/lib:/mnt/c/Program Files/Common Files/Oracle/Java/javapath:/mnt/c/oraclexe/app/oracle/product/10.2.0/server/bin:/mnt/c/Python312/Scripts/:/mnt/c/Python312/:/mnt/c/Python311/Scripts/:/mnt/c/Python311/:/mnt/c/WINDOWS/system32:/mnt/c/WINDOWS:/mnt/c/WINDOWS/System32/Wbem:/mnt/c/WINDOWS/System32/WindowsPowerShell/v1.0/:/mnt/c/WINDOWS/System32/OpenSSH/:/mnt/c/Program Files (x86)/Microsoft SQL Server/160/Tools/Binn/:/mnt/c/Program Files/Microsoft SQL Server/160/Tools/Binn/:/mnt/c/Program Files/Microsoft SQL Server/Client SDK/ODBC/170/Tools/Binn/:/mnt/c/Program Files/Microsoft SQL Server/160/DTS/Binn/:/mnt/c/ProgramData/chocolatey/bin:/mnt/c/Program Files/nodejs/:/mnt/c/Program Files/nodejs:/mnt/c/Program Files/Docker/Docker/resources/bin:/mnt/c/Users/shrey/Documents/A13/apache-maven-3.9.9-bin/apache-maven-3.9.9/bin:/mnt/c/Program Files/Java/jdk-21/bin:/mnt/c/apache-maven-3.9.9/bin:/mnt/c/Users/shrey/AppData/Local/Microsoft/WindowsApps:/mnt/c/Users/shrey/AppData/Local/Programs/Microsoft VS Code/bin:/mnt/c/Program Files (x86)/MinGW/bin:/mnt/c/Users/shrey/Documents/mongosh-1.10.5-win32-x64/mongosh-1.10.5-win32-x64/bin:/mnt/c/Users/shrey/AppData/Roaming/npm:/mnt/c/Program Files/Git/bin:/mnt/c/Program Files/JetBrains/PyCharm 2023.3.3/bin:/mnt/c/Program Files/JetBrains/PyCharm Community Edition 2023.3.3/bin:/mnt/c/Program Files/JetBrains/IntelliJ IDEA Community Edition 2023.3.4/bin:/snap/bin:/usr/bin:/usr/lib/x86_64-linux-gnu/gazebo-11:/usr/bin:/usr/lib/x86_64-linux-gnu/gazebo-11:/usr/bin:/usr/lib/x86_64-linux-gnu/gazebo-11'), ('XDG_RUNTIME_DIR', '/run/user/1000/'), ('DISPLAY', ':0'), ('LANG', 'en_US.UTF-8'), ('AMENT_PREFIX_PATH', '/home/shrey/ros2_ws/install/arm_gazebo:/home/shrey/ros2_ws/install/arm_description:/opt/ros/humble'), ('SHELL', '/bin/bash'), ('GAZEBO_RESOURCE_PATH', '/usr/share/gazebo-11'), ('GAZEBO_MODEL_DATABASE_URI', 'http://models.gazebosim.org'), ('PWD', '/home/shrey/ros2_ws/build/arm_description'), ('GAZEBO_PLUGIN_PATH', '/usr/lib/x86_64-linux-gnu/gazebo-11/plugins:/usr/lib/x86_64-linux-gnu/gazebo-11/plugins'), ('XDG_DATA_DIRS', '/usr/local/share:/usr/share:/var/lib/snapd/desktop'), ('PYTHONPATH', '/opt/ros/humble/lib/python3.10/site-packages:/opt/ros/humble/local/lib/python3.10/dist-packages'), ('COLCON', '1'), ('WSL2_GUI_APPS_ENABLED', '1'), ('HOSTTYPE', 'x86_64'), ('CMAKE_PREFIX_PATH', '/home/shrey/ros2_ws/install/arm_gazebo:/home/shrey/ros2_ws/install/arm_description:/opt/ros/humble'), ('WSLENV', '')]), 'shell': False}
[0.378939] (arm_gazebo) StdoutLine: {'line': b'-- Install configuration: ""\n'}
[0.383322] (arm_gazebo) StdoutLine: {'line': b'-- Up-to-date: /home/shrey/ros2_ws/install/arm_gazebo/share/arm_gazebo/launch\n'}
[0.383634] (arm_gazebo) StdoutLine: {'line': b'-- Up-to-date: /home/shrey/ros2_ws/install/arm_gazebo/share/arm_gazebo/launch/arm_world.launch.py\n'}
[0.383770] (arm_gazebo) StdoutLine: {'line': b'-- Up-to-date: /home/shrey/ros2_ws/install/arm_gazebo/share/ament_index/resource_index/package_run_dependencies/arm_gazebo\n'}
[0.383887] (arm_gazebo) StdoutLine: {'line': b'-- Up-to-date: /home/shrey/ros2_ws/install/arm_gazebo/share/ament_index/resource_index/parent_prefix_path/arm_gazebo\n'}
[0.384092] (arm_gazebo) StdoutLine: {'line': b'-- Up-to-date: /home/shrey/ros2_ws/install/arm_gazebo/share/arm_gazebo/environment/ament_prefix_path.sh\n'}
[0.384216] (arm_gazebo) StdoutLine: {'line': b'-- Up-to-date: /home/shrey/ros2_ws/install/arm_gazebo/share/arm_gazebo/environment/ament_prefix_path.dsv\n'}
[0.385137] (arm_gazebo) StdoutLine: {'line': b'-- Up-to-date: /home/shrey/ros2_ws/install/arm_gazebo/share/arm_gazebo/environment/path.sh\n'}
[0.385603] (arm_gazebo) StdoutLine: {'line': b'-- Up-to-date: /home/shrey/ros2_ws/install/arm_gazebo/share/arm_gazebo/environment/path.dsv\n'}
[0.386174] (arm_gazebo) StdoutLine: {'line': b'-- Up-to-date: /home/shrey/ros2_ws/install/arm_gazebo/share/arm_gazebo/local_setup.bash\n'}
[0.386540] (arm_gazebo) StdoutLine: {'line': b'-- Up-to-date: /home/shrey/ros2_ws/install/arm_gazebo/share/arm_gazebo/local_setup.sh\n'}
[0.387019] (arm_gazebo) StdoutLine: {'line': b'-- Up-to-date: /home/shrey/ros2_ws/install/arm_gazebo/share/arm_gazebo/local_setup.zsh\n'}
[0.387559] (arm_gazebo) StdoutLine: {'line': b'-- Up-to-date: /home/shrey/ros2_ws/install/arm_gazebo/share/arm_gazebo/local_setup.dsv\n'}
[0.388245] (arm_gazebo) StdoutLine: {'line': b'-- Installing: /home/shrey/ros2_ws/install/arm_gazebo/share/arm_gazebo/package.dsv\n'}
[0.388844] (arm_gazebo) StdoutLine: {'line': b'-- Up-to-date: /home/shrey/ros2_ws/install/arm_gazebo/share/ament_index/resource_index/packages/arm_gazebo\n'}
[0.390920] (arm_gazebo) StdoutLine: {'line': b'-- Up-to-date: /home/shrey/ros2_ws/install/arm_gazebo/share/arm_gazebo/cmake/arm_gazeboConfig.cmake\n'}
[0.391530] (arm_gazebo) StdoutLine: {'line': b'-- Up-to-date: /home/shrey/ros2_ws/install/arm_gazebo/share/arm_gazebo/cmake/arm_gazeboConfig-version.cmake\n'}
[0.392056] (arm_gazebo) StdoutLine: {'line': b'-- Up-to-date: /home/shrey/ros2_ws/install/arm_gazebo/share/arm_gazebo/package.xml\n'}
[0.395091] (arm_gazebo) CommandEnded: {'returncode': 0}
[0.397983] (arm_description) StdoutLine: {'line': b'-- Install configuration: ""\n'}
[0.401981] (arm_description) StdoutLine: {'line': b'-- Execute custom install script\n'}
[0.403397] (arm_description) StdoutLine: {'line': b'-- Up-to-date symlink: /home/shrey/ros2_ws/install/arm_description/share/arm_description//launch/display.launch.py\n'}
[0.404925] (arm_description) StdoutLine: {'line': b'-- Up-to-date symlink: /home/shrey/ros2_ws/install/arm_description/share/arm_description//urdf/arm.urdf\n'}
[0.407328] (arm_description) StdoutLine: {'line': b'-- Up-to-date symlink: /home/shrey/ros2_ws/install/arm_description/share/arm_description//urdf/arm.urdf.xacro\n'}
[0.408788] (arm_description) StdoutLine: {'line': b'-- Up-to-date symlink: /home/shrey/ros2_ws/install/arm_description/share/arm_description//urdf/arm_hardware_interface.xacro\n'}
[0.410463] (arm_description) StdoutLine: {'line': b'-- Up-to-date symlink: /home/shrey/ros2_ws/install/arm_description/share/ament_index/resource_index/package_run_dependencies/arm_description\n'}
[0.411358] (arm_description) StdoutLine: {'line': b'-- Up-to-date symlink: /home/shrey/ros2_ws/install/arm_description/share/ament_index/resource_index/parent_prefix_path/arm_description\n'}
[0.412565] (arm_description) StdoutLine: {'line': b'-- Up-to-date symlink: /home/shrey/ros2_ws/install/arm_description/share/arm_description/environment/ament_prefix_path.sh\n'}
[0.413161] (arm_description) StdoutLine: {'line': b'-- Up-to-date symlink: /home/shrey/ros2_ws/install/arm_description/share/arm_description/environment/ament_prefix_path.dsv\n'}
[0.415323] (arm_description) StdoutLine: {'line': b'-- Up-to-date symlink: /home/shrey/ros2_ws/install/arm_description/share/arm_description/environment/path.sh\n'}
[0.416253] (arm_description) StdoutLine: {'line': b'-- Up-to-date symlink: /home/shrey/ros2_ws/install/arm_description/share/arm_description/environment/path.dsv\n'}
[0.417290] (arm_description) StdoutLine: {'line': b'-- Up-to-date symlink: /home/shrey/ros2_ws/install/arm_description/share/arm_description/local_setup.bash\n'}
[0.418017] (arm_description) StdoutLine: {'line': b'-- Up-to-date symlink: /home/shrey/ros2_ws/install/arm_description/share/arm_description/local_setup.sh\n'}
[0.419463] (arm_description) StdoutLine: {'line': b'-- Up-to-date symlink: /home/shrey/ros2_ws/install/arm_description/share/arm_description/local_setup.zsh\n'}
[0.419932] (arm_description) StdoutLine: {'line': b'-- Up-to-date symlink: /home/shrey/ros2_ws/install/arm_description/share/arm_description/local_setup.dsv\n'}
[0.420777] (arm_description) StdoutLine: {'line': b'-- Symlinking: /home/shrey/ros2_ws/install/arm_description/share/arm_description/package.dsv\n'}
[0.422351] (-) TimerEvent: {}
[0.445324] (arm_description) StdoutLine: {'line': b'-- Up-to-date symlink: /home/shrey/ros2_ws/install/arm_description/share/ament_index/resource_index/packages/arm_description\n'}
[0.446495] (arm_description) StdoutLine: {'line': b'-- Up-to-date symlink: /home/shrey/ros2_ws/install/arm_description/share/arm_description/cmake/arm_descriptionConfig.cmake\n'}
[0.447851] (arm_description) StdoutLine: {'line': b'-- Up-to-date symlink: /home/shrey/ros2_ws/install/arm_description/share/arm_description/cmake/arm_descriptionConfig-version.cmake\n'}
[0.448617] (arm_description) StdoutLine: {'line': b'-- Up-to-date symlink: /home/shrey/ros2_ws/install/arm_description/share/arm_description/package.xml\n'}
[0.493336] (arm_gazebo) JobEnded: {'identifier': 'arm_gazebo', 'rc': 0}
[0.500959] (arm_description) CommandEnded: {'returncode': 0}
[0.522684] (-) TimerEvent: {}
[0.549353] (arm_description) JobEnded: {'identifier': 'arm_description', 'rc': 0}
[0.624627] (-) TimerEvent: {}
[0.730717] (-) TimerEvent: {}
[0.833072] (-) TimerEvent: {}
[0.881828] (arm_controller) StdoutLine: {'line': b'-- The C compiler identification is GNU 11.4.0\n'}
[0.936147] (-) TimerEvent: {}
[1.037339] (-) TimerEvent: {}
[1.138589] (-) TimerEvent: {}
[1.239726] (-) TimerEvent: {}
[1.341322] (-) TimerEvent: {}
[1.442559] (-) TimerEvent: {}
[1.543338] (-) TimerEvent: {}
[1.644345] (-) TimerEvent: {}
[1.745318] (-) TimerEvent: {}
[1.846967] (-) TimerEvent: {}
[1.947970] (-) TimerEvent: {}
[2.049142] (-) TimerEvent: {}
[2.150990] (-) TimerEvent: {}
[2.252229] (-) TimerEvent: {}
[2.353069] (-) TimerEvent: {}
[2.454871] (-) TimerEvent: {}
[2.561190] (-) TimerEvent: {}
[2.665055] (-) TimerEvent: {}
[2.702836] (arm_controller) StdoutLine: {'line': b'-- The CXX compiler identification is GNU 11.4.0\n'}
[2.766584] (-) TimerEvent: {}
[2.872860] (-) TimerEvent: {}
[2.974002] (-) TimerEvent: {}
[3.075305] (-) TimerEvent: {}
[3.176404] (-) TimerEvent: {}
[3.277718] (-) TimerEvent: {}
[3.378935] (-) TimerEvent: {}
[3.480313] (-) TimerEvent: {}
[3.581658] (-) TimerEvent: {}
[3.683018] (-) TimerEvent: {}
[3.784183] (-) TimerEvent: {}
[3.885434] (-) TimerEvent: {}
[3.969109] (arm_controller) StdoutLine: {'line': b'-- Detecting C compiler ABI info\n'}
[3.985974] (-) TimerEvent: {}
[4.086959] (-) TimerEvent: {}
[4.187870] (-) TimerEvent: {}
[4.289004] (-) TimerEvent: {}
[4.390072] (-) TimerEvent: {}
[4.476238] (arm_controller) StdoutLine: {'line': b'-- Detecting C compiler ABI info - done\n'}
[4.490766] (-) TimerEvent: {}
[4.493183] (arm_controller) StdoutLine: {'line': b'-- Check for working C compiler: /usr/bin/cc - skipped\n'}
[4.503629] (arm_controller) StdoutLine: {'line': b'-- Detecting C compile features\n'}
[4.505206] (arm_controller) StdoutLine: {'line': b'-- Detecting C compile features - done\n'}
[4.515660] (arm_controller) StdoutLine: {'line': b'-- Detecting CXX compiler ABI info\n'}
[4.591499] (-) TimerEvent: {}
[4.692433] (-) TimerEvent: {}
[4.793761] (-) TimerEvent: {}
[4.898240] (-) TimerEvent: {}
[5.004575] (-) TimerEvent: {}
[5.070840] (arm_controller) StdoutLine: {'line': b'-- Detecting CXX compiler ABI info - done\n'}
[5.088967] (arm_controller) StdoutLine: {'line': b'-- Check for working CXX compiler: /usr/bin/c++ - skipped\n'}
[5.089899] (arm_controller) StdoutLine: {'line': b'-- Detecting CXX compile features\n'}
[5.090471] (arm_controller) StdoutLine: {'line': b'-- Detecting CXX compile features - done\n'}
[5.104943] (-) TimerEvent: {}
[5.141352] (arm_controller) StdoutLine: {'line': b'-- Found ament_cmake: 1.3.11 (/opt/ros/humble/share/ament_cmake/cmake)\n'}
[5.205300] (-) TimerEvent: {}
[5.306528] (-) TimerEvent: {}
[5.412830] (-) TimerEvent: {}
[5.516759] (-) TimerEvent: {}
[5.623139] (-) TimerEvent: {}
[5.729386] (-) TimerEvent: {}
[5.835486] (-) TimerEvent: {}
[5.941047] (-) TimerEvent: {}
[6.047161] (-) TimerEvent: {}
[6.136538] (arm_controller) StdoutLine: {'line': b'-- Found Python3: /usr/bin/python3 (found version "3.10.12") found components: Interpreter \n'}
[6.147919] (-) TimerEvent: {}
[6.249047] (-) TimerEvent: {}
[6.351550] (-) TimerEvent: {}
[6.437508] (arm_controller) StdoutLine: {'line': b'-- Found rclcpp: 16.0.11 (/opt/ros/humble/share/rclcpp/cmake)\n'}
[6.452465] (-) TimerEvent: {}
[6.553748] (-) TimerEvent: {}
[6.654937] (-) TimerEvent: {}
[6.755732] (-) TimerEvent: {}
[6.856510] (-) TimerEvent: {}
[6.957348] (-) TimerEvent: {}
[7.058273] (-) TimerEvent: {}
[7.159208] (-) TimerEvent: {}
[7.185956] (arm_controller) StdoutLine: {'line': b'-- Found rosidl_generator_c: 3.1.6 (/opt/ros/humble/share/rosidl_generator_c/cmake)\n'}
[7.213013] (arm_controller) StdoutLine: {'line': b'-- Found rosidl_adapter: 3.1.6 (/opt/ros/humble/share/rosidl_adapter/cmake)\n'}
[7.254827] (arm_controller) StdoutLine: {'line': b'-- Found rosidl_generator_cpp: 3.1.6 (/opt/ros/humble/share/rosidl_generator_cpp/cmake)\n'}
[7.259696] (-) TimerEvent: {}
[7.324582] (arm_controller) StdoutLine: {'line': b'-- Using all available rosidl_typesupport_c: rosidl_typesupport_fastrtps_c;rosidl_typesupport_introspection_c\n'}
[7.360358] (-) TimerEvent: {}
[7.406477] (arm_controller) StdoutLine: {'line': b'-- Using all available rosidl_typesupport_cpp: rosidl_typesupport_fastrtps_cpp;rosidl_typesupport_introspection_cpp\n'}
[7.461487] (-) TimerEvent: {}
[7.562982] (-) TimerEvent: {}
[7.636586] (arm_controller) StdoutLine: {'line': b'-- Found rmw_implementation_cmake: 6.1.2 (/opt/ros/humble/share/rmw_implementation_cmake/cmake)\n'}
[7.650756] (arm_controller) StdoutLine: {'line': b'-- Found rmw_fastrtps_cpp: 6.2.7 (/opt/ros/humble/share/rmw_fastrtps_cpp/cmake)\n'}
[7.663815] (-) TimerEvent: {}
[7.769583] (-) TimerEvent: {}
[7.871194] (-) TimerEvent: {}
[7.972330] (-) TimerEvent: {}
[8.073747] (-) TimerEvent: {}
[8.174916] (-) TimerEvent: {}
[8.276159] (-) TimerEvent: {}
[8.377661] (-) TimerEvent: {}
[8.478591] (-) TimerEvent: {}
[8.579479] (-) TimerEvent: {}
[8.680523] (-) TimerEvent: {}
[8.781647] (-) TimerEvent: {}
[8.882833] (-) TimerEvent: {}
[8.984018] (-) TimerEvent: {}
[9.085469] (-) TimerEvent: {}
[9.186915] (-) TimerEvent: {}
[9.292761] (-) TimerEvent: {}
[9.393922] (-) TimerEvent: {}
[9.499590] (-) TimerEvent: {}
[9.605334] (-) TimerEvent: {}
[9.709452] (-) TimerEvent: {}
[9.815158] (-) TimerEvent: {}
[9.917200] (-) TimerEvent: {}
[10.022981] (-) TimerEvent: {}
[10.128637] (-) TimerEvent: {}
[10.233618] (-) TimerEvent: {}
[10.334391] (-) TimerEvent: {}
[10.435124] (-) TimerEvent: {}
[10.540840] (-) TimerEvent: {}
[10.645031] (-) TimerEvent: {}
[10.750723] (-) TimerEvent: {}
[10.856501] (-) TimerEvent: {}
[10.962409] (-) TimerEvent: {}
[11.068138] (-) TimerEvent: {}
[11.173883] (-) TimerEvent: {}
[11.275057] (-) TimerEvent: {}
[11.375884] (-) TimerEvent: {}
[11.477355] (-) TimerEvent: {}
[11.578816] (-) TimerEvent: {}
[11.680676] (-) TimerEvent: {}
[11.781891] (-) TimerEvent: {}
[11.883153] (-) TimerEvent: {}
[11.984760] (-) TimerEvent: {}
[12.086419] (-) TimerEvent: {}
[12.187805] (-) TimerEvent: {}
[12.288705] (-) TimerEvent: {}
[12.389781] (-) TimerEvent: {}
[12.490898] (-) TimerEvent: {}
[12.592022] (-) TimerEvent: {}
[12.692676] (-) TimerEvent: {}
[12.793460] (-) TimerEvent: {}
[12.831960] (arm_controller) StdoutLine: {'line': b'-- Found OpenSSL: /usr/lib/x86_64-linux-gnu/libcrypto.so (found version "3.0.2")  \n'}
[12.893716] (-) TimerEvent: {}
[12.994382] (-) TimerEvent: {}
[13.095102] (-) TimerEvent: {}
[13.196040] (-) TimerEvent: {}
[13.297379] (-) TimerEvent: {}
[13.398461] (-) TimerEvent: {}
[13.499598] (-) TimerEvent: {}
[13.601068] (-) TimerEvent: {}
[13.702099] (-) TimerEvent: {}
[13.803306] (-) TimerEvent: {}
[13.903983] (-) TimerEvent: {}
[14.004631] (-) TimerEvent: {}
[14.105387] (-) TimerEvent: {}
[14.206296] (-) TimerEvent: {}
[14.307122] (-) TimerEvent: {}
[14.408021] (-) TimerEvent: {}
[14.508853] (-) TimerEvent: {}
[14.609756] (-) TimerEvent: {}
[14.710839] (-) TimerEvent: {}
[14.811881] (-) TimerEvent: {}
[14.913100] (-) TimerEvent: {}
[15.014367] (-) TimerEvent: {}
[15.115701] (-) TimerEvent: {}
[15.216898] (-) TimerEvent: {}
[15.318158] (-) TimerEvent: {}
[15.419568] (-) TimerEvent: {}
[15.521063] (-) TimerEvent: {}
[15.622125] (-) TimerEvent: {}
[15.723360] (-) TimerEvent: {}
[15.824046] (-) TimerEvent: {}
[15.924664] (-) TimerEvent: {}
[16.027468] (-) TimerEvent: {}
[16.128495] (-) TimerEvent: {}
[16.229828] (-) TimerEvent: {}
[16.330851] (-) TimerEvent: {}
[16.431861] (-) TimerEvent: {}
[16.532905] (-) TimerEvent: {}
[16.634106] (-) TimerEvent: {}
[16.735509] (-) TimerEvent: {}
[16.836297] (-) TimerEvent: {}
[16.937536] (-) TimerEvent: {}
[17.038954] (-) TimerEvent: {}
[17.140417] (-) TimerEvent: {}
[17.241582] (-) TimerEvent: {}
[17.342223] (-) TimerEvent: {}
[17.443326] (-) TimerEvent: {}
[17.544148] (-) TimerEvent: {}
[17.645181] (-) TimerEvent: {}
[17.745850] (-) TimerEvent: {}
[17.846662] (-) TimerEvent: {}
[17.947474] (-) TimerEvent: {}
[18.048483] (-) TimerEvent: {}
[18.149476] (-) TimerEvent: {}
[18.250379] (-) TimerEvent: {}
[18.283180] (arm_controller) StdoutLine: {'line': b'-- Found FastRTPS: /opt/ros/humble/include  \n'}
[18.351008] (-) TimerEvent: {}
[18.452578] (-) TimerEvent: {}
[18.553681] (-) TimerEvent: {}
[18.654953] (-) TimerEvent: {}
[18.756052] (-) TimerEvent: {}
[18.857516] (-) TimerEvent: {}
[18.958536] (-) TimerEvent: {}
[19.059533] (-) TimerEvent: {}
[19.160714] (-) TimerEvent: {}
[19.261846] (-) TimerEvent: {}
[19.363036] (-) TimerEvent: {}
[19.464329] (-) TimerEvent: {}
[19.565585] (-) TimerEvent: {}
[19.666910] (-) TimerEvent: {}
[19.767723] (-) TimerEvent: {}
[19.868717] (-) TimerEvent: {}
[19.969710] (-) TimerEvent: {}
[20.071138] (-) TimerEvent: {}
[20.172316] (-) TimerEvent: {}
[20.273321] (-) TimerEvent: {}
[20.375402] (-) TimerEvent: {}
[20.480747] (-) TimerEvent: {}
[20.582446] (-) TimerEvent: {}
[20.683145] (-) TimerEvent: {}
[20.783783] (-) TimerEvent: {}
[20.884501] (-) TimerEvent: {}
[20.985378] (-) TimerEvent: {}
[21.086290] (-) TimerEvent: {}
[21.187198] (-) TimerEvent: {}
[21.288347] (-) TimerEvent: {}
[21.391074] (-) TimerEvent: {}
[21.494744] (-) TimerEvent: {}
[21.596059] (-) TimerEvent: {}
[21.697419] (-) TimerEvent: {}
[21.798994] (-) TimerEvent: {}
[21.900072] (-) TimerEvent: {}
[22.001109] (-) TimerEvent: {}
[22.102426] (-) TimerEvent: {}
[22.203296] (-) TimerEvent: {}
[22.304101] (-) TimerEvent: {}
[22.404848] (-) TimerEvent: {}
[22.505816] (-) TimerEvent: {}
[22.606714] (-) TimerEvent: {}
[22.707617] (-) TimerEvent: {}
[22.808521] (-) TimerEvent: {}
[22.909600] (-) TimerEvent: {}
[23.010623] (-) TimerEvent: {}
[23.111893] (-) TimerEvent: {}
[23.213776] (-) TimerEvent: {}
[23.319084] (-) TimerEvent: {}
[23.421480] (-) TimerEvent: {}
[23.526759] (-) TimerEvent: {}
[23.628079] (-) TimerEvent: {}
[23.729377] (-) TimerEvent: {}
[23.833258] (-) TimerEvent: {}
[23.938792] (-) TimerEvent: {}
[24.044228] (-) TimerEvent: {}
[24.149669] (-) TimerEvent: {}
[24.252621] (-) TimerEvent: {}
[24.353289] (-) TimerEvent: {}
[24.454399] (-) TimerEvent: {}
[24.555457] (-) TimerEvent: {}
[24.656552] (-) TimerEvent: {}
[24.757898] (-) TimerEvent: {}
[24.859285] (-) TimerEvent: {}
[24.961061] (-) TimerEvent: {}
[25.062390] (-) TimerEvent: {}
[25.163267] (-) TimerEvent: {}
[25.264294] (-) TimerEvent: {}
[25.365181] (-) TimerEvent: {}
[25.466152] (-) TimerEvent: {}
[25.567192] (-) TimerEvent: {}
[25.668279] (-) TimerEvent: {}
[25.771905] (-) TimerEvent: {}
[25.877198] (-) TimerEvent: {}
[25.982519] (-) TimerEvent: {}
[26.087808] (-) TimerEvent: {}
[26.192933] (-) TimerEvent: {}
[26.296028] (-) TimerEvent: {}
[26.401315] (-) TimerEvent: {}
[26.502143] (-) TimerEvent: {}
[26.603274] (-) TimerEvent: {}
[26.704254] (-) TimerEvent: {}
[26.805401] (-) TimerEvent: {}
[26.906597] (-) TimerEvent: {}
[27.007941] (-) TimerEvent: {}
[27.109127] (-) TimerEvent: {}
[27.210285] (-) TimerEvent: {}
[27.311450] (-) TimerEvent: {}
[27.412297] (-) TimerEvent: {}
[27.512906] (-) TimerEvent: {}
[27.613602] (-) TimerEvent: {}
[27.714510] (-) TimerEvent: {}
[27.815681] (-) TimerEvent: {}
[27.900194] (arm_controller) StdoutLine: {'line': b"-- Using RMW implementation 'rmw_fastrtps_cpp' as default\n"}
[27.916397] (-) TimerEvent: {}
[27.953145] (arm_controller) StdoutLine: {'line': b'-- Looking for pthread.h\n'}
[28.016823] (-) TimerEvent: {}
[28.117740] (-) TimerEvent: {}
[28.218656] (-) TimerEvent: {}
[28.320407] (-) TimerEvent: {}
[28.421776] (-) TimerEvent: {}
[28.454000] (arm_controller) StdoutLine: {'line': b'-- Looking for pthread.h - found\n'}
[28.455124] (arm_controller) StdoutLine: {'line': b'-- Performing Test CMAKE_HAVE_LIBC_PTHREAD\n'}
[28.522435] (-) TimerEvent: {}
[28.623113] (-) TimerEvent: {}
[28.724074] (-) TimerEvent: {}
[28.825005] (-) TimerEvent: {}
[28.926002] (-) TimerEvent: {}
[28.974710] (arm_controller) StdoutLine: {'line': b'-- Performing Test CMAKE_HAVE_LIBC_PTHREAD - Success\n'}
[28.977280] (arm_controller) StdoutLine: {'line': b'-- Found Threads: TRUE  \n'}
[29.026412] (-) TimerEvent: {}
[29.127162] (-) TimerEvent: {}
[29.192654] (arm_controller) StdoutLine: {'line': b'-- Found sensor_msgs: 4.2.4 (/opt/ros/humble/share/sensor_msgs/cmake)\n'}
[29.227644] (-) TimerEvent: {}
[29.324519] (arm_controller) StdoutLine: {'line': b'-- Found ament_lint_auto: 0.12.11 (/opt/ros/humble/share/ament_lint_auto/cmake)\n'}
[29.328093] (-) TimerEvent: {}
[29.428997] (-) TimerEvent: {}
[29.530135] (-) TimerEvent: {}
[29.564680] (arm_controller) StdoutLine: {'line': b"-- Added test 'cppcheck' to perform static code analysis on C / C++ code\n"}
[29.565080] (arm_controller) StdoutLine: {'line': b'-- Configured cppcheck include dirs: \n'}
[29.565252] (arm_controller) StdoutLine: {'line': b'-- Configured cppcheck exclude dirs and/or files: \n'}
[29.570131] (arm_controller) StdoutLine: {'line': b"-- Added test 'lint_cmake' to check CMake code style\n"}
[29.576282] (arm_controller) StdoutLine: {'line': b"-- Added test 'uncrustify' to check C / C++ code style\n"}
[29.576649] (arm_controller) StdoutLine: {'line': b'-- Configured uncrustify additional arguments: \n'}
[29.579756] (arm_controller) StdoutLine: {'line': b"-- Added test 'xmllint' to check XML markup files\n"}
[29.585579] (arm_controller) StdoutLine: {'line': b'-- Configuring done\n'}
[29.606152] (arm_controller) StdoutLine: {'line': b'-- Generating done\n'}
[29.613094] (arm_controller) StdoutLine: {'line': b'-- Build files have been written to: /home/shrey/ros2_ws/build/arm_controller\n'}
[29.630454] (arm_controller) CommandEnded: {'returncode': 0}
[29.631400] (-) TimerEvent: {}
[29.632911] (arm_controller) JobProgress: {'identifier': 'arm_controller', 'progress': 'build'}
[29.635760] (arm_controller) Command: {'cmd': ['/usr/bin/cmake', '--build', '/home/shrey/ros2_ws/build/arm_controller', '--', '-j12', '-l12'], 'cwd': '/home/shrey/ros2_ws/build/arm_controller', 'env': OrderedDict([('USER', 'shrey'), ('SHLVL', '1'), ('LIBGL_ALWAYS_SOFTWARE', '1'), ('LD_LIBRARY_PATH', '/usr/lib/x86_64-linux-gnu/gazebo-11/plugins:/opt/ros/humble/opt/rviz_ogre_vendor/lib:/opt/ros/humble/lib/x86_64-linux-gnu:/opt/ros/humble/lib:/usr/lib/x86_64-linux-gnu/gazebo-11/plugins::/usr/lib/x86_64-linux-gnu/gazebo-11:/usr/lib/x86_64-linux-gnu/gazebo-11/plugins:/usr/lib/x86_64-linux-gnu/gazebo-11/plugins:/usr/lib/x86_64-linux-gnu/gazebo-11/plugins:/usr/lib/x86_64-linux-gnu/gazebo-11:/usr/lib/x86_64-linux-gnu/gazebo-11/plugins:/usr/lib/x86_64-linux-gnu/gazebo-11/plugins:/usr/lib/x86_64-linux-gnu/gazebo-11/plugins:/usr/lib/x86_64-linux-gnu/gazebo-11'), ('HOME', '/home/shrey'), ('OLDPWD', '/home/shrey/ros2_ws/src'), ('GAZEBO_MASTER_URI', 'http://localhost:11345'), ('ROS_PYTHON_VERSION', '3'), ('DBUS_SESSION_BUS_ADDRESS', 'unix:path=/run/user/1000/bus'), ('WSL_DISTRO_NAME', 'Ubuntu-22.04'), ('WAYLAND_DISPLAY', 'wayland-0'), ('COLCON_PREFIX_PATH', '/home/shrey/ros2_ws/install'), ('ROS_DISTRO', 'humble'), ('LOGNAME', 'shrey'), ('NAME', 'LAPTOP-NF81MTHA'), ('WSL_INTEROP', '/run/WSL/394_interop'), ('PULSE_SERVER', 'unix:/mnt/wslg/PulseServer'), ('_', '/usr/bin/colcon'), ('ROS_VERSION', '2'), ('TERM', 'xterm-256color'), ('GAZEBO_MODEL_PATH', '/usr/share/gazebo-11/models'), ('ROS_LOCALHOST_ONLY', '0'), ('OGRE_RESOURCE_PATH', '/usr/lib/x86_64-linux-gnu/OGRE-1.9.0'), ('PATH', '/usr/bin:/usr/bin:/usr/bin:/opt/ros/humble/bin:/usr/local/sbin:/usr/local/bin:/usr/sbin:/usr/bin:/sbin:/bin:/usr/games:/usr/local/games:/usr/lib/wsl/lib:/mnt/c/Program Files/Common Files/Oracle/Java/javapath:/mnt/c/oraclexe/app/oracle/product/10.2.0/server/bin:/mnt/c/Python312/Scripts/:/mnt/c/Python312/:/mnt/c/Python311/Scripts/:/mnt/c/Python311/:/mnt/c/WINDOWS/system32:/mnt/c/WINDOWS:/mnt/c/WINDOWS/System32/Wbem:/mnt/c/WINDOWS/System32/WindowsPowerShell/v1.0/:/mnt/c/WINDOWS/System32/OpenSSH/:/mnt/c/Program Files (x86)/Microsoft SQL Server/160/Tools/Binn/:/mnt/c/Program Files/Microsoft SQL Server/160/Tools/Binn/:/mnt/c/Program Files/Microsoft SQL Server/Client SDK/ODBC/170/Tools/Binn/:/mnt/c/Program Files/Microsoft SQL Server/160/DTS/Binn/:/mnt/c/ProgramData/chocolatey/bin:/mnt/c/Program Files/nodejs/:/mnt/c/Program Files/nodejs:/mnt/c/Program Files/Docker/Docker/resources/bin:/mnt/c/Users/shrey/Documents/A13/apache-maven-3.9.9-bin/apache-maven-3.9.9/bin:/mnt/c/Program Files/Java/jdk-21/bin:/mnt/c/apache-maven-3.9.9/bin:/mnt/c/Users/shrey/AppData/Local/Microsoft/WindowsApps:/mnt/c/Users/shrey/AppData/Local/Programs/Microsoft VS Code/bin:/mnt/c/Program Files (x86)/MinGW/bin:/mnt/c/Users/shrey/Documents/mongosh-1.10.5-win32-x64/mongosh-1.10.5-win32-x64/bin:/mnt/c/Users/shrey/AppData/Roaming/npm:/mnt/c/Program Files/Git/bin:/mnt/c/Program Files/JetBrains/PyCharm 2023.3.3/bin:/mnt/c/Program Files/JetBrains/PyCharm Community Edition 2023.3.3/bin:/mnt/c/Program Files/JetBrains/IntelliJ IDEA Community Edition 2023.3.4/bin:/snap/bin:/usr/bin:/usr/lib/x86_64-linux-gnu/gazebo-11:/usr/bin:/usr/lib/x86_64-linux-gnu/gazebo-11:/usr/bin:/usr/lib/x86_64-linux-gnu/gazebo-11'), ('XDG_RUNTIME_DIR', '/run/user/1000/'), ('DISPLAY', ':0'), ('LANG', 'en_US.UTF-8'), ('AMENT_PREFIX_PATH', '/home/shrey/ros2_ws/install/arm_gazebo:/home/shrey/ros2_ws/install/arm_description:/opt/ros/humble'), ('SHELL', '/bin/bash'), ('GAZEBO_RESOURCE_PATH', '/usr/share/gazebo-11'), ('GAZEBO_MODEL_DATABASE_URI', 'http://models.gazebosim.org'), ('PWD', '/home/shrey/ros2_ws/build/arm_controller'), ('GAZEBO_PLUGIN_PATH', '/usr/lib/x86_64-linux-gnu/gazebo-11/plugins:/usr/lib/x86_64-linux-gnu/gazebo-11/plugins'), ('XDG_DATA_DIRS', '/usr/local/share:/usr/share:/var/lib/snapd/desktop'), ('PYTHONPATH', '/opt/ros/humble/lib/python3.10/site-packages:/opt/ros/humble/local/lib/python3.10/dist-packages'), ('COLCON', '1'), ('WSL2_GUI_APPS_ENABLED', '1'), ('HOSTTYPE', 'x86_64'), ('CMAKE_PREFIX_PATH', '/home/shrey/ros2_ws/install/arm_gazebo:/home/shrey/ros2_ws/install/arm_description:/opt/ros/humble'), ('WSLENV', '')]), 'shell': False}
[29.724142] (arm_controller) CommandEnded: {'returncode': 0}
[29.727829] (arm_controller) JobProgress: {'identifier': 'arm_controller', 'progress': 'install'}
[29.728057] (arm_controller) Command: {'cmd': ['/usr/bin/cmake', '--install', '/home/shrey/ros2_ws/build/arm_controller'], 'cwd': '/home/shrey/ros2_ws/build/arm_controller', 'env': OrderedDict([('USER', 'shrey'), ('SHLVL', '1'), ('LIBGL_ALWAYS_SOFTWARE', '1'), ('LD_LIBRARY_PATH', '/usr/lib/x86_64-linux-gnu/gazebo-11/plugins:/opt/ros/humble/opt/rviz_ogre_vendor/lib:/opt/ros/humble/lib/x86_64-linux-gnu:/opt/ros/humble/lib:/usr/lib/x86_64-linux-gnu/gazebo-11/plugins::/usr/lib/x86_64-linux-gnu/gazebo-11:/usr/lib/x86_64-linux-gnu/gazebo-11/plugins:/usr/lib/x86_64-linux-gnu/gazebo-11/plugins:/usr/lib/x86_64-linux-gnu/gazebo-11/plugins:/usr/lib/x86_64-linux-gnu/gazebo-11:/usr/lib/x86_64-linux-gnu/gazebo-11/plugins:/usr/lib/x86_64-linux-gnu/gazebo-11/plugins:/usr/lib/x86_64-linux-gnu/gazebo-11/plugins:/usr/lib/x86_64-linux-gnu/gazebo-11'), ('HOME', '/home/shrey'), ('OLDPWD', '/home/shrey/ros2_ws/src'), ('GAZEBO_MASTER_URI', 'http://localhost:11345'), ('ROS_PYTHON_VERSION', '3'), ('DBUS_SESSION_BUS_ADDRESS', 'unix:path=/run/user/1000/bus'), ('WSL_DISTRO_NAME', 'Ubuntu-22.04'), ('WAYLAND_DISPLAY', 'wayland-0'), ('COLCON_PREFIX_PATH', '/home/shrey/ros2_ws/install'), ('ROS_DISTRO', 'humble'), ('LOGNAME', 'shrey'), ('NAME', 'LAPTOP-NF81MTHA'), ('WSL_INTEROP', '/run/WSL/394_interop'), ('PULSE_SERVER', 'unix:/mnt/wslg/PulseServer'), ('_', '/usr/bin/colcon'), ('ROS_VERSION', '2'), ('TERM', 'xterm-256color'), ('GAZEBO_MODEL_PATH', '/usr/share/gazebo-11/models'), ('ROS_LOCALHOST_ONLY', '0'), ('OGRE_RESOURCE_PATH', '/usr/lib/x86_64-linux-gnu/OGRE-1.9.0'), ('PATH', '/usr/bin:/usr/bin:/usr/bin:/opt/ros/humble/bin:/usr/local/sbin:/usr/local/bin:/usr/sbin:/usr/bin:/sbin:/bin:/usr/games:/usr/local/games:/usr/lib/wsl/lib:/mnt/c/Program Files/Common Files/Oracle/Java/javapath:/mnt/c/oraclexe/app/oracle/product/10.2.0/server/bin:/mnt/c/Python312/Scripts/:/mnt/c/Python312/:/mnt/c/Python311/Scripts/:/mnt/c/Python311/:/mnt/c/WINDOWS/system32:/mnt/c/WINDOWS:/mnt/c/WINDOWS/System32/Wbem:/mnt/c/WINDOWS/System32/WindowsPowerShell/v1.0/:/mnt/c/WINDOWS/System32/OpenSSH/:/mnt/c/Program Files (x86)/Microsoft SQL Server/160/Tools/Binn/:/mnt/c/Program Files/Microsoft SQL Server/160/Tools/Binn/:/mnt/c/Program Files/Microsoft SQL Server/Client SDK/ODBC/170/Tools/Binn/:/mnt/c/Program Files/Microsoft SQL Server/160/DTS/Binn/:/mnt/c/ProgramData/chocolatey/bin:/mnt/c/Program Files/nodejs/:/mnt/c/Program Files/nodejs:/mnt/c/Program Files/Docker/Docker/resources/bin:/mnt/c/Users/shrey/Documents/A13/apache-maven-3.9.9-bin/apache-maven-3.9.9/bin:/mnt/c/Program Files/Java/jdk-21/bin:/mnt/c/apache-maven-3.9.9/bin:/mnt/c/Users/shrey/AppData/Local/Microsoft/WindowsApps:/mnt/c/Users/shrey/AppData/Local/Programs/Microsoft VS Code/bin:/mnt/c/Program Files (x86)/MinGW/bin:/mnt/c/Users/shrey/Documents/mongosh-1.10.5-win32-x64/mongosh-1.10.5-win32-x64/bin:/mnt/c/Users/shrey/AppData/Roaming/npm:/mnt/c/Program Files/Git/bin:/mnt/c/Program Files/JetBrains/PyCharm 2023.3.3/bin:/mnt/c/Program Files/JetBrains/PyCharm Community Edition 2023.3.3/bin:/mnt/c/Program Files/JetBrains/IntelliJ IDEA Community Edition 2023.3.4/bin:/snap/bin:/usr/bin:/usr/lib/x86_64-linux-gnu/gazebo-11:/usr/bin:/usr/lib/x86_64-linux-gnu/gazebo-11:/usr/bin:/usr/lib/x86_64-linux-gnu/gazebo-11'), ('XDG_RUNTIME_DIR', '/run/user/1000/'), ('DISPLAY', ':0'), ('LANG', 'en_US.UTF-8'), ('AMENT_PREFIX_PATH', '/home/shrey/ros2_ws/install/arm_gazebo:/home/shrey/ros2_ws/install/arm_description:/opt/ros/humble'), ('SHELL', '/bin/bash'), ('GAZEBO_RESOURCE_PATH', '/usr/share/gazebo-11'), ('GAZEBO_MODEL_DATABASE_URI', 'http://models.gazebosim.org'), ('PWD', '/home/shrey/ros2_ws/build/arm_controller'), ('GAZEBO_PLUGIN_PATH', '/usr/lib/x86_64-linux-gnu/gazebo-11/plugins:/usr/lib/x86_64-linux-gnu/gazebo-11/plugins'), ('XDG_DATA_DIRS', '/usr/local/share:/usr/share:/var/lib/snapd/desktop'), ('PYTHONPATH', '/opt/ros/humble/lib/python3.10/site-packages:/opt/ros/humble/local/lib/python3.10/dist-packages'), ('COLCON', '1'), ('WSL2_GUI_APPS_ENABLED', '1'), ('HOSTTYPE', 'x86_64'), ('CMAKE_PREFIX_PATH', '/home/shrey/ros2_ws/install/arm_gazebo:/home/shrey/ros2_ws/install/arm_description:/opt/ros/humble'), ('WSLENV', '')]), 'shell': False}
[29.731869] (-) TimerEvent: {}
[29.744043] (arm_controller) StdoutLine: {'line': b'-- Install configuration: ""\n'}
[29.756803] (arm_controller) StdoutLine: {'line': b'-- Installing: /home/shrey/ros2_ws/install/arm_controller/share/ament_index/resource_index/package_run_dependencies/arm_controller\n'}
[29.759749] (arm_controller) StdoutLine: {'line': b'-- Installing: /home/shrey/ros2_ws/install/arm_controller/share/ament_index/resource_index/parent_prefix_path/arm_controller\n'}
[29.761285] (arm_controller) StdoutLine: {'line': b'-- Installing: /home/shrey/ros2_ws/install/arm_controller/share/arm_controller/environment/ament_prefix_path.sh\n'}
[29.761790] (arm_controller) StdoutLine: {'line': b'-- Installing: /home/shrey/ros2_ws/install/arm_controller/share/arm_controller/environment/ament_prefix_path.dsv\n'}
[29.762411] (arm_controller) StdoutLine: {'line': b'-- Installing: /home/shrey/ros2_ws/install/arm_controller/share/arm_controller/environment/path.sh\n'}
[29.763163] (arm_controller) StdoutLine: {'line': b'-- Installing: /home/shrey/ros2_ws/install/arm_controller/share/arm_controller/environment/path.dsv\n'}
[29.763366] (arm_controller) StdoutLine: {'line': b'-- Installing: /home/shrey/ros2_ws/install/arm_controller/share/arm_controller/local_setup.bash\n'}
[29.763493] (arm_controller) StdoutLine: {'line': b'-- Installing: /home/shrey/ros2_ws/install/arm_controller/share/arm_controller/local_setup.sh\n'}
[29.763748] (arm_controller) StdoutLine: {'line': b'-- Installing: /home/shrey/ros2_ws/install/arm_controller/share/arm_controller/local_setup.zsh\n'}
[29.764165] (arm_controller) StdoutLine: {'line': b'-- Installing: /home/shrey/ros2_ws/install/arm_controller/share/arm_controller/local_setup.dsv\n'}
[29.764598] (arm_controller) StdoutLine: {'line': b'-- Installing: /home/shrey/ros2_ws/install/arm_controller/share/arm_controller/package.dsv\n'}
[29.765772] (arm_controller) StdoutLine: {'line': b'-- Installing: /home/shrey/ros2_ws/install/arm_controller/share/ament_index/resource_index/packages/arm_controller\n'}
[29.766838] (arm_controller) StdoutLine: {'line': b'-- Installing: /home/shrey/ros2_ws/install/arm_controller/share/arm_controller/cmake/arm_controllerConfig.cmake\n'}
[29.768233] (arm_controller) StdoutLine: {'line': b'-- Installing: /home/shrey/ros2_ws/install/arm_controller/share/arm_controller/cmake/arm_controllerConfig-version.cmake\n'}
[29.768914] (arm_controller) StdoutLine: {'line': b'-- Installing: /home/shrey/ros2_ws/install/arm_controller/share/arm_controller/package.xml\n'}
[29.774713] (arm_controller) CommandEnded: {'returncode': 0}
[29.811394] (arm_controller) JobEnded: {'identifier': 'arm_controller', 'rc': 0}
[29.815601] (-) EventReactorShutdown: {}
