[1.091s] DEBUG:colcon:Command line arguments: ['/usr/bin/colcon', 'build']
[1.092s] DEBUG:colcon:Parsed command line arguments: Namespace(log_base=None, log_level=None, verb_name='build', build_base='build', install_base='install', merge_install=False, symlink_install=False, test_result_base=None, continue_on_error=False, executor='parallel', parallel_workers=12, event_handlers=None, ignore_user_meta=False, metas=['./colcon.meta'], base_paths=['.'], packages_ignore=None, packages_ignore_regex=None, paths=None, packages_up_to=None, packages_up_to_regex=None, packages_above=None, packages_above_and_dependencies=None, packages_above_depth=None, packages_select_by_dep=None, packages_skip_by_dep=None, packages_skip_up_to=None, packages_select_build_failed=False, packages_skip_build_finished=False, packages_select_test_failures=False, packages_skip_test_passed=False, packages_select=None, packages_skip=None, packages_select_regex=None, packages_skip_regex=None, packages_start=None, packages_end=None, allow_overriding=[], cmake_args=None, cmake_target=None, cmake_target_skip_unavailable=False, cmake_clean_cache=False, cmake_clean_first=False, cmake_force_configure=False, ament_cmake_args=None, catkin_cmake_args=None, catkin_skip_building_tests=False, verb_parser=<colcon_defaults.argument_parser.defaults.DefaultArgumentsDecorator object at 0x7f5241843ee0>, verb_extension=<colcon_core.verb.build.BuildVerb object at 0x7f5241842e30>, main=<bound method BuildVerb.main of <colcon_core.verb.build.BuildVerb object at 0x7f5241842e30>>)
[1.347s] Level 1:colcon.colcon_core.package_discovery:discover_packages(colcon_meta) check parameters
[1.348s] Level 1:colcon.colcon_core.package_discovery:discover_packages(recursive) check parameters
[1.349s] Level 1:colcon.colcon_core.package_discovery:discover_packages(ignore) check parameters
[1.349s] Level 1:colcon.colcon_core.package_discovery:discover_packages(path) check parameters
[1.349s] Level 1:colcon.colcon_core.package_discovery:discover_packages(colcon_meta) discover
[1.349s] Level 1:colcon.colcon_core.package_discovery:discover_packages(recursive) discover
[1.349s] INFO:colcon.colcon_core.package_discovery:Crawling recursively for packages in '/home/shrey/ros2_ws'
[1.349s] Level 1:colcon.colcon_core.package_identification:_identify(.) by extensions ['ignore', 'ignore_ament_install']
[1.350s] Level 1:colcon.colcon_core.package_identification:_identify(.) by extension 'ignore'
[1.350s] Level 1:colcon.colcon_core.package_identification:_identify(.) by extension 'ignore_ament_install'
[1.350s] Level 1:colcon.colcon_core.package_identification:_identify(.) by extensions ['colcon_pkg']
[1.350s] Level 1:colcon.colcon_core.package_identification:_identify(.) by extension 'colcon_pkg'
[1.350s] Level 1:colcon.colcon_core.package_identification:_identify(.) by extensions ['colcon_meta']
[1.350s] Level 1:colcon.colcon_core.package_identification:_identify(.) by extension 'colcon_meta'
[1.350s] Level 1:colcon.colcon_core.package_identification:_identify(.) by extensions ['ros']
[1.351s] Level 1:colcon.colcon_core.package_identification:_identify(.) by extension 'ros'
[1.373s] Level 1:colcon.colcon_core.package_identification:_identify(.) by extensions ['cmake', 'python']
[1.373s] Level 1:colcon.colcon_core.package_identification:_identify(.) by extension 'cmake'
[1.373s] Level 1:colcon.colcon_core.package_identification:_identify(.) by extension 'python'
[1.373s] Level 1:colcon.colcon_core.package_identification:_identify(.) by extensions ['python_setup_py']
[1.373s] Level 1:colcon.colcon_core.package_identification:_identify(.) by extension 'python_setup_py'
[1.375s] Level 1:colcon.colcon_core.package_identification:_identify(build) by extensions ['ignore', 'ignore_ament_install']
[1.376s] Level 1:colcon.colcon_core.package_identification:_identify(build) by extension 'ignore'
[1.376s] Level 1:colcon.colcon_core.package_identification:_identify(build) ignored
[1.376s] Level 1:colcon.colcon_core.package_identification:_identify(install) by extensions ['ignore', 'ignore_ament_install']
[1.376s] Level 1:colcon.colcon_core.package_identification:_identify(install) by extension 'ignore'
[1.376s] Level 1:colcon.colcon_core.package_identification:_identify(install) ignored
[1.377s] Level 1:colcon.colcon_core.package_identification:_identify(log) by extensions ['ignore', 'ignore_ament_install']
[1.377s] Level 1:colcon.colcon_core.package_identification:_identify(log) by extension 'ignore'
[1.377s] Level 1:colcon.colcon_core.package_identification:_identify(log) ignored
[1.377s] Level 1:colcon.colcon_core.package_identification:_identify(src) by extensions ['ignore', 'ignore_ament_install']
[1.377s] Level 1:colcon.colcon_core.package_identification:_identify(src) by extension 'ignore'
[1.377s] Level 1:colcon.colcon_core.package_identification:_identify(src) by extension 'ignore_ament_install'
[1.377s] Level 1:colcon.colcon_core.package_identification:_identify(src) by extensions ['colcon_pkg']
[1.377s] Level 1:colcon.colcon_core.package_identification:_identify(src) by extension 'colcon_pkg'
[1.378s] Level 1:colcon.colcon_core.package_identification:_identify(src) by extensions ['colcon_meta']
[1.378s] Level 1:colcon.colcon_core.package_identification:_identify(src) by extension 'colcon_meta'
[1.378s] Level 1:colcon.colcon_core.package_identification:_identify(src) by extensions ['ros']
[1.378s] Level 1:colcon.colcon_core.package_identification:_identify(src) by extension 'ros'
[1.378s] Level 1:colcon.colcon_core.package_identification:_identify(src) by extensions ['cmake', 'python']
[1.378s] Level 1:colcon.colcon_core.package_identification:_identify(src) by extension 'cmake'
[1.378s] Level 1:colcon.colcon_core.package_identification:_identify(src) by extension 'python'
[1.378s] Level 1:colcon.colcon_core.package_identification:_identify(src) by extensions ['python_setup_py']
[1.378s] Level 1:colcon.colcon_core.package_identification:_identify(src) by extension 'python_setup_py'
[1.378s] Level 1:colcon.colcon_core.package_identification:_identify(src/arm_description) by extensions ['ignore', 'ignore_ament_install']
[1.379s] Level 1:colcon.colcon_core.package_identification:_identify(src/arm_description) by extension 'ignore'
[1.379s] Level 1:colcon.colcon_core.package_identification:_identify(src/arm_description) by extension 'ignore_ament_install'
[1.379s] Level 1:colcon.colcon_core.package_identification:_identify(src/arm_description) by extensions ['colcon_pkg']
[1.379s] Level 1:colcon.colcon_core.package_identification:_identify(src/arm_description) by extension 'colcon_pkg'
[1.380s] Level 1:colcon.colcon_core.package_identification:_identify(src/arm_description) by extensions ['colcon_meta']
[1.380s] Level 1:colcon.colcon_core.package_identification:_identify(src/arm_description) by extension 'colcon_meta'
[1.380s] Level 1:colcon.colcon_core.package_identification:_identify(src/arm_description) by extensions ['ros']
[1.380s] Level 1:colcon.colcon_core.package_identification:_identify(src/arm_description) by extension 'ros'
[1.391s] DEBUG:colcon.colcon_core.package_identification:Package 'src/arm_description' with type 'ros.ament_cmake' and name 'arm_description'
[1.393s] Level 1:colcon.colcon_core.package_identification:_identify(src/arm_gazebo) by extensions ['ignore', 'ignore_ament_install']
[1.393s] Level 1:colcon.colcon_core.package_identification:_identify(src/arm_gazebo) by extension 'ignore'
[1.393s] Level 1:colcon.colcon_core.package_identification:_identify(src/arm_gazebo) by extension 'ignore_ament_install'
[1.393s] Level 1:colcon.colcon_core.package_identification:_identify(src/arm_gazebo) by extensions ['colcon_pkg']
[1.393s] Level 1:colcon.colcon_core.package_identification:_identify(src/arm_gazebo) by extension 'colcon_pkg'
[1.393s] Level 1:colcon.colcon_core.package_identification:_identify(src/arm_gazebo) by extensions ['colcon_meta']
[1.393s] Level 1:colcon.colcon_core.package_identification:_identify(src/arm_gazebo) by extension 'colcon_meta'
[1.393s] Level 1:colcon.colcon_core.package_identification:_identify(src/arm_gazebo) by extensions ['ros']
[1.394s] Level 1:colcon.colcon_core.package_identification:_identify(src/arm_gazebo) by extension 'ros'
[1.396s] DEBUG:colcon.colcon_core.package_identification:Package 'src/arm_gazebo' with type 'ros.ament_cmake' and name 'arm_gazebo'
[1.396s] Level 1:colcon.colcon_core.package_discovery:discover_packages(recursive) using defaults
[1.396s] Level 1:colcon.colcon_core.package_discovery:discover_packages(ignore) discover
[1.396s] Level 1:colcon.colcon_core.package_discovery:discover_packages(ignore) using defaults
[1.396s] Level 1:colcon.colcon_core.package_discovery:discover_packages(path) discover
[1.397s] Level 1:colcon.colcon_core.package_discovery:discover_packages(path) using defaults
[1.487s] Level 1:colcon.colcon_core.package_discovery:discover_packages(prefix_path) check parameters
[1.487s] Level 1:colcon.colcon_core.package_discovery:discover_packages(prefix_path) discover
[1.500s] DEBUG:colcon.colcon_installed_package_information.package_discovery:Found 2 installed packages in /home/shrey/ros2_ws/install
[1.505s] DEBUG:colcon.colcon_installed_package_information.package_discovery:Found 341 installed packages in /opt/ros/humble
[1.509s] Level 1:colcon.colcon_core.package_discovery:discover_packages(prefix_path) using defaults
[1.613s] Level 5:colcon.colcon_core.verb:set package 'arm_description' build argument 'cmake_args' from command line to 'None'
[1.613s] Level 5:colcon.colcon_core.verb:set package 'arm_description' build argument 'cmake_target' from command line to 'None'
[1.613s] Level 5:colcon.colcon_core.verb:set package 'arm_description' build argument 'cmake_target_skip_unavailable' from command line to 'False'
[1.613s] Level 5:colcon.colcon_core.verb:set package 'arm_description' build argument 'cmake_clean_cache' from command line to 'False'
[1.614s] Level 5:colcon.colcon_core.verb:set package 'arm_description' build argument 'cmake_clean_first' from command line to 'False'
[1.614s] Level 5:colcon.colcon_core.verb:set package 'arm_description' build argument 'cmake_force_configure' from command line to 'False'
[1.614s] Level 5:colcon.colcon_core.verb:set package 'arm_description' build argument 'ament_cmake_args' from command line to 'None'
[1.614s] Level 5:colcon.colcon_core.verb:set package 'arm_description' build argument 'catkin_cmake_args' from command line to 'None'
[1.614s] Level 5:colcon.colcon_core.verb:set package 'arm_description' build argument 'catkin_skip_building_tests' from command line to 'False'
[1.614s] DEBUG:colcon.colcon_core.verb:Building package 'arm_description' with the following arguments: {'ament_cmake_args': None, 'build_base': '/home/shrey/ros2_ws/build/arm_description', 'catkin_cmake_args': None, 'catkin_skip_building_tests': False, 'cmake_args': None, 'cmake_clean_cache': False, 'cmake_clean_first': False, 'cmake_force_configure': False, 'cmake_target': None, 'cmake_target_skip_unavailable': False, 'install_base': '/home/shrey/ros2_ws/install/arm_description', 'merge_install': False, 'path': '/home/shrey/ros2_ws/src/arm_description', 'symlink_install': False, 'test_result_base': None}
[1.615s] Level 5:colcon.colcon_core.verb:set package 'arm_gazebo' build argument 'cmake_args' from command line to 'None'
[1.615s] Level 5:colcon.colcon_core.verb:set package 'arm_gazebo' build argument 'cmake_target' from command line to 'None'
[1.615s] Level 5:colcon.colcon_core.verb:set package 'arm_gazebo' build argument 'cmake_target_skip_unavailable' from command line to 'False'
[1.615s] Level 5:colcon.colcon_core.verb:set package 'arm_gazebo' build argument 'cmake_clean_cache' from command line to 'False'
[1.615s] Level 5:colcon.colcon_core.verb:set package 'arm_gazebo' build argument 'cmake_clean_first' from command line to 'False'
[1.615s] Level 5:colcon.colcon_core.verb:set package 'arm_gazebo' build argument 'cmake_force_configure' from command line to 'False'
[1.615s] Level 5:colcon.colcon_core.verb:set package 'arm_gazebo' build argument 'ament_cmake_args' from command line to 'None'
[1.615s] Level 5:colcon.colcon_core.verb:set package 'arm_gazebo' build argument 'catkin_cmake_args' from command line to 'None'
[1.615s] Level 5:colcon.colcon_core.verb:set package 'arm_gazebo' build argument 'catkin_skip_building_tests' from command line to 'False'
[1.616s] DEBUG:colcon.colcon_core.verb:Building package 'arm_gazebo' with the following arguments: {'ament_cmake_args': None, 'build_base': '/home/shrey/ros2_ws/build/arm_gazebo', 'catkin_cmake_args': None, 'catkin_skip_building_tests': False, 'cmake_args': None, 'cmake_clean_cache': False, 'cmake_clean_first': False, 'cmake_force_configure': False, 'cmake_target': None, 'cmake_target_skip_unavailable': False, 'install_base': '/home/shrey/ros2_ws/install/arm_gazebo', 'merge_install': False, 'path': '/home/shrey/ros2_ws/src/arm_gazebo', 'symlink_install': False, 'test_result_base': None}
[1.616s] INFO:colcon.colcon_core.executor:Executing jobs using 'parallel' executor
[1.619s] DEBUG:colcon.colcon_parallel_executor.executor.parallel:run_until_complete
[1.620s] INFO:colcon.colcon_ros.task.ament_cmake.build:Building ROS package in '/home/shrey/ros2_ws/src/arm_description' with build type 'ament_cmake'
[1.620s] INFO:colcon.colcon_cmake.task.cmake.build:Building CMake package in '/home/shrey/ros2_ws/src/arm_description'
[1.661s] INFO:colcon.colcon_core.plugin_system:Skipping extension 'colcon_core.shell.bat': Not used on non-Windows systems
[1.662s] INFO:colcon.colcon_core.shell:Skip shell extension 'powershell' for command environment: Not usable outside of PowerShell
[1.662s] DEBUG:colcon.colcon_core.shell:Skip shell extension 'dsv' for command environment
[1.677s] INFO:colcon.colcon_ros.task.ament_cmake.build:Building ROS package in '/home/shrey/ros2_ws/src/arm_gazebo' with build type 'ament_cmake'
[1.677s] INFO:colcon.colcon_cmake.task.cmake.build:Building CMake package in '/home/shrey/ros2_ws/src/arm_gazebo'
[1.678s] INFO:colcon.colcon_core.shell:Skip shell extension 'powershell' for command environment: Not usable outside of PowerShell
[1.678s] DEBUG:colcon.colcon_core.shell:Skip shell extension 'dsv' for command environment
[1.718s] DEBUG:colcon.colcon_core.event_handler.log_command:Invoking command in '/home/shrey/ros2_ws/build/arm_description': CMAKE_PREFIX_PATH=${CMAKE_PREFIX_PATH}:/opt/ros/humble /usr/bin/cmake /home/shrey/ros2_ws/src/arm_description -DCMAKE_INSTALL_PREFIX=/home/shrey/ros2_ws/install/arm_description
[1.744s] DEBUG:colcon.colcon_core.event_handler.log_command:Invoking command in '/home/shrey/ros2_ws/build/arm_gazebo': CMAKE_PREFIX_PATH=${CMAKE_PREFIX_PATH}:/opt/ros/humble /usr/bin/cmake --build /home/shrey/ros2_ws/build/arm_gazebo -- -j12 -l12
[2.014s] DEBUG:colcon.colcon_core.event_handler.log_command:Invoked command in '/home/shrey/ros2_ws/build/arm_gazebo' returned '0': CMAKE_PREFIX_PATH=${CMAKE_PREFIX_PATH}:/opt/ros/humble /usr/bin/cmake --build /home/shrey/ros2_ws/build/arm_gazebo -- -j12 -l12
[2.041s] DEBUG:colcon.colcon_core.event_handler.log_command:Invoking command in '/home/shrey/ros2_ws/build/arm_gazebo': CMAKE_PREFIX_PATH=${CMAKE_PREFIX_PATH}:/opt/ros/humble /usr/bin/cmake --install /home/shrey/ros2_ws/build/arm_gazebo
[2.071s] Level 1:colcon.colcon_core.environment:create_environment_scripts_only(arm_gazebo)
[2.073s] DEBUG:colcon.colcon_core.event_handler.log_command:Invoked command in '/home/shrey/ros2_ws/build/arm_gazebo' returned '0': CMAKE_PREFIX_PATH=${CMAKE_PREFIX_PATH}:/opt/ros/humble /usr/bin/cmake --install /home/shrey/ros2_ws/build/arm_gazebo
[2.094s] Level 1:colcon.colcon_core.environment:checking '/home/shrey/ros2_ws/install/arm_gazebo' for CMake module files
[2.097s] Level 1:colcon.colcon_core.environment:checking '/home/shrey/ros2_ws/install/arm_gazebo' for CMake config files
[2.106s] Level 1:colcon.colcon_core.shell:create_environment_hook('arm_gazebo', 'cmake_prefix_path')
[2.107s] INFO:colcon.colcon_core.shell:Creating environment hook '/home/shrey/ros2_ws/install/arm_gazebo/share/arm_gazebo/hook/cmake_prefix_path.ps1'
[2.110s] INFO:colcon.colcon_core.shell:Creating environment descriptor '/home/shrey/ros2_ws/install/arm_gazebo/share/arm_gazebo/hook/cmake_prefix_path.dsv'
[2.111s] INFO:colcon.colcon_core.shell:Creating environment hook '/home/shrey/ros2_ws/install/arm_gazebo/share/arm_gazebo/hook/cmake_prefix_path.sh'
[2.114s] Level 1:colcon.colcon_core.environment:checking '/home/shrey/ros2_ws/install/arm_gazebo/bin'
[2.114s] Level 1:colcon.colcon_core.environment:checking '/home/shrey/ros2_ws/install/arm_gazebo/lib/pkgconfig/arm_gazebo.pc'
[2.115s] Level 1:colcon.colcon_core.environment:checking '/home/shrey/ros2_ws/install/arm_gazebo/lib/python3.10/site-packages'
[2.115s] Level 1:colcon.colcon_core.environment:checking '/home/shrey/ros2_ws/install/arm_gazebo/bin'
[2.116s] INFO:colcon.colcon_core.shell:Creating package script '/home/shrey/ros2_ws/install/arm_gazebo/share/arm_gazebo/package.ps1'
[2.119s] INFO:colcon.colcon_core.shell:Creating package descriptor '/home/shrey/ros2_ws/install/arm_gazebo/share/arm_gazebo/package.dsv'
[2.121s] INFO:colcon.colcon_core.shell:Creating package script '/home/shrey/ros2_ws/install/arm_gazebo/share/arm_gazebo/package.sh'
[2.125s] INFO:colcon.colcon_core.shell:Creating package script '/home/shrey/ros2_ws/install/arm_gazebo/share/arm_gazebo/package.bash'
[2.128s] INFO:colcon.colcon_core.shell:Creating package script '/home/shrey/ros2_ws/install/arm_gazebo/share/arm_gazebo/package.zsh'
[2.131s] Level 1:colcon.colcon_core.environment:create_file_with_runtime_dependencies(/home/shrey/ros2_ws/install/arm_gazebo/share/colcon-core/packages/arm_gazebo)
[2.132s] Level 1:colcon.colcon_core.environment:create_environment_scripts_only(arm_gazebo)
[2.133s] Level 1:colcon.colcon_core.environment:checking '/home/shrey/ros2_ws/install/arm_gazebo' for CMake module files
[2.134s] Level 1:colcon.colcon_core.environment:checking '/home/shrey/ros2_ws/install/arm_gazebo' for CMake config files
[2.135s] Level 1:colcon.colcon_core.shell:create_environment_hook('arm_gazebo', 'cmake_prefix_path')
[2.136s] INFO:colcon.colcon_core.shell:Creating environment hook '/home/shrey/ros2_ws/install/arm_gazebo/share/arm_gazebo/hook/cmake_prefix_path.ps1'
[2.137s] INFO:colcon.colcon_core.shell:Creating environment descriptor '/home/shrey/ros2_ws/install/arm_gazebo/share/arm_gazebo/hook/cmake_prefix_path.dsv'
[2.139s] INFO:colcon.colcon_core.shell:Creating environment hook '/home/shrey/ros2_ws/install/arm_gazebo/share/arm_gazebo/hook/cmake_prefix_path.sh'
[2.140s] Level 1:colcon.colcon_core.environment:checking '/home/shrey/ros2_ws/install/arm_gazebo/bin'
[2.141s] Level 1:colcon.colcon_core.environment:checking '/home/shrey/ros2_ws/install/arm_gazebo/lib/pkgconfig/arm_gazebo.pc'
[2.141s] Level 1:colcon.colcon_core.environment:checking '/home/shrey/ros2_ws/install/arm_gazebo/lib/python3.10/site-packages'
[2.141s] Level 1:colcon.colcon_core.environment:checking '/home/shrey/ros2_ws/install/arm_gazebo/bin'
[2.142s] INFO:colcon.colcon_core.shell:Creating package script '/home/shrey/ros2_ws/install/arm_gazebo/share/arm_gazebo/package.ps1'
[2.143s] INFO:colcon.colcon_core.shell:Creating package descriptor '/home/shrey/ros2_ws/install/arm_gazebo/share/arm_gazebo/package.dsv'
[2.144s] INFO:colcon.colcon_core.shell:Creating package script '/home/shrey/ros2_ws/install/arm_gazebo/share/arm_gazebo/package.sh'
[2.144s] INFO:colcon.colcon_core.shell:Creating package script '/home/shrey/ros2_ws/install/arm_gazebo/share/arm_gazebo/package.bash'
[2.145s] INFO:colcon.colcon_core.shell:Creating package script '/home/shrey/ros2_ws/install/arm_gazebo/share/arm_gazebo/package.zsh'
[2.146s] Level 1:colcon.colcon_core.environment:create_file_with_runtime_dependencies(/home/shrey/ros2_ws/install/arm_gazebo/share/colcon-core/packages/arm_gazebo)
[2.645s] DEBUG:colcon.colcon_core.event_handler.log_command:Invoked command in '/home/shrey/ros2_ws/build/arm_description' returned '0': CMAKE_PREFIX_PATH=${CMAKE_PREFIX_PATH}:/opt/ros/humble /usr/bin/cmake /home/shrey/ros2_ws/src/arm_description -DCMAKE_INSTALL_PREFIX=/home/shrey/ros2_ws/install/arm_description
[2.651s] DEBUG:colcon.colcon_core.event_handler.log_command:Invoking command in '/home/shrey/ros2_ws/build/arm_description': CMAKE_PREFIX_PATH=${CMAKE_PREFIX_PATH}:/opt/ros/humble /usr/bin/cmake --build /home/shrey/ros2_ws/build/arm_description -- -j12 -l12
[2.731s] DEBUG:colcon.colcon_core.event_handler.log_command:Invoked command in '/home/shrey/ros2_ws/build/arm_description' returned '0': CMAKE_PREFIX_PATH=${CMAKE_PREFIX_PATH}:/opt/ros/humble /usr/bin/cmake --build /home/shrey/ros2_ws/build/arm_description -- -j12 -l12
[2.736s] DEBUG:colcon.colcon_core.event_handler.log_command:Invoking command in '/home/shrey/ros2_ws/build/arm_description': CMAKE_PREFIX_PATH=${CMAKE_PREFIX_PATH}:/opt/ros/humble /usr/bin/cmake --install /home/shrey/ros2_ws/build/arm_description
[2.840s] Level 1:colcon.colcon_core.environment:create_environment_scripts_only(arm_description)
[2.841s] Level 1:colcon.colcon_core.environment:checking '/home/shrey/ros2_ws/install/arm_description' for CMake module files
[2.843s] DEBUG:colcon.colcon_core.event_handler.log_command:Invoked command in '/home/shrey/ros2_ws/build/arm_description' returned '0': CMAKE_PREFIX_PATH=${CMAKE_PREFIX_PATH}:/opt/ros/humble /usr/bin/cmake --install /home/shrey/ros2_ws/build/arm_description
[2.845s] Level 1:colcon.colcon_core.environment:checking '/home/shrey/ros2_ws/install/arm_description' for CMake config files
[2.854s] Level 1:colcon.colcon_core.shell:create_environment_hook('arm_description', 'cmake_prefix_path')
[2.855s] INFO:colcon.colcon_core.shell:Creating environment hook '/home/shrey/ros2_ws/install/arm_description/share/arm_description/hook/cmake_prefix_path.ps1'
[2.856s] INFO:colcon.colcon_core.shell:Creating environment descriptor '/home/shrey/ros2_ws/install/arm_description/share/arm_description/hook/cmake_prefix_path.dsv'
[2.856s] INFO:colcon.colcon_core.shell:Creating environment hook '/home/shrey/ros2_ws/install/arm_description/share/arm_description/hook/cmake_prefix_path.sh'
[2.857s] Level 1:colcon.colcon_core.environment:checking '/home/shrey/ros2_ws/install/arm_description/bin'
[2.857s] Level 1:colcon.colcon_core.environment:checking '/home/shrey/ros2_ws/install/arm_description/lib/pkgconfig/arm_description.pc'
[2.858s] Level 1:colcon.colcon_core.environment:checking '/home/shrey/ros2_ws/install/arm_description/lib/python3.10/site-packages'
[2.858s] Level 1:colcon.colcon_core.environment:checking '/home/shrey/ros2_ws/install/arm_description/bin'
[2.859s] INFO:colcon.colcon_core.shell:Creating package script '/home/shrey/ros2_ws/install/arm_description/share/arm_description/package.ps1'
[2.860s] INFO:colcon.colcon_core.shell:Creating package descriptor '/home/shrey/ros2_ws/install/arm_description/share/arm_description/package.dsv'
[2.861s] INFO:colcon.colcon_core.shell:Creating package script '/home/shrey/ros2_ws/install/arm_description/share/arm_description/package.sh'
[2.863s] INFO:colcon.colcon_core.shell:Creating package script '/home/shrey/ros2_ws/install/arm_description/share/arm_description/package.bash'
[2.864s] INFO:colcon.colcon_core.shell:Creating package script '/home/shrey/ros2_ws/install/arm_description/share/arm_description/package.zsh'
[2.865s] Level 1:colcon.colcon_core.environment:create_file_with_runtime_dependencies(/home/shrey/ros2_ws/install/arm_description/share/colcon-core/packages/arm_description)
[2.866s] Level 1:colcon.colcon_core.environment:create_environment_scripts_only(arm_description)
[2.867s] Level 1:colcon.colcon_core.environment:checking '/home/shrey/ros2_ws/install/arm_description' for CMake module files
[2.868s] Level 1:colcon.colcon_core.environment:checking '/home/shrey/ros2_ws/install/arm_description' for CMake config files
[2.869s] Level 1:colcon.colcon_core.shell:create_environment_hook('arm_description', 'cmake_prefix_path')
[2.870s] INFO:colcon.colcon_core.shell:Creating environment hook '/home/shrey/ros2_ws/install/arm_description/share/arm_description/hook/cmake_prefix_path.ps1'
[2.871s] INFO:colcon.colcon_core.shell:Creating environment descriptor '/home/shrey/ros2_ws/install/arm_description/share/arm_description/hook/cmake_prefix_path.dsv'
[2.872s] INFO:colcon.colcon_core.shell:Creating environment hook '/home/shrey/ros2_ws/install/arm_description/share/arm_description/hook/cmake_prefix_path.sh'
[2.873s] Level 1:colcon.colcon_core.environment:checking '/home/shrey/ros2_ws/install/arm_description/bin'
[2.873s] Level 1:colcon.colcon_core.environment:checking '/home/shrey/ros2_ws/install/arm_description/lib/pkgconfig/arm_description.pc'
[2.874s] Level 1:colcon.colcon_core.environment:checking '/home/shrey/ros2_ws/install/arm_description/lib/python3.10/site-packages'
[2.874s] Level 1:colcon.colcon_core.environment:checking '/home/shrey/ros2_ws/install/arm_description/bin'
[2.875s] INFO:colcon.colcon_core.shell:Creating package script '/home/shrey/ros2_ws/install/arm_description/share/arm_description/package.ps1'
[2.875s] INFO:colcon.colcon_core.shell:Creating package descriptor '/home/shrey/ros2_ws/install/arm_description/share/arm_description/package.dsv'
[2.876s] INFO:colcon.colcon_core.shell:Creating package script '/home/shrey/ros2_ws/install/arm_description/share/arm_description/package.sh'
[2.877s] INFO:colcon.colcon_core.shell:Creating package script '/home/shrey/ros2_ws/install/arm_description/share/arm_description/package.bash'
[2.878s] INFO:colcon.colcon_core.shell:Creating package script '/home/shrey/ros2_ws/install/arm_description/share/arm_description/package.zsh'
[2.878s] Level 1:colcon.colcon_core.environment:create_file_with_runtime_dependencies(/home/shrey/ros2_ws/install/arm_description/share/colcon-core/packages/arm_description)
[2.879s] DEBUG:colcon.colcon_parallel_executor.executor.parallel:closing loop
[2.880s] DEBUG:colcon.colcon_parallel_executor.executor.parallel:loop closed
[2.880s] DEBUG:colcon.colcon_parallel_executor.executor.parallel:run_until_complete finished with '0'
[2.881s] DEBUG:colcon.colcon_core.event_reactor:joining thread
[3.096s] INFO:colcon.colcon_core.plugin_system:Skipping extension 'colcon_notification.desktop_notification.notify_send': Could not find 'notify-send'
[3.096s] INFO:colcon.colcon_core.plugin_system:Skipping extension 'colcon_notification.desktop_notification.terminal_notifier': Not used on non-Darwin systems
[3.096s] INFO:colcon.colcon_core.plugin_system:Skipping extension 'colcon_notification.desktop_notification.win32': Not used on non-Windows systems
[3.097s] INFO:colcon.colcon_notification.desktop_notification:Sending desktop notification using 'notify2'
[3.118s] DEBUG:colcon.colcon_notification.desktop_notification.notify2:Failed to initialize notify2: org.freedesktop.DBus.Error.ServiceUnknown: The name org.freedesktop.Notifications was not provided by any .service files
[3.118s] DEBUG:colcon.colcon_core.event_reactor:joined thread
[3.119s] INFO:colcon.colcon_core.shell:Creating prefix script '/home/shrey/ros2_ws/install/local_setup.ps1'
[3.122s] INFO:colcon.colcon_core.shell:Creating prefix util module '/home/shrey/ros2_ws/install/_local_setup_util_ps1.py'
[3.127s] INFO:colcon.colcon_core.shell:Creating prefix chain script '/home/shrey/ros2_ws/install/setup.ps1'
[3.131s] INFO:colcon.colcon_core.shell:Creating prefix script '/home/shrey/ros2_ws/install/local_setup.sh'
[3.134s] INFO:colcon.colcon_core.shell:Creating prefix util module '/home/shrey/ros2_ws/install/_local_setup_util_sh.py'
[3.135s] INFO:colcon.colcon_core.shell:Creating prefix chain script '/home/shrey/ros2_ws/install/setup.sh'
[3.138s] INFO:colcon.colcon_core.shell:Creating prefix script '/home/shrey/ros2_ws/install/local_setup.bash'
[3.141s] INFO:colcon.colcon_core.shell:Creating prefix chain script '/home/shrey/ros2_ws/install/setup.bash'
[3.144s] INFO:colcon.colcon_core.shell:Creating prefix script '/home/shrey/ros2_ws/install/local_setup.zsh'
[3.148s] INFO:colcon.colcon_core.shell:Creating prefix chain script '/home/shrey/ros2_ws/install/setup.zsh'
