[0.071s] Invoking command in '/home/shrey/ros2_ws/build/arm_controller': CMAKE_PREFIX_PATH=${CMAKE_PREFIX_PATH}:/opt/ros/humble /usr/bin/cmake --build /home/shrey/ros2_ws/build/arm_controller -- -j12 -l12
[0.238s] Invoked command in '/home/shrey/ros2_ws/build/arm_controller' returned '0': CMAKE_PREFIX_PATH=${CMAKE_PREFIX_PATH}:/opt/ros/humble /usr/bin/cmake --build /home/shrey/ros2_ws/build/arm_controller -- -j12 -l12
[0.265s] Invoking command in '/home/shrey/ros2_ws/build/arm_controller': CMAKE_PREFIX_PATH=${CMAKE_PREFIX_PATH}:/opt/ros/humble /usr/bin/cmake --install /home/shrey/ros2_ws/build/arm_controller
[0.285s] -- Install configuration: ""
[0.286s] -- Up-to-date: /home/shrey/ros2_ws/install/arm_controller/share/ament_index/resource_index/package_run_dependencies/arm_controller
[0.287s] -- Up-to-date: /home/shrey/ros2_ws/install/arm_controller/share/ament_index/resource_index/parent_prefix_path/arm_controller
[0.287s] -- Up-to-date: /home/shrey/ros2_ws/install/arm_controller/share/arm_controller/environment/ament_prefix_path.sh
[0.288s] -- Up-to-date: /home/shrey/ros2_ws/install/arm_controller/share/arm_controller/environment/ament_prefix_path.dsv
[0.288s] -- Up-to-date: /home/shrey/ros2_ws/install/arm_controller/share/arm_controller/environment/path.sh
[0.289s] -- Up-to-date: /home/shrey/ros2_ws/install/arm_controller/share/arm_controller/environment/path.dsv
[0.289s] -- Up-to-date: /home/shrey/ros2_ws/install/arm_controller/share/arm_controller/local_setup.bash
[0.290s] -- Up-to-date: /home/shrey/ros2_ws/install/arm_controller/share/arm_controller/local_setup.sh
[0.292s] -- Up-to-date: /home/shrey/ros2_ws/install/arm_controller/share/arm_controller/local_setup.zsh
[0.293s] -- Up-to-date: /home/shrey/ros2_ws/install/arm_controller/share/arm_controller/local_setup.dsv
[0.293s] -- Up-to-date: /home/shrey/ros2_ws/install/arm_controller/share/arm_controller/package.dsv
[0.294s] -- Up-to-date: /home/shrey/ros2_ws/install/arm_controller/share/ament_index/resource_index/packages/arm_controller
[0.294s] -- Up-to-date: /home/shrey/ros2_ws/install/arm_controller/share/arm_controller/cmake/arm_controllerConfig.cmake
[0.295s] -- Up-to-date: /home/shrey/ros2_ws/install/arm_controller/share/arm_controller/cmake/arm_controllerConfig-version.cmake
[0.296s] -- Up-to-date: /home/shrey/ros2_ws/install/arm_controller/share/arm_controller/package.xml
[0.346s] Invoked command in '/home/shrey/ros2_ws/build/arm_controller' returned '0': CMAKE_PREFIX_PATH=${CMAKE_PREFIX_PATH}:/opt/ros/humble /usr/bin/cmake --install /home/shrey/ros2_ws/build/arm_controller
