[0.284s] DEBUG:colcon:Command line arguments: ['/usr/bin/colcon', 'build']
[0.284s] DEBUG:colcon:Parsed command line arguments: Namespace(log_base=None, log_level=None, verb_name='build', build_base='build', install_base='install', merge_install=False, symlink_install=False, test_result_base=None, continue_on_error=False, executor='parallel', parallel_workers=12, event_handlers=None, ignore_user_meta=False, metas=['./colcon.meta'], base_paths=['.'], packages_ignore=None, packages_ignore_regex=None, paths=None, packages_up_to=None, packages_up_to_regex=None, packages_above=None, packages_above_and_dependencies=None, packages_above_depth=None, packages_select_by_dep=None, packages_skip_by_dep=None, packages_skip_up_to=None, packages_select_build_failed=False, packages_skip_build_finished=False, packages_select_test_failures=False, packages_skip_test_passed=False, packages_select=None, packages_skip=None, packages_select_regex=None, packages_skip_regex=None, packages_start=None, packages_end=None, allow_overriding=[], cmake_args=None, cmake_target=None, cmake_target_skip_unavailable=False, cmake_clean_cache=False, cmake_clean_first=False, cmake_force_configure=False, ament_cmake_args=None, catkin_cmake_args=None, catkin_skip_building_tests=False, verb_parser=<colcon_defaults.argument_parser.defaults.DefaultArgumentsDecorator object at 0x7f4a57083ee0>, verb_extension=<colcon_core.verb.build.BuildVerb object at 0x7f4a57082e30>, main=<bound method BuildVerb.main of <colcon_core.verb.build.BuildVerb object at 0x7f4a57082e30>>)
[0.343s] Level 1:colcon.colcon_core.package_discovery:discover_packages(colcon_meta) check parameters
[0.344s] Level 1:colcon.colcon_core.package_discovery:discover_packages(recursive) check parameters
[0.344s] Level 1:colcon.colcon_core.package_discovery:discover_packages(ignore) check parameters
[0.344s] Level 1:colcon.colcon_core.package_discovery:discover_packages(path) check parameters
[0.344s] Level 1:colcon.colcon_core.package_discovery:discover_packages(colcon_meta) discover
[0.344s] Level 1:colcon.colcon_core.package_discovery:discover_packages(recursive) discover
[0.344s] INFO:colcon.colcon_core.package_discovery:Crawling recursively for packages in '/home/shrey/ros2_ws'
[0.344s] Level 1:colcon.colcon_core.package_identification:_identify(.) by extensions ['ignore', 'ignore_ament_install']
[0.344s] Level 1:colcon.colcon_core.package_identification:_identify(.) by extension 'ignore'
[0.344s] Level 1:colcon.colcon_core.package_identification:_identify(.) by extension 'ignore_ament_install'
[0.345s] Level 1:colcon.colcon_core.package_identification:_identify(.) by extensions ['colcon_pkg']
[0.345s] Level 1:colcon.colcon_core.package_identification:_identify(.) by extension 'colcon_pkg'
[0.345s] Level 1:colcon.colcon_core.package_identification:_identify(.) by extensions ['colcon_meta']
[0.345s] Level 1:colcon.colcon_core.package_identification:_identify(.) by extension 'colcon_meta'
[0.345s] Level 1:colcon.colcon_core.package_identification:_identify(.) by extensions ['ros']
[0.345s] Level 1:colcon.colcon_core.package_identification:_identify(.) by extension 'ros'
[0.348s] Level 1:colcon.colcon_core.package_identification:_identify(.) by extensions ['cmake', 'python']
[0.348s] Level 1:colcon.colcon_core.package_identification:_identify(.) by extension 'cmake'
[0.348s] Level 1:colcon.colcon_core.package_identification:_identify(.) by extension 'python'
[0.348s] Level 1:colcon.colcon_core.package_identification:_identify(.) by extensions ['python_setup_py']
[0.349s] Level 1:colcon.colcon_core.package_identification:_identify(.) by extension 'python_setup_py'
[0.349s] Level 1:colcon.colcon_core.package_identification:_identify(build) by extensions ['ignore', 'ignore_ament_install']
[0.349s] Level 1:colcon.colcon_core.package_identification:_identify(build) by extension 'ignore'
[0.349s] Level 1:colcon.colcon_core.package_identification:_identify(build) ignored
[0.349s] Level 1:colcon.colcon_core.package_identification:_identify(install) by extensions ['ignore', 'ignore_ament_install']
[0.349s] Level 1:colcon.colcon_core.package_identification:_identify(install) by extension 'ignore'
[0.349s] Level 1:colcon.colcon_core.package_identification:_identify(install) ignored
[0.349s] Level 1:colcon.colcon_core.package_identification:_identify(log) by extensions ['ignore', 'ignore_ament_install']
[0.349s] Level 1:colcon.colcon_core.package_identification:_identify(log) by extension 'ignore'
[0.349s] Level 1:colcon.colcon_core.package_identification:_identify(log) ignored
[0.349s] Level 1:colcon.colcon_core.package_identification:_identify(src) by extensions ['ignore', 'ignore_ament_install']
[0.349s] Level 1:colcon.colcon_core.package_identification:_identify(src) by extension 'ignore'
[0.350s] Level 1:colcon.colcon_core.package_identification:_identify(src) by extension 'ignore_ament_install'
[0.350s] Level 1:colcon.colcon_core.package_identification:_identify(src) by extensions ['colcon_pkg']
[0.350s] Level 1:colcon.colcon_core.package_identification:_identify(src) by extension 'colcon_pkg'
[0.350s] Level 1:colcon.colcon_core.package_identification:_identify(src) by extensions ['colcon_meta']
[0.350s] Level 1:colcon.colcon_core.package_identification:_identify(src) by extension 'colcon_meta'
[0.350s] Level 1:colcon.colcon_core.package_identification:_identify(src) by extensions ['ros']
[0.350s] Level 1:colcon.colcon_core.package_identification:_identify(src) by extension 'ros'
[0.350s] Level 1:colcon.colcon_core.package_identification:_identify(src) by extensions ['cmake', 'python']
[0.350s] Level 1:colcon.colcon_core.package_identification:_identify(src) by extension 'cmake'
[0.350s] Level 1:colcon.colcon_core.package_identification:_identify(src) by extension 'python'
[0.350s] Level 1:colcon.colcon_core.package_identification:_identify(src) by extensions ['python_setup_py']
[0.350s] Level 1:colcon.colcon_core.package_identification:_identify(src) by extension 'python_setup_py'
[0.350s] Level 1:colcon.colcon_core.package_identification:_identify(src/arm_controller) by extensions ['ignore', 'ignore_ament_install']
[0.350s] Level 1:colcon.colcon_core.package_identification:_identify(src/arm_controller) by extension 'ignore'
[0.350s] Level 1:colcon.colcon_core.package_identification:_identify(src/arm_controller) by extension 'ignore_ament_install'
[0.350s] Level 1:colcon.colcon_core.package_identification:_identify(src/arm_controller) by extensions ['colcon_pkg']
[0.350s] Level 1:colcon.colcon_core.package_identification:_identify(src/arm_controller) by extension 'colcon_pkg'
[0.350s] Level 1:colcon.colcon_core.package_identification:_identify(src/arm_controller) by extensions ['colcon_meta']
[0.350s] Level 1:colcon.colcon_core.package_identification:_identify(src/arm_controller) by extension 'colcon_meta'
[0.351s] Level 1:colcon.colcon_core.package_identification:_identify(src/arm_controller) by extensions ['ros']
[0.351s] Level 1:colcon.colcon_core.package_identification:_identify(src/arm_controller) by extension 'ros'
[0.353s] DEBUG:colcon.colcon_core.package_identification:Package 'src/arm_controller' with type 'ros.ament_cmake' and name 'arm_controller'
[0.354s] Level 1:colcon.colcon_core.package_identification:_identify(src/arm_description) by extensions ['ignore', 'ignore_ament_install']
[0.354s] Level 1:colcon.colcon_core.package_identification:_identify(src/arm_description) by extension 'ignore'
[0.354s] Level 1:colcon.colcon_core.package_identification:_identify(src/arm_description) by extension 'ignore_ament_install'
[0.354s] Level 1:colcon.colcon_core.package_identification:_identify(src/arm_description) by extensions ['colcon_pkg']
[0.354s] Level 1:colcon.colcon_core.package_identification:_identify(src/arm_description) by extension 'colcon_pkg'
[0.354s] Level 1:colcon.colcon_core.package_identification:_identify(src/arm_description) by extensions ['colcon_meta']
[0.354s] Level 1:colcon.colcon_core.package_identification:_identify(src/arm_description) by extension 'colcon_meta'
[0.354s] Level 1:colcon.colcon_core.package_identification:_identify(src/arm_description) by extensions ['ros']
[0.354s] Level 1:colcon.colcon_core.package_identification:_identify(src/arm_description) by extension 'ros'
[0.356s] DEBUG:colcon.colcon_core.package_identification:Package 'src/arm_description' with type 'ros.ament_cmake' and name 'arm_description'
[0.356s] Level 1:colcon.colcon_core.package_identification:_identify(src/arm_gazebo) by extensions ['ignore', 'ignore_ament_install']
[0.357s] Level 1:colcon.colcon_core.package_identification:_identify(src/arm_gazebo) by extension 'ignore'
[0.357s] Level 1:colcon.colcon_core.package_identification:_identify(src/arm_gazebo) by extension 'ignore_ament_install'
[0.357s] Level 1:colcon.colcon_core.package_identification:_identify(src/arm_gazebo) by extensions ['colcon_pkg']
[0.357s] Level 1:colcon.colcon_core.package_identification:_identify(src/arm_gazebo) by extension 'colcon_pkg'
[0.357s] Level 1:colcon.colcon_core.package_identification:_identify(src/arm_gazebo) by extensions ['colcon_meta']
[0.357s] Level 1:colcon.colcon_core.package_identification:_identify(src/arm_gazebo) by extension 'colcon_meta'
[0.357s] Level 1:colcon.colcon_core.package_identification:_identify(src/arm_gazebo) by extensions ['ros']
[0.357s] Level 1:colcon.colcon_core.package_identification:_identify(src/arm_gazebo) by extension 'ros'
[0.358s] DEBUG:colcon.colcon_core.package_identification:Package 'src/arm_gazebo' with type 'ros.ament_cmake' and name 'arm_gazebo'
[0.358s] Level 1:colcon.colcon_core.package_discovery:discover_packages(recursive) using defaults
[0.358s] Level 1:colcon.colcon_core.package_discovery:discover_packages(ignore) discover
[0.358s] Level 1:colcon.colcon_core.package_discovery:discover_packages(ignore) using defaults
[0.358s] Level 1:colcon.colcon_core.package_discovery:discover_packages(path) discover
[0.358s] Level 1:colcon.colcon_core.package_discovery:discover_packages(path) using defaults
[0.384s] Level 1:colcon.colcon_core.package_discovery:discover_packages(prefix_path) check parameters
[0.384s] Level 1:colcon.colcon_core.package_discovery:discover_packages(prefix_path) discover
[0.387s] DEBUG:colcon.colcon_installed_package_information.package_discovery:Found 3 installed packages in /home/shrey/ros2_ws/install
[0.389s] DEBUG:colcon.colcon_installed_package_information.package_discovery:Found 341 installed packages in /opt/ros/humble
[0.391s] Level 1:colcon.colcon_core.package_discovery:discover_packages(prefix_path) using defaults
[0.442s] Level 5:colcon.colcon_core.verb:set package 'arm_controller' build argument 'cmake_args' from command line to 'None'
[0.442s] Level 5:colcon.colcon_core.verb:set package 'arm_controller' build argument 'cmake_target' from command line to 'None'
[0.442s] Level 5:colcon.colcon_core.verb:set package 'arm_controller' build argument 'cmake_target_skip_unavailable' from command line to 'False'
[0.442s] Level 5:colcon.colcon_core.verb:set package 'arm_controller' build argument 'cmake_clean_cache' from command line to 'False'
[0.442s] Level 5:colcon.colcon_core.verb:set package 'arm_controller' build argument 'cmake_clean_first' from command line to 'False'
[0.442s] Level 5:colcon.colcon_core.verb:set package 'arm_controller' build argument 'cmake_force_configure' from command line to 'False'
[0.442s] Level 5:colcon.colcon_core.verb:set package 'arm_controller' build argument 'ament_cmake_args' from command line to 'None'
[0.442s] Level 5:colcon.colcon_core.verb:set package 'arm_controller' build argument 'catkin_cmake_args' from command line to 'None'
[0.442s] Level 5:colcon.colcon_core.verb:set package 'arm_controller' build argument 'catkin_skip_building_tests' from command line to 'False'
[0.442s] DEBUG:colcon.colcon_core.verb:Building package 'arm_controller' with the following arguments: {'ament_cmake_args': None, 'build_base': '/home/shrey/ros2_ws/build/arm_controller', 'catkin_cmake_args': None, 'catkin_skip_building_tests': False, 'cmake_args': None, 'cmake_clean_cache': False, 'cmake_clean_first': False, 'cmake_force_configure': False, 'cmake_target': None, 'cmake_target_skip_unavailable': False, 'install_base': '/home/shrey/ros2_ws/install/arm_controller', 'merge_install': False, 'path': '/home/shrey/ros2_ws/src/arm_controller', 'symlink_install': False, 'test_result_base': None}
[0.443s] Level 5:colcon.colcon_core.verb:set package 'arm_description' build argument 'cmake_args' from command line to 'None'
[0.443s] Level 5:colcon.colcon_core.verb:set package 'arm_description' build argument 'cmake_target' from command line to 'None'
[0.443s] Level 5:colcon.colcon_core.verb:set package 'arm_description' build argument 'cmake_target_skip_unavailable' from command line to 'False'
[0.443s] Level 5:colcon.colcon_core.verb:set package 'arm_description' build argument 'cmake_clean_cache' from command line to 'False'
[0.443s] Level 5:colcon.colcon_core.verb:set package 'arm_description' build argument 'cmake_clean_first' from command line to 'False'
[0.443s] Level 5:colcon.colcon_core.verb:set package 'arm_description' build argument 'cmake_force_configure' from command line to 'False'
[0.443s] Level 5:colcon.colcon_core.verb:set package 'arm_description' build argument 'ament_cmake_args' from command line to 'None'
[0.443s] Level 5:colcon.colcon_core.verb:set package 'arm_description' build argument 'catkin_cmake_args' from command line to 'None'
[0.443s] Level 5:colcon.colcon_core.verb:set package 'arm_description' build argument 'catkin_skip_building_tests' from command line to 'False'
[0.443s] DEBUG:colcon.colcon_core.verb:Building package 'arm_description' with the following arguments: {'ament_cmake_args': None, 'build_base': '/home/shrey/ros2_ws/build/arm_description', 'catkin_cmake_args': None, 'catkin_skip_building_tests': False, 'cmake_args': None, 'cmake_clean_cache': False, 'cmake_clean_first': False, 'cmake_force_configure': False, 'cmake_target': None, 'cmake_target_skip_unavailable': False, 'install_base': '/home/shrey/ros2_ws/install/arm_description', 'merge_install': False, 'path': '/home/shrey/ros2_ws/src/arm_description', 'symlink_install': False, 'test_result_base': None}
[0.443s] Level 5:colcon.colcon_core.verb:set package 'arm_gazebo' build argument 'cmake_args' from command line to 'None'
[0.443s] Level 5:colcon.colcon_core.verb:set package 'arm_gazebo' build argument 'cmake_target' from command line to 'None'
[0.443s] Level 5:colcon.colcon_core.verb:set package 'arm_gazebo' build argument 'cmake_target_skip_unavailable' from command line to 'False'
[0.443s] Level 5:colcon.colcon_core.verb:set package 'arm_gazebo' build argument 'cmake_clean_cache' from command line to 'False'
[0.443s] Level 5:colcon.colcon_core.verb:set package 'arm_gazebo' build argument 'cmake_clean_first' from command line to 'False'
[0.444s] Level 5:colcon.colcon_core.verb:set package 'arm_gazebo' build argument 'cmake_force_configure' from command line to 'False'
[0.444s] Level 5:colcon.colcon_core.verb:set package 'arm_gazebo' build argument 'ament_cmake_args' from command line to 'None'
[0.444s] Level 5:colcon.colcon_core.verb:set package 'arm_gazebo' build argument 'catkin_cmake_args' from command line to 'None'
[0.444s] Level 5:colcon.colcon_core.verb:set package 'arm_gazebo' build argument 'catkin_skip_building_tests' from command line to 'False'
[0.444s] DEBUG:colcon.colcon_core.verb:Building package 'arm_gazebo' with the following arguments: {'ament_cmake_args': None, 'build_base': '/home/shrey/ros2_ws/build/arm_gazebo', 'catkin_cmake_args': None, 'catkin_skip_building_tests': False, 'cmake_args': None, 'cmake_clean_cache': False, 'cmake_clean_first': False, 'cmake_force_configure': False, 'cmake_target': None, 'cmake_target_skip_unavailable': False, 'install_base': '/home/shrey/ros2_ws/install/arm_gazebo', 'merge_install': False, 'path': '/home/shrey/ros2_ws/src/arm_gazebo', 'symlink_install': False, 'test_result_base': None}
[0.444s] INFO:colcon.colcon_core.executor:Executing jobs using 'parallel' executor
[0.446s] DEBUG:colcon.colcon_parallel_executor.executor.parallel:run_until_complete
[0.446s] INFO:colcon.colcon_ros.task.ament_cmake.build:Building ROS package in '/home/shrey/ros2_ws/src/arm_controller' with build type 'ament_cmake'
[0.446s] INFO:colcon.colcon_cmake.task.cmake.build:Building CMake package in '/home/shrey/ros2_ws/src/arm_controller'
[0.451s] INFO:colcon.colcon_core.plugin_system:Skipping extension 'colcon_core.shell.bat': Not used on non-Windows systems
[0.451s] INFO:colcon.colcon_core.shell:Skip shell extension 'powershell' for command environment: Not usable outside of PowerShell
[0.451s] DEBUG:colcon.colcon_core.shell:Skip shell extension 'dsv' for command environment
[0.457s] INFO:colcon.colcon_ros.task.ament_cmake.build:Building ROS package in '/home/shrey/ros2_ws/src/arm_description' with build type 'ament_cmake'
[0.458s] INFO:colcon.colcon_cmake.task.cmake.build:Building CMake package in '/home/shrey/ros2_ws/src/arm_description'
[0.458s] INFO:colcon.colcon_core.shell:Skip shell extension 'powershell' for command environment: Not usable outside of PowerShell
[0.458s] DEBUG:colcon.colcon_core.shell:Skip shell extension 'dsv' for command environment
[0.466s] INFO:colcon.colcon_ros.task.ament_cmake.build:Building ROS package in '/home/shrey/ros2_ws/src/arm_gazebo' with build type 'ament_cmake'
[0.466s] INFO:colcon.colcon_cmake.task.cmake.build:Building CMake package in '/home/shrey/ros2_ws/src/arm_gazebo'
[0.467s] INFO:colcon.colcon_core.shell:Skip shell extension 'powershell' for command environment: Not usable outside of PowerShell
[0.467s] DEBUG:colcon.colcon_core.shell:Skip shell extension 'dsv' for command environment
[0.481s] DEBUG:colcon.colcon_core.event_handler.log_command:Invoking command in '/home/shrey/ros2_ws/build/arm_controller': CMAKE_PREFIX_PATH=${CMAKE_PREFIX_PATH}:/opt/ros/humble /usr/bin/cmake --build /home/shrey/ros2_ws/build/arm_controller -- -j12 -l12
[0.496s] DEBUG:colcon.colcon_core.event_handler.log_command:Invoking command in '/home/shrey/ros2_ws/build/arm_description': CMAKE_PREFIX_PATH=${CMAKE_PREFIX_PATH}:/opt/ros/humble /usr/bin/cmake --build /home/shrey/ros2_ws/build/arm_description -- -j12 -l12
[0.504s] DEBUG:colcon.colcon_core.event_handler.log_command:Invoking command in '/home/shrey/ros2_ws/build/arm_gazebo': CMAKE_PREFIX_PATH=${CMAKE_PREFIX_PATH}:/opt/ros/humble /usr/bin/cmake --build /home/shrey/ros2_ws/build/arm_gazebo -- -j12 -l12
[0.547s] DEBUG:colcon.colcon_core.event_handler.log_command:Invoked command in '/home/shrey/ros2_ws/build/arm_controller' returned '0': CMAKE_PREFIX_PATH=${CMAKE_PREFIX_PATH}:/opt/ros/humble /usr/bin/cmake --build /home/shrey/ros2_ws/build/arm_controller -- -j12 -l12
[0.562s] DEBUG:colcon.colcon_core.event_handler.log_command:Invoking command in '/home/shrey/ros2_ws/build/arm_controller': CMAKE_PREFIX_PATH=${CMAKE_PREFIX_PATH}:/opt/ros/humble /usr/bin/cmake --install /home/shrey/ros2_ws/build/arm_controller
[0.565s] DEBUG:colcon.colcon_core.event_handler.log_command:Invoked command in '/home/shrey/ros2_ws/build/arm_description' returned '0': CMAKE_PREFIX_PATH=${CMAKE_PREFIX_PATH}:/opt/ros/humble /usr/bin/cmake --build /home/shrey/ros2_ws/build/arm_description -- -j12 -l12
[0.569s] DEBUG:colcon.colcon_core.event_handler.log_command:Invoking command in '/home/shrey/ros2_ws/build/arm_description': CMAKE_PREFIX_PATH=${CMAKE_PREFIX_PATH}:/opt/ros/humble /usr/bin/cmake --install /home/shrey/ros2_ws/build/arm_description
[0.572s] DEBUG:colcon.colcon_core.event_handler.log_command:Invoked command in '/home/shrey/ros2_ws/build/arm_gazebo' returned '0': CMAKE_PREFIX_PATH=${CMAKE_PREFIX_PATH}:/opt/ros/humble /usr/bin/cmake --build /home/shrey/ros2_ws/build/arm_gazebo -- -j12 -l12
[0.582s] DEBUG:colcon.colcon_core.event_handler.log_command:Invoking command in '/home/shrey/ros2_ws/build/arm_gazebo': CMAKE_PREFIX_PATH=${CMAKE_PREFIX_PATH}:/opt/ros/humble /usr/bin/cmake --install /home/shrey/ros2_ws/build/arm_gazebo
[0.604s] Level 1:colcon.colcon_core.environment:create_environment_scripts_only(arm_controller)
[0.608s] DEBUG:colcon.colcon_core.event_handler.log_command:Invoked command in '/home/shrey/ros2_ws/build/arm_controller' returned '0': CMAKE_PREFIX_PATH=${CMAKE_PREFIX_PATH}:/opt/ros/humble /usr/bin/cmake --install /home/shrey/ros2_ws/build/arm_controller
[0.610s] Level 1:colcon.colcon_core.environment:checking '/home/shrey/ros2_ws/install/arm_controller' for CMake module files
[0.611s] Level 1:colcon.colcon_core.environment:checking '/home/shrey/ros2_ws/install/arm_controller' for CMake config files
[0.612s] Level 1:colcon.colcon_core.shell:create_environment_hook('arm_controller', 'cmake_prefix_path')
[0.612s] INFO:colcon.colcon_core.shell:Creating environment hook '/home/shrey/ros2_ws/install/arm_controller/share/arm_controller/hook/cmake_prefix_path.ps1'
[0.614s] INFO:colcon.colcon_core.shell:Creating environment descriptor '/home/shrey/ros2_ws/install/arm_controller/share/arm_controller/hook/cmake_prefix_path.dsv'
[0.616s] INFO:colcon.colcon_core.shell:Creating environment hook '/home/shrey/ros2_ws/install/arm_controller/share/arm_controller/hook/cmake_prefix_path.sh'
[0.617s] Level 1:colcon.colcon_core.environment:checking '/home/shrey/ros2_ws/install/arm_controller/bin'
[0.617s] Level 1:colcon.colcon_core.environment:checking '/home/shrey/ros2_ws/install/arm_controller/lib/pkgconfig/arm_controller.pc'
[0.618s] Level 1:colcon.colcon_core.environment:checking '/home/shrey/ros2_ws/install/arm_controller/lib/python3.10/site-packages'
[0.618s] Level 1:colcon.colcon_core.environment:checking '/home/shrey/ros2_ws/install/arm_controller/bin'
[0.618s] INFO:colcon.colcon_core.shell:Creating package script '/home/shrey/ros2_ws/install/arm_controller/share/arm_controller/package.ps1'
[0.620s] INFO:colcon.colcon_core.shell:Creating package descriptor '/home/shrey/ros2_ws/install/arm_controller/share/arm_controller/package.dsv'
[0.622s] INFO:colcon.colcon_core.shell:Creating package script '/home/shrey/ros2_ws/install/arm_controller/share/arm_controller/package.sh'
[0.623s] INFO:colcon.colcon_core.shell:Creating package script '/home/shrey/ros2_ws/install/arm_controller/share/arm_controller/package.bash'
[0.624s] INFO:colcon.colcon_core.shell:Creating package script '/home/shrey/ros2_ws/install/arm_controller/share/arm_controller/package.zsh'
[0.625s] Level 1:colcon.colcon_core.environment:create_file_with_runtime_dependencies(/home/shrey/ros2_ws/install/arm_controller/share/colcon-core/packages/arm_controller)
[0.626s] Level 1:colcon.colcon_core.environment:create_environment_scripts_only(arm_controller)
[0.626s] Level 1:colcon.colcon_core.environment:checking '/home/shrey/ros2_ws/install/arm_controller' for CMake module files
[0.627s] Level 1:colcon.colcon_core.environment:checking '/home/shrey/ros2_ws/install/arm_controller' for CMake config files
[0.627s] Level 1:colcon.colcon_core.shell:create_environment_hook('arm_controller', 'cmake_prefix_path')
[0.627s] INFO:colcon.colcon_core.shell:Creating environment hook '/home/shrey/ros2_ws/install/arm_controller/share/arm_controller/hook/cmake_prefix_path.ps1'
[0.628s] INFO:colcon.colcon_core.shell:Creating environment descriptor '/home/shrey/ros2_ws/install/arm_controller/share/arm_controller/hook/cmake_prefix_path.dsv'
[0.629s] INFO:colcon.colcon_core.shell:Creating environment hook '/home/shrey/ros2_ws/install/arm_controller/share/arm_controller/hook/cmake_prefix_path.sh'
[0.630s] Level 1:colcon.colcon_core.environment:checking '/home/shrey/ros2_ws/install/arm_controller/bin'
[0.630s] Level 1:colcon.colcon_core.environment:checking '/home/shrey/ros2_ws/install/arm_controller/lib/pkgconfig/arm_controller.pc'
[0.630s] Level 1:colcon.colcon_core.environment:checking '/home/shrey/ros2_ws/install/arm_controller/lib/python3.10/site-packages'
[0.630s] Level 1:colcon.colcon_core.environment:checking '/home/shrey/ros2_ws/install/arm_controller/bin'
[0.631s] INFO:colcon.colcon_core.shell:Creating package script '/home/shrey/ros2_ws/install/arm_controller/share/arm_controller/package.ps1'
[0.632s] INFO:colcon.colcon_core.shell:Creating package descriptor '/home/shrey/ros2_ws/install/arm_controller/share/arm_controller/package.dsv'
[0.633s] INFO:colcon.colcon_core.shell:Creating package script '/home/shrey/ros2_ws/install/arm_controller/share/arm_controller/package.sh'
[0.634s] INFO:colcon.colcon_core.shell:Creating package script '/home/shrey/ros2_ws/install/arm_controller/share/arm_controller/package.bash'
[0.636s] INFO:colcon.colcon_core.shell:Creating package script '/home/shrey/ros2_ws/install/arm_controller/share/arm_controller/package.zsh'
[0.636s] Level 1:colcon.colcon_core.environment:create_file_with_runtime_dependencies(/home/shrey/ros2_ws/install/arm_controller/share/colcon-core/packages/arm_controller)
[0.641s] Level 1:colcon.colcon_core.environment:create_environment_scripts_only(arm_description)
[0.641s] Level 1:colcon.colcon_core.environment:checking '/home/shrey/ros2_ws/install/arm_description' for CMake module files
[0.643s] DEBUG:colcon.colcon_core.event_handler.log_command:Invoked command in '/home/shrey/ros2_ws/build/arm_description' returned '0': CMAKE_PREFIX_PATH=${CMAKE_PREFIX_PATH}:/opt/ros/humble /usr/bin/cmake --install /home/shrey/ros2_ws/build/arm_description
[0.643s] Level 1:colcon.colcon_core.environment:checking '/home/shrey/ros2_ws/install/arm_description' for CMake config files
[0.644s] Level 1:colcon.colcon_core.shell:create_environment_hook('arm_description', 'cmake_prefix_path')
[0.644s] INFO:colcon.colcon_core.shell:Creating environment hook '/home/shrey/ros2_ws/install/arm_description/share/arm_description/hook/cmake_prefix_path.ps1'
[0.645s] INFO:colcon.colcon_core.shell:Creating environment descriptor '/home/shrey/ros2_ws/install/arm_description/share/arm_description/hook/cmake_prefix_path.dsv'
[0.645s] INFO:colcon.colcon_core.shell:Creating environment hook '/home/shrey/ros2_ws/install/arm_description/share/arm_description/hook/cmake_prefix_path.sh'
[0.646s] Level 1:colcon.colcon_core.environment:checking '/home/shrey/ros2_ws/install/arm_description/bin'
[0.646s] Level 1:colcon.colcon_core.environment:checking '/home/shrey/ros2_ws/install/arm_description/lib/pkgconfig/arm_description.pc'
[0.646s] Level 1:colcon.colcon_core.environment:checking '/home/shrey/ros2_ws/install/arm_description/lib/python3.10/site-packages'
[0.646s] Level 1:colcon.colcon_core.environment:checking '/home/shrey/ros2_ws/install/arm_description/bin'
[0.647s] INFO:colcon.colcon_core.shell:Creating package script '/home/shrey/ros2_ws/install/arm_description/share/arm_description/package.ps1'
[0.647s] INFO:colcon.colcon_core.shell:Creating package descriptor '/home/shrey/ros2_ws/install/arm_description/share/arm_description/package.dsv'
[0.648s] INFO:colcon.colcon_core.shell:Creating package script '/home/shrey/ros2_ws/install/arm_description/share/arm_description/package.sh'
[0.648s] INFO:colcon.colcon_core.shell:Creating package script '/home/shrey/ros2_ws/install/arm_description/share/arm_description/package.bash'
[0.649s] INFO:colcon.colcon_core.shell:Creating package script '/home/shrey/ros2_ws/install/arm_description/share/arm_description/package.zsh'
[0.649s] Level 1:colcon.colcon_core.environment:create_file_with_runtime_dependencies(/home/shrey/ros2_ws/install/arm_description/share/colcon-core/packages/arm_description)
[0.649s] Level 1:colcon.colcon_core.environment:create_environment_scripts_only(arm_description)
[0.650s] Level 1:colcon.colcon_core.environment:checking '/home/shrey/ros2_ws/install/arm_description' for CMake module files
[0.650s] Level 1:colcon.colcon_core.environment:checking '/home/shrey/ros2_ws/install/arm_description' for CMake config files
[0.651s] Level 1:colcon.colcon_core.shell:create_environment_hook('arm_description', 'cmake_prefix_path')
[0.651s] INFO:colcon.colcon_core.shell:Creating environment hook '/home/shrey/ros2_ws/install/arm_description/share/arm_description/hook/cmake_prefix_path.ps1'
[0.652s] INFO:colcon.colcon_core.shell:Creating environment descriptor '/home/shrey/ros2_ws/install/arm_description/share/arm_description/hook/cmake_prefix_path.dsv'
[0.654s] INFO:colcon.colcon_core.shell:Creating environment hook '/home/shrey/ros2_ws/install/arm_description/share/arm_description/hook/cmake_prefix_path.sh'
[0.655s] Level 1:colcon.colcon_core.environment:checking '/home/shrey/ros2_ws/install/arm_description/bin'
[0.655s] Level 1:colcon.colcon_core.environment:checking '/home/shrey/ros2_ws/install/arm_description/lib/pkgconfig/arm_description.pc'
[0.655s] Level 1:colcon.colcon_core.environment:checking '/home/shrey/ros2_ws/install/arm_description/lib/python3.10/site-packages'
[0.655s] Level 1:colcon.colcon_core.environment:checking '/home/shrey/ros2_ws/install/arm_description/bin'
[0.656s] INFO:colcon.colcon_core.shell:Creating package script '/home/shrey/ros2_ws/install/arm_description/share/arm_description/package.ps1'
[0.656s] INFO:colcon.colcon_core.shell:Creating package descriptor '/home/shrey/ros2_ws/install/arm_description/share/arm_description/package.dsv'
[0.657s] INFO:colcon.colcon_core.shell:Creating package script '/home/shrey/ros2_ws/install/arm_description/share/arm_description/package.sh'
[0.657s] INFO:colcon.colcon_core.shell:Creating package script '/home/shrey/ros2_ws/install/arm_description/share/arm_description/package.bash'
[0.658s] INFO:colcon.colcon_core.shell:Creating package script '/home/shrey/ros2_ws/install/arm_description/share/arm_description/package.zsh'
[0.658s] Level 1:colcon.colcon_core.environment:create_file_with_runtime_dependencies(/home/shrey/ros2_ws/install/arm_description/share/colcon-core/packages/arm_description)
[0.659s] Level 1:colcon.colcon_core.environment:create_environment_scripts_only(arm_gazebo)
[0.659s] Level 1:colcon.colcon_core.environment:checking '/home/shrey/ros2_ws/install/arm_gazebo' for CMake module files
[0.662s] Level 1:colcon.colcon_core.environment:checking '/home/shrey/ros2_ws/install/arm_gazebo' for CMake config files
[0.663s] DEBUG:colcon.colcon_core.event_handler.log_command:Invoked command in '/home/shrey/ros2_ws/build/arm_gazebo' returned '0': CMAKE_PREFIX_PATH=${CMAKE_PREFIX_PATH}:/opt/ros/humble /usr/bin/cmake --install /home/shrey/ros2_ws/build/arm_gazebo
[0.664s] Level 1:colcon.colcon_core.shell:create_environment_hook('arm_gazebo', 'cmake_prefix_path')
[0.665s] INFO:colcon.colcon_core.shell:Creating environment hook '/home/shrey/ros2_ws/install/arm_gazebo/share/arm_gazebo/hook/cmake_prefix_path.ps1'
[0.666s] INFO:colcon.colcon_core.shell:Creating environment descriptor '/home/shrey/ros2_ws/install/arm_gazebo/share/arm_gazebo/hook/cmake_prefix_path.dsv'
[0.666s] INFO:colcon.colcon_core.shell:Creating environment hook '/home/shrey/ros2_ws/install/arm_gazebo/share/arm_gazebo/hook/cmake_prefix_path.sh'
[0.667s] Level 1:colcon.colcon_core.environment:checking '/home/shrey/ros2_ws/install/arm_gazebo/bin'
[0.667s] Level 1:colcon.colcon_core.environment:checking '/home/shrey/ros2_ws/install/arm_gazebo/lib/pkgconfig/arm_gazebo.pc'
[0.667s] Level 1:colcon.colcon_core.environment:checking '/home/shrey/ros2_ws/install/arm_gazebo/lib/python3.10/site-packages'
[0.667s] Level 1:colcon.colcon_core.environment:checking '/home/shrey/ros2_ws/install/arm_gazebo/bin'
[0.668s] INFO:colcon.colcon_core.shell:Creating package script '/home/shrey/ros2_ws/install/arm_gazebo/share/arm_gazebo/package.ps1'
[0.670s] INFO:colcon.colcon_core.shell:Creating package descriptor '/home/shrey/ros2_ws/install/arm_gazebo/share/arm_gazebo/package.dsv'
[0.671s] INFO:colcon.colcon_core.shell:Creating package script '/home/shrey/ros2_ws/install/arm_gazebo/share/arm_gazebo/package.sh'
[0.672s] INFO:colcon.colcon_core.shell:Creating package script '/home/shrey/ros2_ws/install/arm_gazebo/share/arm_gazebo/package.bash'
[0.672s] INFO:colcon.colcon_core.shell:Creating package script '/home/shrey/ros2_ws/install/arm_gazebo/share/arm_gazebo/package.zsh'
[0.672s] Level 1:colcon.colcon_core.environment:create_file_with_runtime_dependencies(/home/shrey/ros2_ws/install/arm_gazebo/share/colcon-core/packages/arm_gazebo)
[0.673s] Level 1:colcon.colcon_core.environment:create_environment_scripts_only(arm_gazebo)
[0.674s] Level 1:colcon.colcon_core.environment:checking '/home/shrey/ros2_ws/install/arm_gazebo' for CMake module files
[0.674s] Level 1:colcon.colcon_core.environment:checking '/home/shrey/ros2_ws/install/arm_gazebo' for CMake config files
[0.674s] Level 1:colcon.colcon_core.shell:create_environment_hook('arm_gazebo', 'cmake_prefix_path')
[0.675s] INFO:colcon.colcon_core.shell:Creating environment hook '/home/shrey/ros2_ws/install/arm_gazebo/share/arm_gazebo/hook/cmake_prefix_path.ps1'
[0.675s] INFO:colcon.colcon_core.shell:Creating environment descriptor '/home/shrey/ros2_ws/install/arm_gazebo/share/arm_gazebo/hook/cmake_prefix_path.dsv'
[0.675s] INFO:colcon.colcon_core.shell:Creating environment hook '/home/shrey/ros2_ws/install/arm_gazebo/share/arm_gazebo/hook/cmake_prefix_path.sh'
[0.676s] Level 1:colcon.colcon_core.environment:checking '/home/shrey/ros2_ws/install/arm_gazebo/bin'
[0.676s] Level 1:colcon.colcon_core.environment:checking '/home/shrey/ros2_ws/install/arm_gazebo/lib/pkgconfig/arm_gazebo.pc'
[0.676s] Level 1:colcon.colcon_core.environment:checking '/home/shrey/ros2_ws/install/arm_gazebo/lib/python3.10/site-packages'
[0.677s] Level 1:colcon.colcon_core.environment:checking '/home/shrey/ros2_ws/install/arm_gazebo/bin'
[0.677s] INFO:colcon.colcon_core.shell:Creating package script '/home/shrey/ros2_ws/install/arm_gazebo/share/arm_gazebo/package.ps1'
[0.678s] INFO:colcon.colcon_core.shell:Creating package descriptor '/home/shrey/ros2_ws/install/arm_gazebo/share/arm_gazebo/package.dsv'
[0.678s] INFO:colcon.colcon_core.shell:Creating package script '/home/shrey/ros2_ws/install/arm_gazebo/share/arm_gazebo/package.sh'
[0.678s] INFO:colcon.colcon_core.shell:Creating package script '/home/shrey/ros2_ws/install/arm_gazebo/share/arm_gazebo/package.bash'
[0.679s] INFO:colcon.colcon_core.shell:Creating package script '/home/shrey/ros2_ws/install/arm_gazebo/share/arm_gazebo/package.zsh'
[0.679s] Level 1:colcon.colcon_core.environment:create_file_with_runtime_dependencies(/home/shrey/ros2_ws/install/arm_gazebo/share/colcon-core/packages/arm_gazebo)
[0.680s] DEBUG:colcon.colcon_parallel_executor.executor.parallel:closing loop
[0.681s] DEBUG:colcon.colcon_parallel_executor.executor.parallel:loop closed
[0.682s] DEBUG:colcon.colcon_parallel_executor.executor.parallel:run_until_complete finished with '0'
[0.682s] DEBUG:colcon.colcon_core.event_reactor:joining thread
[0.776s] INFO:colcon.colcon_core.plugin_system:Skipping extension 'colcon_notification.desktop_notification.notify_send': Could not find 'notify-send'
[0.776s] INFO:colcon.colcon_core.plugin_system:Skipping extension 'colcon_notification.desktop_notification.terminal_notifier': Not used on non-Darwin systems
[0.776s] INFO:colcon.colcon_core.plugin_system:Skipping extension 'colcon_notification.desktop_notification.win32': Not used on non-Windows systems
[0.777s] INFO:colcon.colcon_notification.desktop_notification:Sending desktop notification using 'notify2'
[0.778s] DEBUG:colcon.colcon_notification.desktop_notification.notify2:Failed to initialize notify2: org.freedesktop.DBus.Error.ServiceUnknown: The name org.freedesktop.Notifications was not provided by any .service files
[0.779s] DEBUG:colcon.colcon_core.event_reactor:joined thread
[0.779s] INFO:colcon.colcon_core.shell:Creating prefix script '/home/shrey/ros2_ws/install/local_setup.ps1'
[0.781s] INFO:colcon.colcon_core.shell:Creating prefix util module '/home/shrey/ros2_ws/install/_local_setup_util_ps1.py'
[0.782s] INFO:colcon.colcon_core.shell:Creating prefix chain script '/home/shrey/ros2_ws/install/setup.ps1'
[0.784s] INFO:colcon.colcon_core.shell:Creating prefix script '/home/shrey/ros2_ws/install/local_setup.sh'
[0.784s] INFO:colcon.colcon_core.shell:Creating prefix util module '/home/shrey/ros2_ws/install/_local_setup_util_sh.py'
[0.785s] INFO:colcon.colcon_core.shell:Creating prefix chain script '/home/shrey/ros2_ws/install/setup.sh'
[0.786s] INFO:colcon.colcon_core.shell:Creating prefix script '/home/shrey/ros2_ws/install/local_setup.bash'
[0.787s] INFO:colcon.colcon_core.shell:Creating prefix chain script '/home/shrey/ros2_ws/install/setup.bash'
[0.788s] INFO:colcon.colcon_core.shell:Creating prefix script '/home/shrey/ros2_ws/install/local_setup.zsh'
[0.789s] INFO:colcon.colcon_core.shell:Creating prefix chain script '/home/shrey/ros2_ws/install/setup.zsh'
