-- Found ament_cmake: 1.3.11 (/opt/ros/humble/share/ament_cmake/cmake)
-- Override CMake install command with custom implementation using symlinks instead of copying resources
-- Found rclcpp: 16.0.11 (/opt/ros/humble/share/rclcpp/cmake)
-- Found rosidl_generator_c: 3.1.6 (/opt/ros/humble/share/rosidl_generator_c/cmake)
-- Found rosidl_adapter: 3.1.6 (/opt/ros/humble/share/rosidl_adapter/cmake)
-- Found rosidl_generator_cpp: 3.1.6 (/opt/ros/humble/share/rosidl_generator_cpp/cmake)
-- Using all available rosidl_typesupport_c: rosidl_typesupport_fastrtps_c;rosidl_typesupport_introspection_c
-- Using all available rosidl_typesupport_cpp: rosidl_typesupport_fastrtps_cpp;rosidl_typesupport_introspection_cpp
-- Found rmw_implementation_cmake: 6.1.2 (/opt/ros/humble/share/rmw_implementation_cmake/cmake)
-- Found rmw_fastrtps_cpp: 6.2.7 (/opt/ros/humble/share/rmw_fastrtps_cpp/cmake)
-- Using RMW implementation 'rmw_fastrtps_cpp' as default
-- Found sensor_msgs: 4.2.4 (/opt/ros/humble/share/sensor_msgs/cmake)
-- Found ament_lint_auto: 0.12.11 (/opt/ros/humble/share/ament_lint_auto/cmake)
-- Added test 'cppcheck' to perform static code analysis on C / C++ code
-- Configured cppcheck include dirs: 
-- Configured cppcheck exclude dirs and/or files: 
-- Added test 'lint_cmake' to check CMake code style
-- Added test 'uncrustify' to check C / C++ code style
-- Configured uncrustify additional arguments: 
-- Added test 'xmllint' to check XML markup files
-- Configuring done
-- Generating done
-- Build files have been written to: /home/shrey/ros2_ws/build/arm_controller
-- Install configuration: ""
-- Execute custom install script
-- Symlinking: /home/shrey/ros2_ws/install/arm_controller/share/ament_index/resource_index/package_run_dependencies/arm_controller
-- Symlinking: /home/shrey/ros2_ws/install/arm_controller/share/ament_index/resource_index/parent_prefix_path/arm_controller
-- Symlinking: /home/shrey/ros2_ws/install/arm_controller/share/arm_controller/environment/ament_prefix_path.sh
-- Symlinking: /home/shrey/ros2_ws/install/arm_controller/share/arm_controller/environment/ament_prefix_path.dsv
-- Symlinking: /home/shrey/ros2_ws/install/arm_controller/share/arm_controller/environment/path.sh
-- Symlinking: /home/shrey/ros2_ws/install/arm_controller/share/arm_controller/environment/path.dsv
-- Symlinking: /home/shrey/ros2_ws/install/arm_controller/share/arm_controller/local_setup.bash
-- Symlinking: /home/shrey/ros2_ws/install/arm_controller/share/arm_controller/local_setup.sh
-- Symlinking: /home/shrey/ros2_ws/install/arm_controller/share/arm_controller/local_setup.zsh
-- Symlinking: /home/shrey/ros2_ws/install/arm_controller/share/arm_controller/local_setup.dsv
-- Symlinking: /home/shrey/ros2_ws/install/arm_controller/share/arm_controller/package.dsv
-- Symlinking: /home/shrey/ros2_ws/install/arm_controller/share/ament_index/resource_index/packages/arm_controller
-- Symlinking: /home/shrey/ros2_ws/install/arm_controller/share/arm_controller/cmake/arm_controllerConfig.cmake
-- Symlinking: /home/shrey/ros2_ws/install/arm_controller/share/arm_controller/cmake/arm_controllerConfig-version.cmake
-- Symlinking: /home/shrey/ros2_ws/install/arm_controller/share/arm_controller/package.xml
