[0.076s] Invoking command in '/home/shrey/ros2_ws/build/arm_controller': CMAKE_PREFIX_PATH=${CMAKE_PREFIX_PATH}:/opt/ros/humble /usr/bin/cmake /home/shrey/ros2_ws/src/arm_controller -DAMENT_CMAKE_SYMLINK_INSTALL=1 -DCMAKE_INSTALL_PREFIX=/home/shrey/ros2_ws/install/arm_controller
[0.223s] -- Found ament_cmake: 1.3.11 (/opt/ros/humble/share/ament_cmake/cmake)
[0.573s] -- Override CMake install command with custom implementation using symlinks instead of copying resources
[0.641s] -- Found rclcpp: 16.0.11 (/opt/ros/humble/share/rclcpp/cmake)
[1.127s] -- Found rosidl_generator_c: 3.1.6 (/opt/ros/humble/share/rosidl_generator_c/cmake)
[1.140s] -- Found rosidl_adapter: 3.1.6 (/opt/ros/humble/share/rosidl_adapter/cmake)
[1.172s] -- Found rosidl_generator_cpp: 3.1.6 (/opt/ros/humble/share/rosidl_generator_cpp/cmake)
[1.226s] -- Using all available rosidl_typesupport_c: rosidl_typesupport_fastrtps_c;rosidl_typesupport_introspection_c
[1.282s] -- Using all available rosidl_typesupport_cpp: rosidl_typesupport_fastrtps_cpp;rosidl_typesupport_introspection_cpp
[1.449s] -- Found rmw_implementation_cmake: 6.1.2 (/opt/ros/humble/share/rmw_implementation_cmake/cmake)
[1.458s] -- Found rmw_fastrtps_cpp: 6.2.7 (/opt/ros/humble/share/rmw_fastrtps_cpp/cmake)
[8.332s] -- Using RMW implementation 'rmw_fastrtps_cpp' as default
[8.543s] -- Found sensor_msgs: 4.2.4 (/opt/ros/humble/share/sensor_msgs/cmake)
[8.659s] -- Found ament_lint_auto: 0.12.11 (/opt/ros/humble/share/ament_lint_auto/cmake)
[8.832s] -- Added test 'cppcheck' to perform static code analysis on C / C++ code
[8.834s] -- Configured cppcheck include dirs: 
[8.834s] -- Configured cppcheck exclude dirs and/or files: 
[8.836s] -- Added test 'lint_cmake' to check CMake code style
[8.836s] -- Added test 'uncrustify' to check C / C++ code style
[8.836s] -- Configured uncrustify additional arguments: 
[8.837s] -- Added test 'xmllint' to check XML markup files
[8.844s] -- Configuring done
[8.868s] -- Generating done
[8.879s] -- Build files have been written to: /home/shrey/ros2_ws/build/arm_controller
[8.906s] Invoked command in '/home/shrey/ros2_ws/build/arm_controller' returned '0': CMAKE_PREFIX_PATH=${CMAKE_PREFIX_PATH}:/opt/ros/humble /usr/bin/cmake /home/shrey/ros2_ws/src/arm_controller -DAMENT_CMAKE_SYMLINK_INSTALL=1 -DCMAKE_INSTALL_PREFIX=/home/shrey/ros2_ws/install/arm_controller
[8.911s] Invoking command in '/home/shrey/ros2_ws/build/arm_controller': CMAKE_PREFIX_PATH=${CMAKE_PREFIX_PATH}:/opt/ros/humble /usr/bin/cmake --build /home/shrey/ros2_ws/build/arm_controller -- -j12 -l12
[9.018s] Invoked command in '/home/shrey/ros2_ws/build/arm_controller' returned '0': CMAKE_PREFIX_PATH=${CMAKE_PREFIX_PATH}:/opt/ros/humble /usr/bin/cmake --build /home/shrey/ros2_ws/build/arm_controller -- -j12 -l12
[9.022s] Invoking command in '/home/shrey/ros2_ws/build/arm_controller': CMAKE_PREFIX_PATH=${CMAKE_PREFIX_PATH}:/opt/ros/humble /usr/bin/cmake --install /home/shrey/ros2_ws/build/arm_controller
[9.035s] -- Install configuration: ""
[9.036s] -- Execute custom install script
[9.036s] -- Symlinking: /home/shrey/ros2_ws/install/arm_controller/share/ament_index/resource_index/package_run_dependencies/arm_controller
[9.068s] -- Symlinking: /home/shrey/ros2_ws/install/arm_controller/share/ament_index/resource_index/parent_prefix_path/arm_controller
[9.091s] -- Symlinking: /home/shrey/ros2_ws/install/arm_controller/share/arm_controller/environment/ament_prefix_path.sh
[9.117s] -- Symlinking: /home/shrey/ros2_ws/install/arm_controller/share/arm_controller/environment/ament_prefix_path.dsv
[9.138s] -- Symlinking: /home/shrey/ros2_ws/install/arm_controller/share/arm_controller/environment/path.sh
[9.158s] -- Symlinking: /home/shrey/ros2_ws/install/arm_controller/share/arm_controller/environment/path.dsv
[9.176s] -- Symlinking: /home/shrey/ros2_ws/install/arm_controller/share/arm_controller/local_setup.bash
[9.195s] -- Symlinking: /home/shrey/ros2_ws/install/arm_controller/share/arm_controller/local_setup.sh
[9.217s] -- Symlinking: /home/shrey/ros2_ws/install/arm_controller/share/arm_controller/local_setup.zsh
[9.237s] -- Symlinking: /home/shrey/ros2_ws/install/arm_controller/share/arm_controller/local_setup.dsv
[9.260s] -- Symlinking: /home/shrey/ros2_ws/install/arm_controller/share/arm_controller/package.dsv
[9.279s] -- Symlinking: /home/shrey/ros2_ws/install/arm_controller/share/ament_index/resource_index/packages/arm_controller
[9.304s] -- Symlinking: /home/shrey/ros2_ws/install/arm_controller/share/arm_controller/cmake/arm_controllerConfig.cmake
[9.323s] -- Symlinking: /home/shrey/ros2_ws/install/arm_controller/share/arm_controller/cmake/arm_controllerConfig-version.cmake
[9.344s] -- Symlinking: /home/shrey/ros2_ws/install/arm_controller/share/arm_controller/package.xml
[9.368s] Invoked command in '/home/shrey/ros2_ws/build/arm_controller' returned '0': CMAKE_PREFIX_PATH=${CMAKE_PREFIX_PATH}:/opt/ros/humble /usr/bin/cmake --install /home/shrey/ros2_ws/build/arm_controller
