[0.071s] Invoking command in '/home/shrey/ros2_ws/build/arm_description': CMAKE_PREFIX_PATH=${CMAKE_PREFIX_PATH}:/opt/ros/humble /usr/bin/cmake /home/shrey/ros2_ws/src/arm_description -DCMAKE_INSTALL_PREFIX=/home/shrey/ros2_ws/install/arm_description
[0.177s] -- Found ament_cmake: 1.3.11 (/opt/ros/humble/share/ament_cmake/cmake)
[0.494s] -- Override CMake install command with custom implementation using symlinks instead of copying resources
[0.561s] -- Found ament_lint_auto: 0.12.11 (/opt/ros/humble/share/ament_lint_auto/cmake)
[0.781s] -- Added test 'flake8' to check Python code syntax and style conventions
[0.786s] -- Added test 'lint_cmake' to check CMake code style
[0.788s] -- Added test 'pep257' to check Python code against some of the docstring style conventions in PEP 257
[0.798s] -- Added test 'xmllint' to check XML markup files
[0.806s] -- Configuring done
[0.829s] -- Generating done
[0.835s] -- Build files have been written to: /home/shrey/ros2_ws/build/arm_description
[0.855s] Invoked command in '/home/shrey/ros2_ws/build/arm_description' returned '0': CMAKE_PREFIX_PATH=${CMAKE_PREFIX_PATH}:/opt/ros/humble /usr/bin/cmake /home/shrey/ros2_ws/src/arm_description -DCMAKE_INSTALL_PREFIX=/home/shrey/ros2_ws/install/arm_description
[0.857s] Invoking command in '/home/shrey/ros2_ws/build/arm_description': CMAKE_PREFIX_PATH=${CMAKE_PREFIX_PATH}:/opt/ros/humble /usr/bin/cmake --build /home/shrey/ros2_ws/build/arm_description -- -j12 -l12
[0.945s] Invoked command in '/home/shrey/ros2_ws/build/arm_description' returned '0': CMAKE_PREFIX_PATH=${CMAKE_PREFIX_PATH}:/opt/ros/humble /usr/bin/cmake --build /home/shrey/ros2_ws/build/arm_description -- -j12 -l12
[0.970s] Invoking command in '/home/shrey/ros2_ws/build/arm_description': CMAKE_PREFIX_PATH=${CMAKE_PREFIX_PATH}:/opt/ros/humble /usr/bin/cmake --install /home/shrey/ros2_ws/build/arm_description
[0.983s] -- Install configuration: ""
[0.985s] -- Execute custom install script
[0.987s] -- Up-to-date symlink: /home/shrey/ros2_ws/install/arm_description/share/arm_description//launch/display.launch.py
[0.988s] -- Up-to-date symlink: /home/shrey/ros2_ws/install/arm_description/share/arm_description//urdf/arm.urdf
[0.988s] -- Up-to-date symlink: /home/shrey/ros2_ws/install/arm_description/share/arm_description//urdf/arm.urdf.xacro
[0.989s] -- Up-to-date symlink: /home/shrey/ros2_ws/install/arm_description/share/arm_description//urdf/arm_hardware_interface.xacro
[0.990s] -- Up-to-date symlink: /home/shrey/ros2_ws/install/arm_description/share/ament_index/resource_index/package_run_dependencies/arm_description
[0.991s] -- Up-to-date symlink: /home/shrey/ros2_ws/install/arm_description/share/ament_index/resource_index/parent_prefix_path/arm_description
[0.992s] -- Up-to-date symlink: /home/shrey/ros2_ws/install/arm_description/share/arm_description/environment/ament_prefix_path.sh
[0.993s] -- Up-to-date symlink: /home/shrey/ros2_ws/install/arm_description/share/arm_description/environment/ament_prefix_path.dsv
[0.994s] -- Up-to-date symlink: /home/shrey/ros2_ws/install/arm_description/share/arm_description/environment/path.sh
[0.995s] -- Up-to-date symlink: /home/shrey/ros2_ws/install/arm_description/share/arm_description/environment/path.dsv
[0.997s] -- Up-to-date symlink: /home/shrey/ros2_ws/install/arm_description/share/arm_description/local_setup.bash
[0.999s] -- Up-to-date symlink: /home/shrey/ros2_ws/install/arm_description/share/arm_description/local_setup.sh
[0.999s] -- Up-to-date symlink: /home/shrey/ros2_ws/install/arm_description/share/arm_description/local_setup.zsh
[1.001s] -- Up-to-date symlink: /home/shrey/ros2_ws/install/arm_description/share/arm_description/local_setup.dsv
[1.002s] -- Symlinking: /home/shrey/ros2_ws/install/arm_description/share/arm_description/package.dsv
[1.022s] -- Up-to-date symlink: /home/shrey/ros2_ws/install/arm_description/share/ament_index/resource_index/packages/arm_description
[1.024s] -- Up-to-date symlink: /home/shrey/ros2_ws/install/arm_description/share/arm_description/cmake/arm_descriptionConfig.cmake
[1.024s] -- Up-to-date symlink: /home/shrey/ros2_ws/install/arm_description/share/arm_description/cmake/arm_descriptionConfig-version.cmake
[1.025s] -- Up-to-date symlink: /home/shrey/ros2_ws/install/arm_description/share/arm_description/package.xml
[1.031s] Invoked command in '/home/shrey/ros2_ws/build/arm_description' returned '0': CMAKE_PREFIX_PATH=${CMAKE_PREFIX_PATH}:/opt/ros/humble /usr/bin/cmake --install /home/shrey/ros2_ws/build/arm_description
