[0.032s] Invoking command in '/home/shrey/ros2_ws/build/arm_gazebo': CMAKE_PREFIX_PATH=${CMAKE_PREFIX_PATH}:/opt/ros/humble /usr/bin/cmake --build /home/shrey/ros2_ws/build/arm_gazebo -- -j12 -l12
[0.085s] Invoked command in '/home/shrey/ros2_ws/build/arm_gazebo' returned '0': CMAKE_PREFIX_PATH=${CMAKE_PREFIX_PATH}:/opt/ros/humble /usr/bin/cmake --build /home/shrey/ros2_ws/build/arm_gazebo -- -j12 -l12
[0.087s] Invoking command in '/home/shrey/ros2_ws/build/arm_gazebo': CMAKE_PREFIX_PATH=${CMAKE_PREFIX_PATH}:/opt/ros/humble /usr/bin/cmake --install /home/shrey/ros2_ws/build/arm_gazebo
[0.097s] -- Install configuration: ""
[0.098s] -- Execute custom install script
[0.098s] -- Up-to-date symlink: /home/shrey/ros2_ws/install/arm_gazebo/share/arm_gazebo/launch/arm_world.launch.py
[0.099s] -- Up-to-date symlink: /home/shrey/ros2_ws/install/arm_gazebo/share/ament_index/resource_index/package_run_dependencies/arm_gazebo
[0.099s] -- Up-to-date symlink: /home/shrey/ros2_ws/install/arm_gazebo/share/ament_index/resource_index/parent_prefix_path/arm_gazebo
[0.099s] -- Up-to-date symlink: /home/shrey/ros2_ws/install/arm_gazebo/share/arm_gazebo/environment/ament_prefix_path.sh
[0.099s] -- Up-to-date symlink: /home/shrey/ros2_ws/install/arm_gazebo/share/arm_gazebo/environment/ament_prefix_path.dsv
[0.100s] -- Up-to-date symlink: /home/shrey/ros2_ws/install/arm_gazebo/share/arm_gazebo/environment/path.sh
[0.100s] -- Up-to-date symlink: /home/shrey/ros2_ws/install/arm_gazebo/share/arm_gazebo/environment/path.dsv
[0.101s] -- Up-to-date symlink: /home/shrey/ros2_ws/install/arm_gazebo/share/arm_gazebo/local_setup.bash
[0.101s] -- Up-to-date symlink: /home/shrey/ros2_ws/install/arm_gazebo/share/arm_gazebo/local_setup.sh
[0.101s] -- Up-to-date symlink: /home/shrey/ros2_ws/install/arm_gazebo/share/arm_gazebo/local_setup.zsh
[0.101s] -- Up-to-date symlink: /home/shrey/ros2_ws/install/arm_gazebo/share/arm_gazebo/local_setup.dsv
[0.102s] -- Symlinking: /home/shrey/ros2_ws/install/arm_gazebo/share/arm_gazebo/package.dsv
[0.116s] -- Up-to-date symlink: /home/shrey/ros2_ws/install/arm_gazebo/share/ament_index/resource_index/packages/arm_gazebo
[0.117s] -- Up-to-date symlink: /home/shrey/ros2_ws/install/arm_gazebo/share/arm_gazebo/cmake/arm_gazeboConfig.cmake
[0.117s] -- Up-to-date symlink: /home/shrey/ros2_ws/install/arm_gazebo/share/arm_gazebo/cmake/arm_gazeboConfig-version.cmake
[0.117s] -- Up-to-date symlink: /home/shrey/ros2_ws/install/arm_gazebo/share/arm_gazebo/package.xml
[0.145s] Invoked command in '/home/shrey/ros2_ws/build/arm_gazebo' returned '0': CMAKE_PREFIX_PATH=${CMAKE_PREFIX_PATH}:/opt/ros/humble /usr/bin/cmake --install /home/shrey/ros2_ws/build/arm_gazebo
