[0.000000] (-) TimerEvent: {}
[0.000423] (-) JobUnselected: {'identifier': 'arm_description'}
[0.000547] (arm_gazebo) JobQueued: {'identifier': 'arm_gazebo', 'dependencies': OrderedDict()}
[0.000661] (arm_gazebo) JobStarted: {'identifier': 'arm_gazebo'}
[0.021561] (arm_gazebo) JobProgress: {'identifier': 'arm_gazebo', 'progress': 'cmake'}
[0.025723] (arm_gazebo) Command: {'cmd': ['/usr/bin/cmake', '/home/shrey/ros2_ws/src/arm_gazebo', '-DCMAKE_INSTALL_PREFIX=/home/shrey/ros2_ws/install/arm_gazebo'], 'cwd': '/home/shrey/ros2_ws/build/arm_gazebo', 'env': OrderedDict([('USER', 'shrey'), ('SHLVL', '1'), ('LIBGL_ALWAYS_SOFTWARE', '1'), ('LD_LIBRARY_PATH', '/usr/lib/x86_64-linux-gnu/gazebo-11/plugins:/opt/ros/humble/opt/rviz_ogre_vendor/lib:/opt/ros/humble/lib/x86_64-linux-gnu:/opt/ros/humble/lib:/usr/lib/x86_64-linux-gnu/gazebo-11/plugins::/usr/lib/x86_64-linux-gnu/gazebo-11:/usr/lib/x86_64-linux-gnu/gazebo-11/plugins:/usr/lib/x86_64-linux-gnu/gazebo-11/plugins:/usr/lib/x86_64-linux-gnu/gazebo-11/plugins:/usr/lib/x86_64-linux-gnu/gazebo-11'), ('HOME', '/home/shrey'), ('OLDPWD', '/home/shrey/ros2_ws'), ('GAZEBO_MASTER_URI', 'http://localhost:11345'), ('ROS_PYTHON_VERSION', '3'), ('DBUS_SESSION_BUS_ADDRESS', 'unix:path=/run/user/1000/bus'), ('WSL_DISTRO_NAME', 'Ubuntu-22.04'), ('WAYLAND_DISPLAY', 'wayland-0'), ('COLCON_PREFIX_PATH', '/home/shrey/ros2_ws/install'), ('ROS_DISTRO', 'humble'), ('LOGNAME', 'shrey'), ('NAME', 'LAPTOP-NF81MTHA'), ('WSL_INTEROP', '/run/WSL/394_interop'), ('PULSE_SERVER', 'unix:/mnt/wslg/PulseServer'), ('_', '/usr/bin/colcon'), ('ROS_VERSION', '2'), ('TERM', 'xterm-256color'), ('GAZEBO_MODEL_PATH', '/usr/share/gazebo-11/models'), ('ROS_LOCALHOST_ONLY', '0'), ('OGRE_RESOURCE_PATH', '/usr/lib/x86_64-linux-gnu/OGRE-1.9.0'), ('PATH', '/usr/bin:/usr/bin:/opt/ros/humble/bin:/usr/local/sbin:/usr/local/bin:/usr/sbin:/usr/bin:/sbin:/bin:/usr/games:/usr/local/games:/usr/lib/wsl/lib:/mnt/c/Program Files/Common Files/Oracle/Java/javapath:/mnt/c/oraclexe/app/oracle/product/10.2.0/server/bin:/mnt/c/Python312/Scripts/:/mnt/c/Python312/:/mnt/c/Python311/Scripts/:/mnt/c/Python311/:/mnt/c/WINDOWS/system32:/mnt/c/WINDOWS:/mnt/c/WINDOWS/System32/Wbem:/mnt/c/WINDOWS/System32/WindowsPowerShell/v1.0/:/mnt/c/WINDOWS/System32/OpenSSH/:/mnt/c/Program Files (x86)/Microsoft SQL Server/160/Tools/Binn/:/mnt/c/Program Files/Microsoft SQL Server/160/Tools/Binn/:/mnt/c/Program Files/Microsoft SQL Server/Client SDK/ODBC/170/Tools/Binn/:/mnt/c/Program Files/Microsoft SQL Server/160/DTS/Binn/:/mnt/c/ProgramData/chocolatey/bin:/mnt/c/Program Files/nodejs/:/mnt/c/Program Files/nodejs:/mnt/c/Program Files/Docker/Docker/resources/bin:/mnt/c/Users/shrey/Documents/A13/apache-maven-3.9.9-bin/apache-maven-3.9.9/bin:/mnt/c/Program Files/Java/jdk-21/bin:/mnt/c/apache-maven-3.9.9/bin:/mnt/c/Users/shrey/AppData/Local/Microsoft/WindowsApps:/mnt/c/Users/shrey/AppData/Local/Programs/Microsoft VS Code/bin:/mnt/c/Program Files (x86)/MinGW/bin:/mnt/c/Users/shrey/Documents/mongosh-1.10.5-win32-x64/mongosh-1.10.5-win32-x64/bin:/mnt/c/Users/shrey/AppData/Roaming/npm:/mnt/c/Program Files/Git/bin:/mnt/c/Program Files/JetBrains/PyCharm 2023.3.3/bin:/mnt/c/Program Files/JetBrains/PyCharm Community Edition 2023.3.3/bin:/mnt/c/Program Files/JetBrains/IntelliJ IDEA Community Edition 2023.3.4/bin:/snap/bin:/usr/bin:/usr/lib/x86_64-linux-gnu/gazebo-11:/usr/bin:/usr/lib/x86_64-linux-gnu/gazebo-11'), ('XDG_RUNTIME_DIR', '/run/user/1000/'), ('DISPLAY', ':0'), ('LANG', 'en_US.UTF-8'), ('AMENT_PREFIX_PATH', '/home/shrey/ros2_ws/install/arm_description:/opt/ros/humble'), ('SHELL', '/bin/bash'), ('GAZEBO_RESOURCE_PATH', '/usr/share/gazebo-11'), ('GAZEBO_MODEL_DATABASE_URI', 'http://models.gazebosim.org'), ('PWD', '/home/shrey/ros2_ws/build/arm_gazebo'), ('GAZEBO_PLUGIN_PATH', '/usr/lib/x86_64-linux-gnu/gazebo-11/plugins:/usr/lib/x86_64-linux-gnu/gazebo-11/plugins'), ('XDG_DATA_DIRS', '/usr/local/share:/usr/share:/var/lib/snapd/desktop'), ('PYTHONPATH', '/opt/ros/humble/lib/python3.10/site-packages:/opt/ros/humble/local/lib/python3.10/dist-packages'), ('COLCON', '1'), ('WSL2_GUI_APPS_ENABLED', '1'), ('HOSTTYPE', 'x86_64'), ('CMAKE_PREFIX_PATH', '/home/shrey/ros2_ws/install/arm_description:/opt/ros/humble'), ('WSLENV', '')]), 'shell': False}
[0.098635] (-) TimerEvent: {}
[0.199752] (-) TimerEvent: {}
[0.300805] (-) TimerEvent: {}
[0.401426] (-) TimerEvent: {}
[0.485462] (arm_gazebo) StdoutLine: {'line': b'-- The C compiler identification is GNU 11.4.0\n'}
[0.502188] (-) TimerEvent: {}
[0.602995] (-) TimerEvent: {}
[0.703795] (-) TimerEvent: {}
[0.804579] (-) TimerEvent: {}
[0.905399] (-) TimerEvent: {}
[1.006259] (-) TimerEvent: {}
[1.107360] (-) TimerEvent: {}
[1.208384] (-) TimerEvent: {}
[1.309381] (-) TimerEvent: {}
[1.410090] (-) TimerEvent: {}
[1.453399] (arm_gazebo) StdoutLine: {'line': b'-- The CXX compiler identification is GNU 11.4.0\n'}
[1.510465] (-) TimerEvent: {}
[1.611069] (-) TimerEvent: {}
[1.711754] (-) TimerEvent: {}
[1.812510] (-) TimerEvent: {}
[1.913533] (-) TimerEvent: {}
[2.014326] (-) TimerEvent: {}
[2.118292] (-) TimerEvent: {}
[2.136145] (arm_gazebo) StdoutLine: {'line': b'-- Detecting C compiler ABI info\n'}
[2.218690] (-) TimerEvent: {}
[2.319378] (-) TimerEvent: {}
[2.398430] (arm_gazebo) StdoutLine: {'line': b'-- Detecting C compiler ABI info - done\n'}
[2.405501] (arm_gazebo) StdoutLine: {'line': b'-- Check for working C compiler: /usr/bin/cc - skipped\n'}
[2.406697] (arm_gazebo) StdoutLine: {'line': b'-- Detecting C compile features\n'}
[2.407674] (arm_gazebo) StdoutLine: {'line': b'-- Detecting C compile features - done\n'}
[2.414951] (arm_gazebo) StdoutLine: {'line': b'-- Detecting CXX compiler ABI info\n'}
[2.419792] (-) TimerEvent: {}
[2.520548] (-) TimerEvent: {}
[2.621231] (-) TimerEvent: {}
[2.661084] (arm_gazebo) StdoutLine: {'line': b'-- Detecting CXX compiler ABI info - done\n'}
[2.668699] (arm_gazebo) StdoutLine: {'line': b'-- Check for working CXX compiler: /usr/bin/c++ - skipped\n'}
[2.669209] (arm_gazebo) StdoutLine: {'line': b'-- Detecting CXX compile features\n'}
[2.669346] (arm_gazebo) StdoutLine: {'line': b'-- Detecting CXX compile features - done\n'}
[2.696969] (arm_gazebo) StdoutLine: {'line': b'-- Found ament_cmake: 1.3.11 (/opt/ros/humble/share/ament_cmake/cmake)\n'}
[2.721717] (-) TimerEvent: {}
[2.824695] (-) TimerEvent: {}
[2.926111] (-) TimerEvent: {}
[3.029971] (-) TimerEvent: {}
[3.134274] (-) TimerEvent: {}
[3.160202] (arm_gazebo) StdoutLine: {'line': b'-- Found Python3: /usr/bin/python3 (found version "3.10.12") found components: Interpreter \n'}
[3.237036] (-) TimerEvent: {}
[3.330057] (arm_gazebo) StdoutLine: {'line': b'-- Found gazebo_ros: 3.9.0 (/opt/ros/humble/share/gazebo_ros/cmake)\n'}
[3.337539] (-) TimerEvent: {}
[3.439080] (-) TimerEvent: {}
[3.543093] (-) TimerEvent: {}
[3.647074] (-) TimerEvent: {}
[3.709292] (arm_gazebo) StdoutLine: {'line': b'-- Found rosidl_generator_c: 3.1.6 (/opt/ros/humble/share/rosidl_generator_c/cmake)\n'}
[3.720471] (arm_gazebo) StdoutLine: {'line': b'-- Found rosidl_adapter: 3.1.6 (/opt/ros/humble/share/rosidl_adapter/cmake)\n'}
[3.744697] (arm_gazebo) StdoutLine: {'line': b'-- Found rosidl_generator_cpp: 3.1.6 (/opt/ros/humble/share/rosidl_generator_cpp/cmake)\n'}
[3.747281] (-) TimerEvent: {}
[3.781962] (arm_gazebo) StdoutLine: {'line': b'-- Using all available rosidl_typesupport_c: rosidl_typesupport_fastrtps_c;rosidl_typesupport_introspection_c\n'}
[3.826938] (arm_gazebo) StdoutLine: {'line': b'-- Using all available rosidl_typesupport_cpp: rosidl_typesupport_fastrtps_cpp;rosidl_typesupport_introspection_cpp\n'}
[3.848393] (-) TimerEvent: {}
[3.942815] (arm_gazebo) StdoutLine: {'line': b'-- Found rmw_implementation_cmake: 6.1.2 (/opt/ros/humble/share/rmw_implementation_cmake/cmake)\n'}
[3.948797] (-) TimerEvent: {}
[3.949654] (arm_gazebo) StdoutLine: {'line': b'-- Found rmw_fastrtps_cpp: 6.2.7 (/opt/ros/humble/share/rmw_fastrtps_cpp/cmake)\n'}
[4.053117] (-) TimerEvent: {}
[4.157794] (-) TimerEvent: {}
[4.258677] (-) TimerEvent: {}
[4.363298] (-) TimerEvent: {}
[4.465811] (-) TimerEvent: {}
[4.570456] (-) TimerEvent: {}
[4.671030] (-) TimerEvent: {}
[4.775644] (-) TimerEvent: {}
[4.880305] (-) TimerEvent: {}
[4.983303] (-) TimerEvent: {}
[5.087889] (-) TimerEvent: {}
[5.188912] (-) TimerEvent: {}
[5.289563] (-) TimerEvent: {}
[5.391123] (-) TimerEvent: {}
[5.494577] (-) TimerEvent: {}
[5.599167] (-) TimerEvent: {}
[5.700503] (-) TimerEvent: {}
[5.798633] (arm_gazebo) StdoutLine: {'line': b'-- Found OpenSSL: /usr/lib/x86_64-linux-gnu/libcrypto.so (found version "3.0.2")  \n'}
[5.800715] (-) TimerEvent: {}
[5.902707] (-) TimerEvent: {}
[6.006171] (-) TimerEvent: {}
[6.110895] (-) TimerEvent: {}
[6.212513] (-) TimerEvent: {}
[6.317238] (-) TimerEvent: {}
[6.421982] (-) TimerEvent: {}
[6.526153] (-) TimerEvent: {}
[6.627171] (-) TimerEvent: {}
[6.727711] (-) TimerEvent: {}
[6.828407] (-) TimerEvent: {}
[6.929486] (-) TimerEvent: {}
[7.030605] (-) TimerEvent: {}
[7.131867] (-) TimerEvent: {}
[7.233093] (-) TimerEvent: {}
[7.333913] (-) TimerEvent: {}
[7.434731] (-) TimerEvent: {}
[7.535650] (-) TimerEvent: {}
[7.636565] (-) TimerEvent: {}
[7.737543] (-) TimerEvent: {}
[7.838651] (-) TimerEvent: {}
[7.939084] (-) TimerEvent: {}
[8.040103] (-) TimerEvent: {}
[8.128661] (arm_gazebo) StdoutLine: {'line': b'-- Found FastRTPS: /opt/ros/humble/include  \n'}
[8.140824] (-) TimerEvent: {}
[8.242103] (-) TimerEvent: {}
[8.342865] (-) TimerEvent: {}
[8.443478] (-) TimerEvent: {}
[8.544345] (-) TimerEvent: {}
[8.644916] (-) TimerEvent: {}
[8.745573] (-) TimerEvent: {}
[8.846190] (-) TimerEvent: {}
[8.946794] (-) TimerEvent: {}
[9.047719] (-) TimerEvent: {}
[9.148765] (-) TimerEvent: {}
[9.249948] (-) TimerEvent: {}
[9.351044] (-) TimerEvent: {}
[9.451786] (-) TimerEvent: {}
[9.556342] (-) TimerEvent: {}
[9.660977] (-) TimerEvent: {}
[9.764239] (-) TimerEvent: {}
[9.867994] (-) TimerEvent: {}
[9.968648] (-) TimerEvent: {}
[10.069410] (-) TimerEvent: {}
[10.170190] (-) TimerEvent: {}
[10.270907] (-) TimerEvent: {}
[10.371766] (-) TimerEvent: {}
[10.472531] (-) TimerEvent: {}
[10.573269] (-) TimerEvent: {}
[10.674163] (-) TimerEvent: {}
[10.775092] (-) TimerEvent: {}
[10.875945] (-) TimerEvent: {}
[10.976864] (-) TimerEvent: {}
[11.077367] (-) TimerEvent: {}
[11.177887] (-) TimerEvent: {}
[11.278558] (-) TimerEvent: {}
[11.379168] (-) TimerEvent: {}
[11.479808] (-) TimerEvent: {}
[11.580432] (-) TimerEvent: {}
[11.681116] (-) TimerEvent: {}
[11.781922] (-) TimerEvent: {}
[11.882742] (-) TimerEvent: {}
[11.984189] (-) TimerEvent: {}
[12.089477] (-) TimerEvent: {}
[12.194571] (-) TimerEvent: {}
[12.299385] (-) TimerEvent: {}
[12.404672] (-) TimerEvent: {}
[12.460892] (arm_gazebo) StdoutLine: {'line': b"-- Using RMW implementation 'rmw_fastrtps_cpp' as default\n"}
[12.494068] (arm_gazebo) StdoutLine: {'line': b'-- Looking for pthread.h\n'}
[12.505393] (-) TimerEvent: {}
[12.605975] (-) TimerEvent: {}
[12.706439] (-) TimerEvent: {}
[12.761934] (arm_gazebo) StdoutLine: {'line': b'-- Looking for pthread.h - found\n'}
[12.762544] (arm_gazebo) StdoutLine: {'line': b'-- Performing Test CMAKE_HAVE_LIBC_PTHREAD\n'}
[12.806806] (-) TimerEvent: {}
[12.909242] (-) TimerEvent: {}
[13.003417] (arm_gazebo) StdoutLine: {'line': b'-- Performing Test CMAKE_HAVE_LIBC_PTHREAD - Success\n'}
[13.004636] (arm_gazebo) StdoutLine: {'line': b'-- Found Threads: TRUE  \n'}
[13.009654] (-) TimerEvent: {}
[13.111961] (-) TimerEvent: {}
[13.146287] (arm_gazebo) StdoutLine: {'line': b'-- Found PkgConfig: /usr/bin/pkg-config (found version "0.29.2") \n'}
[13.147940] (arm_gazebo) StdoutLine: {'line': b"-- Checking for module 'bullet>=2.82'\n"}
[13.168976] (arm_gazebo) StdoutLine: {'line': b'--   Found bullet, version 3.05\n'}
[13.214139] (-) TimerEvent: {}
[13.314641] (-) TimerEvent: {}
[13.410385] (arm_gazebo) StdoutLine: {'line': b'-- Found fcl: /usr/include (found suitable version "0.7.0", minimum required is "0.5.0") \n'}
[13.414786] (-) TimerEvent: {}
[13.485865] (arm_gazebo) StdoutLine: {'line': b'-- Found assimp: /usr/include (found version "5.2.0") \n'}
[13.516337] (-) TimerEvent: {}
[13.525481] (arm_gazebo) StdoutLine: {'line': b'-- Found DART: /usr/include (Required is at least version "6.6") found components: dart \n'}
[13.580799] (arm_gazebo) StdoutLine: {'line': b'-- Found Boost: /usr/lib/x86_64-linux-gnu/cmake/Boost-1.74.0/BoostConfig.cmake (found suitable version "1.74.0", minimum required is "1.40.0") found components: thread system filesystem program_options regex iostreams date_time \n'}
[13.618147] (-) TimerEvent: {}
[13.723301] (-) TimerEvent: {}
[13.828513] (-) TimerEvent: {}
[13.933664] (-) TimerEvent: {}
[14.038954] (-) TimerEvent: {}
[14.141551] (-) TimerEvent: {}
[14.245170] (-) TimerEvent: {}
[14.350357] (-) TimerEvent: {}
[14.383199] (arm_gazebo) StdoutLine: {'line': b'-- Found Protobuf: /usr/lib/x86_64-linux-gnu/libprotobuf.so (found version "3.12.4") \n'}
[14.393314] (arm_gazebo) StdoutLine: {'line': b'-- Looking for ignition-math6 -- found version 6.15.1\n'}
[14.411991] (arm_gazebo) StdoutLine: {'line': b'-- Searching for dependencies of ignition-math6\n'}
[14.418313] (arm_gazebo) StdoutLine: {'line': b'-- Looking for OGRE...\n'}
[14.418716] (arm_gazebo) StdoutLine: {'line': b'-- OGRE_PREFIX_WATCH changed.\n'}
[14.426532] (arm_gazebo) StdoutLine: {'line': b"-- Checking for module 'OGRE'\n"}
[14.444931] (arm_gazebo) StdoutLine: {'line': b'--   Found OGRE, version 1.9.0\n'}
[14.450963] (-) TimerEvent: {}
[14.500119] (arm_gazebo) StdoutLine: {'line': b'-- Found Ogre Ghadamon (1.9.0)\n'}
[14.553530] (-) TimerEvent: {}
[14.658680] (-) TimerEvent: {}
[14.763916] (-) TimerEvent: {}
[14.869193] (-) TimerEvent: {}
[14.974549] (-) TimerEvent: {}
[15.079881] (-) TimerEvent: {}
[15.182735] (-) TimerEvent: {}
[15.285123] (-) TimerEvent: {}
[15.335107] (arm_gazebo) StdoutLine: {'line': b'-- Found OGRE: optimized;/usr/lib/x86_64-linux-gnu/libOgreMain.so;debug;/usr/lib/x86_64-linux-gnu/libOgreMain.so\n'}
[15.346649] (arm_gazebo) StdoutLine: {'line': b'-- Looking for OGRE_Paging...\n'}
[15.385820] (-) TimerEvent: {}
[15.486337] (-) TimerEvent: {}
[15.591549] (-) TimerEvent: {}
[15.696839] (-) TimerEvent: {}
[15.799361] (-) TimerEvent: {}
[15.904530] (-) TimerEvent: {}
[16.009690] (-) TimerEvent: {}
[16.108919] (arm_gazebo) StdoutLine: {'line': b'-- Found OGRE_Paging: optimized;/usr/lib/x86_64-linux-gnu/libOgrePaging.so;debug;/usr/lib/x86_64-linux-gnu/libOgrePaging.so\n'}
[16.109210] (arm_gazebo) StdoutLine: {'line': b'-- Looking for OGRE_Terrain...\n'}
[16.109857] (-) TimerEvent: {}
[16.212021] (-) TimerEvent: {}
[16.314749] (-) TimerEvent: {}
[16.419957] (-) TimerEvent: {}
[16.525068] (-) TimerEvent: {}
[16.628408] (-) TimerEvent: {}
[16.733536] (-) TimerEvent: {}
[16.836666] (-) TimerEvent: {}
[16.872316] (arm_gazebo) StdoutLine: {'line': b'-- Found OGRE_Terrain: optimized;/usr/lib/x86_64-linux-gnu/libOgreTerrain.so;debug;/usr/lib/x86_64-linux-gnu/libOgreTerrain.so\n'}
[16.872515] (arm_gazebo) StdoutLine: {'line': b'-- Looking for OGRE_Property...\n'}
[16.939839] (-) TimerEvent: {}
[17.045022] (-) TimerEvent: {}
[17.150434] (-) TimerEvent: {}
[17.252976] (-) TimerEvent: {}
[17.356632] (-) TimerEvent: {}
[17.461792] (-) TimerEvent: {}
[17.566892] (-) TimerEvent: {}
[17.653243] (arm_gazebo) StdoutLine: {'line': b'-- Found OGRE_Property: optimized;/usr/lib/x86_64-linux-gnu/libOgreProperty.so;debug;/usr/lib/x86_64-linux-gnu/libOgreProperty.so\n'}
[17.653467] (arm_gazebo) StdoutLine: {'line': b'-- Looking for OGRE_RTShaderSystem...\n'}
[17.667672] (-) TimerEvent: {}
[17.772874] (-) TimerEvent: {}
[17.877205] (-) TimerEvent: {}
[17.982377] (-) TimerEvent: {}
[18.087490] (-) TimerEvent: {}
[18.192601] (-) TimerEvent: {}
[18.294858] (-) TimerEvent: {}
[18.399631] (-) TimerEvent: {}
[18.405561] (arm_gazebo) StdoutLine: {'line': b'-- Found OGRE_RTShaderSystem: optimized;/usr/lib/x86_64-linux-gnu/libOgreRTShaderSystem.so;debug;/usr/lib/x86_64-linux-gnu/libOgreRTShaderSystem.so\n'}
[18.405872] (arm_gazebo) StdoutLine: {'line': b'-- Looking for OGRE_Volume...\n'}
[18.504207] (-) TimerEvent: {}
[18.609327] (-) TimerEvent: {}
[18.712802] (-) TimerEvent: {}
[18.818044] (-) TimerEvent: {}
[18.923311] (-) TimerEvent: {}
[19.028565] (-) TimerEvent: {}
[19.133719] (-) TimerEvent: {}
[19.163317] (arm_gazebo) StdoutLine: {'line': b'-- Found OGRE_Volume: optimized;/usr/lib/x86_64-linux-gnu/libOgreVolume.so;debug;/usr/lib/x86_64-linux-gnu/libOgreVolume.so\n'}
[19.163600] (arm_gazebo) StdoutLine: {'line': b'-- Looking for OGRE_Overlay...\n'}
[19.237186] (-) TimerEvent: {}
[19.338253] (-) TimerEvent: {}
[19.441308] (-) TimerEvent: {}
[19.546478] (-) TimerEvent: {}
[19.648785] (-) TimerEvent: {}
[19.753945] (-) TimerEvent: {}
[19.855025] (-) TimerEvent: {}
[19.926889] (arm_gazebo) StdoutLine: {'line': b'-- Found OGRE_Overlay: optimized;/usr/lib/x86_64-linux-gnu/libOgreOverlay.so;debug;/usr/lib/x86_64-linux-gnu/libOgreOverlay.so\n'}
[19.956168] (-) TimerEvent: {}
[20.060116] (-) TimerEvent: {}
[20.164148] (-) TimerEvent: {}
[20.268135] (-) TimerEvent: {}
[20.369478] (-) TimerEvent: {}
[20.473541] (-) TimerEvent: {}
[20.577515] (-) TimerEvent: {}
[20.681472] (-) TimerEvent: {}
[20.783877] (-) TimerEvent: {}
[20.885308] (-) TimerEvent: {}
[20.989409] (-) TimerEvent: {}
[21.093381] (-) TimerEvent: {}
[21.197426] (-) TimerEvent: {}
[21.301501] (-) TimerEvent: {}
[21.403076] (-) TimerEvent: {}
[21.507182] (-) TimerEvent: {}
[21.611312] (-) TimerEvent: {}
[21.715461] (-) TimerEvent: {}
[21.819507] (-) TimerEvent: {}
[21.923611] (-) TimerEvent: {}
[22.027766] (-) TimerEvent: {}
[22.131850] (-) TimerEvent: {}
[22.235801] (-) TimerEvent: {}
[22.339780] (-) TimerEvent: {}
[22.441117] (-) TimerEvent: {}
[22.545161] (-) TimerEvent: {}
[22.649291] (-) TimerEvent: {}
[22.753284] (-) TimerEvent: {}
[22.855389] (-) TimerEvent: {}
[22.959375] (-) TimerEvent: {}
[23.063390] (-) TimerEvent: {}
[23.167571] (-) TimerEvent: {}
[23.271538] (-) TimerEvent: {}
[23.375496] (-) TimerEvent: {}
[23.476758] (-) TimerEvent: {}
[23.580839] (-) TimerEvent: {}
[23.684791] (-) TimerEvent: {}
[23.788804] (-) TimerEvent: {}
[23.892845] (-) TimerEvent: {}
[23.995723] (-) TimerEvent: {}
[24.099761] (-) TimerEvent: {}
[24.201019] (-) TimerEvent: {}
[24.305118] (-) TimerEvent: {}
[24.409192] (-) TimerEvent: {}
[24.510201] (-) TimerEvent: {}
[24.614257] (-) TimerEvent: {}
[24.718267] (-) TimerEvent: {}
[24.822038] (-) TimerEvent: {}
[24.923804] (-) TimerEvent: {}
[25.027127] (-) TimerEvent: {}
[25.131152] (-) TimerEvent: {}
[25.235343] (-) TimerEvent: {}
[25.339327] (-) TimerEvent: {}
[25.441834] (-) TimerEvent: {}
[25.542591] (-) TimerEvent: {}
[25.646586] (-) TimerEvent: {}
[25.750749] (-) TimerEvent: {}
[25.854867] (-) TimerEvent: {}
[25.958997] (-) TimerEvent: {}
[26.062453] (-) TimerEvent: {}
[26.166403] (-) TimerEvent: {}
[26.270458] (-) TimerEvent: {}
[26.374516] (-) TimerEvent: {}
[26.478525] (-) TimerEvent: {}
[26.579181] (-) TimerEvent: {}
[26.683043] (-) TimerEvent: {}
[26.787034] (-) TimerEvent: {}
[26.891099] (-) TimerEvent: {}
[26.992450] (-) TimerEvent: {}
[27.096441] (-) TimerEvent: {}
[27.200517] (-) TimerEvent: {}
[27.304638] (-) TimerEvent: {}
[27.408649] (-) TimerEvent: {}
[27.509305] (-) TimerEvent: {}
[27.609842] (-) TimerEvent: {}
[27.713833] (-) TimerEvent: {}
[27.817842] (-) TimerEvent: {}
[27.921871] (-) TimerEvent: {}
[28.022602] (-) TimerEvent: {}
[28.126550] (-) TimerEvent: {}
[28.230532] (-) TimerEvent: {}
[28.334510] (-) TimerEvent: {}
[28.438462] (-) TimerEvent: {}
[28.539347] (-) TimerEvent: {}
[28.643419] (-) TimerEvent: {}
[28.747094] (-) TimerEvent: {}
[28.851065] (-) TimerEvent: {}
[28.955104] (-) TimerEvent: {}
[29.056080] (-) TimerEvent: {}
[29.160256] (-) TimerEvent: {}
[29.264436] (-) TimerEvent: {}
[29.368538] (-) TimerEvent: {}
[29.472645] (-) TimerEvent: {}
[29.574213] (-) TimerEvent: {}
[29.678478] (-) TimerEvent: {}
[29.782551] (-) TimerEvent: {}
[29.886899] (-) TimerEvent: {}
[29.990992] (-) TimerEvent: {}
[30.092977] (-) TimerEvent: {}
[30.197325] (-) TimerEvent: {}
[30.301735] (-) TimerEvent: {}
[30.405860] (-) TimerEvent: {}
[30.509927] (-) TimerEvent: {}
[30.612069] (-) TimerEvent: {}
[30.716345] (-) TimerEvent: {}
[30.820754] (-) TimerEvent: {}
[30.924849] (-) TimerEvent: {}
[31.028932] (-) TimerEvent: {}
[31.129537] (-) TimerEvent: {}
[31.233838] (-) TimerEvent: {}
[31.338039] (-) TimerEvent: {}
[31.442184] (-) TimerEvent: {}
[31.545570] (-) TimerEvent: {}
[31.648295] (-) TimerEvent: {}
[31.752477] (-) TimerEvent: {}
[31.856292] (-) TimerEvent: {}
[31.960399] (-) TimerEvent: {}
[32.064462] (-) TimerEvent: {}
[32.167581] (-) TimerEvent: {}
[32.271929] (-) TimerEvent: {}
[32.373566] (-) TimerEvent: {}
[32.477922] (-) TimerEvent: {}
[32.582326] (-) TimerEvent: {}
[32.685603] (-) TimerEvent: {}
[32.787645] (-) TimerEvent: {}
[32.891132] (-) TimerEvent: {}
[32.995207] (-) TimerEvent: {}
[33.099434] (-) TimerEvent: {}
[33.203130] (-) TimerEvent: {}
[33.307092] (-) TimerEvent: {}
[33.411301] (-) TimerEvent: {}
[33.515527] (-) TimerEvent: {}
[33.619606] (-) TimerEvent: {}
[33.720238] (-) TimerEvent: {}
[33.822496] (-) TimerEvent: {}
[33.926015] (-) TimerEvent: {}
[34.030255] (-) TimerEvent: {}
[34.134509] (-) TimerEvent: {}
[34.237110] (-) TimerEvent: {}
[34.341234] (-) TimerEvent: {}
[34.444179] (-) TimerEvent: {}
[34.548377] (-) TimerEvent: {}
[34.652641] (-) TimerEvent: {}
[34.756786] (-) TimerEvent: {}
[34.860984] (-) TimerEvent: {}
[34.964330] (-) TimerEvent: {}
[35.068120] (-) TimerEvent: {}
[35.172245] (-) TimerEvent: {}
[35.276491] (-) TimerEvent: {}
[35.380515] (-) TimerEvent: {}
[35.484830] (-) TimerEvent: {}
[35.588975] (-) TimerEvent: {}
[35.693167] (-) TimerEvent: {}
[35.797239] (-) TimerEvent: {}
[35.901368] (-) TimerEvent: {}
[36.004664] (-) TimerEvent: {}
[36.108738] (-) TimerEvent: {}
[36.212799] (-) TimerEvent: {}
[36.316943] (-) TimerEvent: {}
[36.421155] (-) TimerEvent: {}
[36.525319] (-) TimerEvent: {}
[36.629540] (-) TimerEvent: {}
[36.733815] (-) TimerEvent: {}
[36.837868] (-) TimerEvent: {}
[36.941933] (-) TimerEvent: {}
[37.045233] (-) TimerEvent: {}
[37.149309] (-) TimerEvent: {}
[37.253381] (-) TimerEvent: {}
[37.357530] (-) TimerEvent: {}
[37.461632] (-) TimerEvent: {}
[37.565865] (-) TimerEvent: {}
[37.670072] (-) TimerEvent: {}
[37.774178] (-) TimerEvent: {}
[37.878414] (-) TimerEvent: {}
[37.982627] (-) TimerEvent: {}
[38.086272] (-) TimerEvent: {}
[38.187481] (-) TimerEvent: {}
[38.291844] (-) TimerEvent: {}
[38.395973] (-) TimerEvent: {}
[38.500115] (-) TimerEvent: {}
[38.604248] (-) TimerEvent: {}
[38.708400] (-) TimerEvent: {}
[38.812564] (-) TimerEvent: {}
[38.916713] (-) TimerEvent: {}
[39.020827] (-) TimerEvent: {}
[39.124198] (-) TimerEvent: {}
[39.228534] (-) TimerEvent: {}
[39.332718] (-) TimerEvent: {}
[39.436936] (-) TimerEvent: {}
[39.540833] (-) TimerEvent: {}
[39.645007] (-) TimerEvent: {}
[39.749176] (-) TimerEvent: {}
[39.853326] (-) TimerEvent: {}
[39.957678] (-) TimerEvent: {}
[40.061861] (-) TimerEvent: {}
[40.165343] (-) TimerEvent: {}
[40.269504] (-) TimerEvent: {}
[40.373754] (-) TimerEvent: {}
[40.478176] (-) TimerEvent: {}
[40.582550] (-) TimerEvent: {}
[40.683191] (-) TimerEvent: {}
[40.787341] (-) TimerEvent: {}
[40.891585] (-) TimerEvent: {}
[40.995819] (-) TimerEvent: {}
[41.100390] (-) TimerEvent: {}
[41.203731] (-) TimerEvent: {}
[41.308037] (-) TimerEvent: {}
[41.412229] (-) TimerEvent: {}
[41.516379] (-) TimerEvent: {}
[41.620218] (-) TimerEvent: {}
[41.724357] (-) TimerEvent: {}
[41.828606] (-) TimerEvent: {}
[41.932727] (-) TimerEvent: {}
[42.036851] (-) TimerEvent: {}
[42.140975] (-) TimerEvent: {}
[42.244409] (-) TimerEvent: {}
[42.348585] (-) TimerEvent: {}
[42.452750] (-) TimerEvent: {}
[42.556876] (-) TimerEvent: {}
[42.661000] (-) TimerEvent: {}
[42.764575] (-) TimerEvent: {}
[42.868875] (-) TimerEvent: {}
[42.973115] (-) TimerEvent: {}
[43.077274] (-) TimerEvent: {}
[43.181659] (-) TimerEvent: {}
[43.285017] (-) TimerEvent: {}
[43.389298] (-) TimerEvent: {}
[43.493403] (-) TimerEvent: {}
[43.597624] (-) TimerEvent: {}
[43.701666] (-) TimerEvent: {}
[43.805961] (-) TimerEvent: {}
[43.910188] (-) TimerEvent: {}
[44.014401] (-) TimerEvent: {}
[44.118696] (-) TimerEvent: {}
[44.220810] (-) TimerEvent: {}
[44.324232] (-) TimerEvent: {}
[44.428571] (-) TimerEvent: {}
[44.532669] (-) TimerEvent: {}
[44.636806] (-) TimerEvent: {}
[44.741009] (-) TimerEvent: {}
[44.845121] (-) TimerEvent: {}
[44.949280] (-) TimerEvent: {}
[45.053446] (-) TimerEvent: {}
[45.155132] (-) TimerEvent: {}
[45.257411] (-) TimerEvent: {}
[45.360688] (-) TimerEvent: {}
[45.464794] (-) TimerEvent: {}
[45.568910] (-) TimerEvent: {}
[45.673008] (-) TimerEvent: {}
[45.776771] (-) TimerEvent: {}
[45.881047] (-) TimerEvent: {}
[45.985239] (-) TimerEvent: {}
[46.089376] (-) TimerEvent: {}
[46.193600] (-) TimerEvent: {}
[46.297840] (-) TimerEvent: {}
[46.401008] (-) TimerEvent: {}
[46.504677] (-) TimerEvent: {}
[46.608855] (-) TimerEvent: {}
[46.713137] (-) TimerEvent: {}
[46.817287] (-) TimerEvent: {}
[46.921455] (-) TimerEvent: {}
[47.025711] (-) TimerEvent: {}
[47.129855] (-) TimerEvent: {}
[47.234169] (-) TimerEvent: {}
[47.338451] (-) TimerEvent: {}
[47.441832] (-) TimerEvent: {}
[47.546053] (-) TimerEvent: {}
[47.650246] (-) TimerEvent: {}
[47.754499] (-) TimerEvent: {}
[47.858299] (-) TimerEvent: {}
[47.962432] (-) TimerEvent: {}
[48.066536] (-) TimerEvent: {}
[48.170686] (-) TimerEvent: {}
[48.274870] (-) TimerEvent: {}
[48.379027] (-) TimerEvent: {}
[48.482363] (-) TimerEvent: {}
[48.586612] (-) TimerEvent: {}
[48.690694] (-) TimerEvent: {}
[48.794807] (-) TimerEvent: {}
[48.898992] (-) TimerEvent: {}
[49.003198] (-) TimerEvent: {}
[49.107592] (-) TimerEvent: {}
[49.211877] (-) TimerEvent: {}
[49.316190] (-) TimerEvent: {}
[49.420408] (-) TimerEvent: {}
[49.523889] (-) TimerEvent: {}
[49.628173] (-) TimerEvent: {}
[49.732424] (-) TimerEvent: {}
[49.836640] (-) TimerEvent: {}
[49.940587] (-) TimerEvent: {}
[50.044953] (-) TimerEvent: {}
[50.149222] (-) TimerEvent: {}
[50.253361] (-) TimerEvent: {}
[50.357705] (-) TimerEvent: {}
[50.462015] (-) TimerEvent: {}
[50.565512] (-) TimerEvent: {}
[50.669770] (-) TimerEvent: {}
[50.774066] (-) TimerEvent: {}
[50.878221] (-) TimerEvent: {}
[50.982381] (-) TimerEvent: {}
[51.086545] (-) TimerEvent: {}
[51.190916] (-) TimerEvent: {}
[51.295082] (-) TimerEvent: {}
[51.399272] (-) TimerEvent: {}
[51.503600] (-) TimerEvent: {}
[51.607161] (-) TimerEvent: {}
[51.711636] (-) TimerEvent: {}
[51.815919] (-) TimerEvent: {}
[51.920321] (-) TimerEvent: {}
[52.024403] (-) TimerEvent: {}
[52.128660] (-) TimerEvent: {}
[52.232949] (-) TimerEvent: {}
[52.337185] (-) TimerEvent: {}
[52.441341] (-) TimerEvent: {}
[52.545445] (-) TimerEvent: {}
[52.648920] (-) TimerEvent: {}
[52.753086] (-) TimerEvent: {}
[52.857206] (-) TimerEvent: {}
[52.961364] (-) TimerEvent: {}
[53.065552] (-) TimerEvent: {}
[53.169743] (-) TimerEvent: {}
[53.274051] (-) TimerEvent: {}
[53.378227] (-) TimerEvent: {}
[53.482343] (-) TimerEvent: {}
[53.586506] (-) TimerEvent: {}
[53.689996] (-) TimerEvent: {}
[53.794276] (-) TimerEvent: {}
[53.898539] (-) TimerEvent: {}
[54.002842] (-) TimerEvent: {}
[54.106927] (-) TimerEvent: {}
[54.208488] (-) TimerEvent: {}
[54.312637] (-) TimerEvent: {}
[54.416797] (-) TimerEvent: {}
[54.520917] (-) TimerEvent: {}
[54.625073] (-) TimerEvent: {}
[54.728544] (-) TimerEvent: {}
[54.832778] (-) TimerEvent: {}
[54.937021] (-) TimerEvent: {}
[55.041280] (-) TimerEvent: {}
[55.145379] (-) TimerEvent: {}
[55.249515] (-) TimerEvent: {}
[55.353680] (-) TimerEvent: {}
[55.454449] (-) TimerEvent: {}
[55.557150] (-) TimerEvent: {}
[55.661298] (-) TimerEvent: {}
[55.764605] (-) TimerEvent: {}
[55.868848] (-) TimerEvent: {}
[55.972968] (-) TimerEvent: {}
[56.077103] (-) TimerEvent: {}
[56.180980] (-) TimerEvent: {}
[56.285150] (-) TimerEvent: {}
[56.387698] (-) TimerEvent: {}
[56.491811] (-) TimerEvent: {}
[56.595953] (-) TimerEvent: {}
[56.699196] (-) TimerEvent: {}
[56.802394] (-) TimerEvent: {}
[56.906574] (-) TimerEvent: {}
[57.010799] (-) TimerEvent: {}
[57.115101] (-) TimerEvent: {}
[57.219394] (-) TimerEvent: {}
[57.323623] (-) TimerEvent: {}
[57.427754] (-) TimerEvent: {}
[57.531964] (-) TimerEvent: {}
[57.636265] (-) TimerEvent: {}
[57.740598] (-) TimerEvent: {}
[57.843888] (-) TimerEvent: {}
[57.948066] (-) TimerEvent: {}
[58.052434] (-) TimerEvent: {}
[58.156533] (-) TimerEvent: {}
[58.260480] (-) TimerEvent: {}
[58.364719] (-) TimerEvent: {}
[58.468989] (-) TimerEvent: {}
[58.573260] (-) TimerEvent: {}
[58.677718] (-) TimerEvent: {}
[58.781940] (-) TimerEvent: {}
[58.885282] (-) TimerEvent: {}
[58.989543] (-) TimerEvent: {}
[59.093738] (-) TimerEvent: {}
[59.197882] (-) TimerEvent: {}
[59.302046] (-) TimerEvent: {}
[59.406353] (-) TimerEvent: {}
[59.495459] (arm_gazebo) StdoutLine: {'line': b'-- Looking for ignition-math6 -- found version 6.15.1\n'}
[59.499578] (arm_gazebo) StdoutLine: {'line': b'-- Looking for ignition-transport8 -- found version 8.2.1\n'}
[59.500502] (arm_gazebo) StdoutLine: {'line': b'-- Searching for dependencies of ignition-transport8\n'}
[59.506746] (-) TimerEvent: {}
[59.610865] (-) TimerEvent: {}
[59.715186] (-) TimerEvent: {}
[59.819581] (-) TimerEvent: {}
[59.922972] (-) TimerEvent: {}
[60.027250] (-) TimerEvent: {}
[60.129844] (-) TimerEvent: {}
[60.234012] (-) TimerEvent: {}
[60.337862] (-) TimerEvent: {}
[60.441993] (-) TimerEvent: {}
[60.546108] (-) TimerEvent: {}
[60.649163] (-) TimerEvent: {}
[60.753288] (-) TimerEvent: {}
[60.857509] (-) TimerEvent: {}
[60.960751] (-) TimerEvent: {}
[61.064885] (-) TimerEvent: {}
[61.168342] (-) TimerEvent: {}
[61.272782] (-) TimerEvent: {}
[61.377112] (-) TimerEvent: {}
[61.481223] (-) TimerEvent: {}
[61.585318] (-) TimerEvent: {}
[61.689198] (-) TimerEvent: {}
[61.786329] (arm_gazebo) StdoutLine: {'line': b'-- Found Protobuf: /usr/lib/x86_64-linux-gnu/libprotobuf.so (found suitable version "3.12.4", minimum required is "3") \n'}
[61.789518] (-) TimerEvent: {}
[61.892516] (-) TimerEvent: {}
[61.995581] (-) TimerEvent: {}
[62.099709] (-) TimerEvent: {}
[62.203739] (-) TimerEvent: {}
[62.307890] (-) TimerEvent: {}
[62.411484] (-) TimerEvent: {}
[62.515603] (-) TimerEvent: {}
[62.617317] (-) TimerEvent: {}
[62.718175] (-) TimerEvent: {}
[62.822361] (-) TimerEvent: {}
[62.926497] (-) TimerEvent: {}
[63.029221] (-) TimerEvent: {}
[63.133326] (-) TimerEvent: {}
[63.237563] (-) TimerEvent: {}
[63.341756] (-) TimerEvent: {}
[63.445950] (-) TimerEvent: {}
[63.550329] (-) TimerEvent: {}
[63.654579] (-) TimerEvent: {}
[63.758809] (-) TimerEvent: {}
[63.863062] (-) TimerEvent: {}
[63.965492] (-) TimerEvent: {}
[64.049153] (arm_gazebo) StdoutLine: {'line': b'-- Config-file not installed for ZeroMQ -- checking for pkg-config\n'}
[64.055177] (arm_gazebo) StdoutLine: {'line': b"-- Checking for module 'libzmq >= 4'\n"}
[64.065756] (-) TimerEvent: {}
[64.089823] (arm_gazebo) StdoutLine: {'line': b'--   Found libzmq , version 4.3.4\n'}
[64.145074] (arm_gazebo) StdoutLine: {'line': b'-- Found ZeroMQ: TRUE (Required is at least version "4") \n'}
[64.166010] (-) TimerEvent: {}
[64.241679] (arm_gazebo) StdoutLine: {'line': b"-- Checking for module 'uuid'\n"}
[64.260940] (arm_gazebo) StdoutLine: {'line': b'--   Found uuid, version 2.37.2\n'}
[64.266341] (-) TimerEvent: {}
[64.309400] (arm_gazebo) StdoutLine: {'line': b'-- Found UUID: TRUE  \n'}
[64.313834] (arm_gazebo) StdoutLine: {'line': b'-- Looking for ignition-msgs5 -- found version 5.8.1\n'}
[64.314497] (arm_gazebo) StdoutLine: {'line': b'-- Searching for dependencies of ignition-msgs5\n'}
[64.368123] (-) TimerEvent: {}
[64.470971] (-) TimerEvent: {}
[64.575247] (-) TimerEvent: {}
[64.679546] (-) TimerEvent: {}
[64.783881] (-) TimerEvent: {}
[64.884423] (-) TimerEvent: {}
[64.988508] (-) TimerEvent: {}
[65.092643] (-) TimerEvent: {}
[65.196850] (-) TimerEvent: {}
[65.301199] (-) TimerEvent: {}
[65.405238] (-) TimerEvent: {}
[65.509415] (-) TimerEvent: {}
[65.613642] (-) TimerEvent: {}
[65.715122] (-) TimerEvent: {}
[65.819568] (-) TimerEvent: {}
[65.923830] (-) TimerEvent: {}
[66.027991] (-) TimerEvent: {}
[66.132171] (-) TimerEvent: {}
[66.236400] (-) TimerEvent: {}
[66.340535] (-) TimerEvent: {}
[66.444583] (-) TimerEvent: {}
[66.548845] (-) TimerEvent: {}
[66.591431] (arm_gazebo) StdoutLine: {'line': b'-- Looking for ignition-math6 -- found version 6.15.1\n'}
[66.598458] (arm_gazebo) StdoutLine: {'line': b"-- Checking for module 'tinyxml2'\n"}
[66.616884] (arm_gazebo) StdoutLine: {'line': b'--   Found tinyxml2, version 9.0.0\n'}
[66.650230] (-) TimerEvent: {}
[66.675158] (arm_gazebo) StdoutLine: {'line': b'-- Looking for ignition-msgs5 -- found version 5.8.1\n'}
[66.679712] (arm_gazebo) StdoutLine: {'line': b'-- Looking for ignition-common3 -- found version 3.14.0\n'}
[66.680412] (arm_gazebo) StdoutLine: {'line': b'-- Searching for dependencies of ignition-common3\n'}
[66.753062] (-) TimerEvent: {}
[66.759101] (arm_gazebo) StdoutLine: {'line': b'-- Looking for dlfcn.h - found\n'}
[66.834570] (arm_gazebo) StdoutLine: {'line': b'-- Looking for libdl - found\n'}
[66.836476] (arm_gazebo) StdoutLine: {'line': b'-- Found DL: TRUE  \n'}
[66.853830] (-) TimerEvent: {}
[66.957966] (-) TimerEvent: {}
[67.004670] (arm_gazebo) StdoutLine: {'line': b'-- Found tinyobjloader: /usr/lib/x86_64-linux-gnu/cmake/tinyobjloader/tinyobjloader-config.cmake (found version "2.0.0") \n'}
[67.007146] (arm_gazebo) StdoutLine: {'line': b'-- Searching for <ignition-common3> component [graphics]\n'}
[67.010546] (arm_gazebo) StdoutLine: {'line': b'-- Looking for ignition-common3-graphics -- found version 3.14.0\n'}
[67.011064] (arm_gazebo) StdoutLine: {'line': b'-- Searching for dependencies of ignition-common3-graphics\n'}
[67.011425] (arm_gazebo) StdoutLine: {'line': b'-- Looking for ignition-math6 -- found version 6.15.1\n'}
[67.018404] (arm_gazebo) StdoutLine: {'line': b'-- Looking for ignition-fuel_tools4 -- found version 4.4.0\n'}
[67.018863] (arm_gazebo) StdoutLine: {'line': b'-- Searching for dependencies of ignition-fuel_tools4\n'}
[67.059598] (-) TimerEvent: {}
[67.163750] (-) TimerEvent: {}
[67.267951] (-) TimerEvent: {}
[67.372064] (-) TimerEvent: {}
[67.475010] (-) TimerEvent: {}
[67.579142] (-) TimerEvent: {}
[67.683283] (-) TimerEvent: {}
[67.787475] (-) TimerEvent: {}
[67.891986] (-) TimerEvent: {}
[67.996287] (-) TimerEvent: {}
[68.100432] (-) TimerEvent: {}
[68.204768] (-) TimerEvent: {}
[68.308921] (-) TimerEvent: {}
[68.413132] (-) TimerEvent: {}
[68.517492] (-) TimerEvent: {}
[68.621622] (-) TimerEvent: {}
[68.725822] (-) TimerEvent: {}
[68.830092] (-) TimerEvent: {}
[68.934185] (-) TimerEvent: {}
[69.038293] (-) TimerEvent: {}
[69.142372] (-) TimerEvent: {}
[69.246475] (-) TimerEvent: {}
[69.350565] (-) TimerEvent: {}
[69.451224] (-) TimerEvent: {}
[69.552309] (-) TimerEvent: {}
[69.629865] (arm_gazebo) StdoutLine: {'line': b'-- Found CURL: /usr/lib/x86_64-linux-gnu/libcurl.so (found version "7.81.0")  \n'}
[69.653354] (-) TimerEvent: {}
[69.662393] (arm_gazebo) StdoutLine: {'line': b"-- Checking for module 'jsoncpp'\n"}
[69.681117] (arm_gazebo) StdoutLine: {'line': b'--   Found jsoncpp, version 1.9.5\n'}
[69.732606] (arm_gazebo) StdoutLine: {'line': b'-- Found JSONCPP: TRUE  \n'}
[69.742266] (arm_gazebo) StdoutLine: {'line': b"-- Checking for module 'libzip'\n"}
[69.754020] (-) TimerEvent: {}
[69.763637] (arm_gazebo) StdoutLine: {'line': b'--   Found libzip, version 1.7.3\n'}
[69.818916] (arm_gazebo) StdoutLine: {'line': b'-- Found ZIP: TRUE  \n'}
[69.819950] (arm_gazebo) StdoutLine: {'line': b'-- Looking for ignition-common3 -- found version 3.14.0\n'}
[69.820568] (arm_gazebo) StdoutLine: {'line': b'-- Looking for ignition-math6 -- found version 6.15.1\n'}
[69.821074] (arm_gazebo) StdoutLine: {'line': b'-- Looking for ignition-msgs5 -- found version 5.8.1\n'}
[69.830904] (arm_gazebo) StdoutLine: {'line': b'-- Gazebo version: 11.10\n'}
[69.831300] (arm_gazebo) StdoutLine: {'line': b"-- Checking for module 'tbb'\n"}
[69.851017] (arm_gazebo) StdoutLine: {'line': b'--   Found tbb, version 2021.5.0\n'}
[69.854345] (-) TimerEvent: {}
[69.958607] (-) TimerEvent: {}
[69.982120] (arm_gazebo) StdoutLine: {'line': b'-- Configuring done\n'}
[69.997027] (arm_gazebo) StdoutLine: {'line': b'-- Generating done\n'}
[70.002762] (arm_gazebo) StdoutLine: {'line': b'-- Build files have been written to: /home/shrey/ros2_ws/build/arm_gazebo\n'}
[70.020247] (arm_gazebo) CommandEnded: {'returncode': 0}
[70.021967] (arm_gazebo) JobProgress: {'identifier': 'arm_gazebo', 'progress': 'build'}
[70.024060] (arm_gazebo) Command: {'cmd': ['/usr/bin/cmake', '--build', '/home/shrey/ros2_ws/build/arm_gazebo', '--', '-j12', '-l12'], 'cwd': '/home/shrey/ros2_ws/build/arm_gazebo', 'env': OrderedDict([('USER', 'shrey'), ('SHLVL', '1'), ('LIBGL_ALWAYS_SOFTWARE', '1'), ('LD_LIBRARY_PATH', '/usr/lib/x86_64-linux-gnu/gazebo-11/plugins:/opt/ros/humble/opt/rviz_ogre_vendor/lib:/opt/ros/humble/lib/x86_64-linux-gnu:/opt/ros/humble/lib:/usr/lib/x86_64-linux-gnu/gazebo-11/plugins::/usr/lib/x86_64-linux-gnu/gazebo-11:/usr/lib/x86_64-linux-gnu/gazebo-11/plugins:/usr/lib/x86_64-linux-gnu/gazebo-11/plugins:/usr/lib/x86_64-linux-gnu/gazebo-11/plugins:/usr/lib/x86_64-linux-gnu/gazebo-11'), ('HOME', '/home/shrey'), ('OLDPWD', '/home/shrey/ros2_ws'), ('GAZEBO_MASTER_URI', 'http://localhost:11345'), ('ROS_PYTHON_VERSION', '3'), ('DBUS_SESSION_BUS_ADDRESS', 'unix:path=/run/user/1000/bus'), ('WSL_DISTRO_NAME', 'Ubuntu-22.04'), ('WAYLAND_DISPLAY', 'wayland-0'), ('COLCON_PREFIX_PATH', '/home/shrey/ros2_ws/install'), ('ROS_DISTRO', 'humble'), ('LOGNAME', 'shrey'), ('NAME', 'LAPTOP-NF81MTHA'), ('WSL_INTEROP', '/run/WSL/394_interop'), ('PULSE_SERVER', 'unix:/mnt/wslg/PulseServer'), ('_', '/usr/bin/colcon'), ('ROS_VERSION', '2'), ('TERM', 'xterm-256color'), ('GAZEBO_MODEL_PATH', '/usr/share/gazebo-11/models'), ('ROS_LOCALHOST_ONLY', '0'), ('OGRE_RESOURCE_PATH', '/usr/lib/x86_64-linux-gnu/OGRE-1.9.0'), ('PATH', '/usr/bin:/usr/bin:/opt/ros/humble/bin:/usr/local/sbin:/usr/local/bin:/usr/sbin:/usr/bin:/sbin:/bin:/usr/games:/usr/local/games:/usr/lib/wsl/lib:/mnt/c/Program Files/Common Files/Oracle/Java/javapath:/mnt/c/oraclexe/app/oracle/product/10.2.0/server/bin:/mnt/c/Python312/Scripts/:/mnt/c/Python312/:/mnt/c/Python311/Scripts/:/mnt/c/Python311/:/mnt/c/WINDOWS/system32:/mnt/c/WINDOWS:/mnt/c/WINDOWS/System32/Wbem:/mnt/c/WINDOWS/System32/WindowsPowerShell/v1.0/:/mnt/c/WINDOWS/System32/OpenSSH/:/mnt/c/Program Files (x86)/Microsoft SQL Server/160/Tools/Binn/:/mnt/c/Program Files/Microsoft SQL Server/160/Tools/Binn/:/mnt/c/Program Files/Microsoft SQL Server/Client SDK/ODBC/170/Tools/Binn/:/mnt/c/Program Files/Microsoft SQL Server/160/DTS/Binn/:/mnt/c/ProgramData/chocolatey/bin:/mnt/c/Program Files/nodejs/:/mnt/c/Program Files/nodejs:/mnt/c/Program Files/Docker/Docker/resources/bin:/mnt/c/Users/shrey/Documents/A13/apache-maven-3.9.9-bin/apache-maven-3.9.9/bin:/mnt/c/Program Files/Java/jdk-21/bin:/mnt/c/apache-maven-3.9.9/bin:/mnt/c/Users/shrey/AppData/Local/Microsoft/WindowsApps:/mnt/c/Users/shrey/AppData/Local/Programs/Microsoft VS Code/bin:/mnt/c/Program Files (x86)/MinGW/bin:/mnt/c/Users/shrey/Documents/mongosh-1.10.5-win32-x64/mongosh-1.10.5-win32-x64/bin:/mnt/c/Users/shrey/AppData/Roaming/npm:/mnt/c/Program Files/Git/bin:/mnt/c/Program Files/JetBrains/PyCharm 2023.3.3/bin:/mnt/c/Program Files/JetBrains/PyCharm Community Edition 2023.3.3/bin:/mnt/c/Program Files/JetBrains/IntelliJ IDEA Community Edition 2023.3.4/bin:/snap/bin:/usr/bin:/usr/lib/x86_64-linux-gnu/gazebo-11:/usr/bin:/usr/lib/x86_64-linux-gnu/gazebo-11'), ('XDG_RUNTIME_DIR', '/run/user/1000/'), ('DISPLAY', ':0'), ('LANG', 'en_US.UTF-8'), ('AMENT_PREFIX_PATH', '/home/shrey/ros2_ws/install/arm_description:/opt/ros/humble'), ('SHELL', '/bin/bash'), ('GAZEBO_RESOURCE_PATH', '/usr/share/gazebo-11'), ('GAZEBO_MODEL_DATABASE_URI', 'http://models.gazebosim.org'), ('PWD', '/home/shrey/ros2_ws/build/arm_gazebo'), ('GAZEBO_PLUGIN_PATH', '/usr/lib/x86_64-linux-gnu/gazebo-11/plugins:/usr/lib/x86_64-linux-gnu/gazebo-11/plugins'), ('XDG_DATA_DIRS', '/usr/local/share:/usr/share:/var/lib/snapd/desktop'), ('PYTHONPATH', '/opt/ros/humble/lib/python3.10/site-packages:/opt/ros/humble/local/lib/python3.10/dist-packages'), ('COLCON', '1'), ('WSL2_GUI_APPS_ENABLED', '1'), ('HOSTTYPE', 'x86_64'), ('CMAKE_PREFIX_PATH', '/home/shrey/ros2_ws/install/arm_description:/opt/ros/humble'), ('WSLENV', '')]), 'shell': False}
[70.059077] (-) TimerEvent: {}
[70.071676] (arm_gazebo) CommandEnded: {'returncode': 0}
[70.072902] (arm_gazebo) JobProgress: {'identifier': 'arm_gazebo', 'progress': 'install'}
[70.083555] (arm_gazebo) Command: {'cmd': ['/usr/bin/cmake', '--install', '/home/shrey/ros2_ws/build/arm_gazebo'], 'cwd': '/home/shrey/ros2_ws/build/arm_gazebo', 'env': OrderedDict([('USER', 'shrey'), ('SHLVL', '1'), ('LIBGL_ALWAYS_SOFTWARE', '1'), ('LD_LIBRARY_PATH', '/usr/lib/x86_64-linux-gnu/gazebo-11/plugins:/opt/ros/humble/opt/rviz_ogre_vendor/lib:/opt/ros/humble/lib/x86_64-linux-gnu:/opt/ros/humble/lib:/usr/lib/x86_64-linux-gnu/gazebo-11/plugins::/usr/lib/x86_64-linux-gnu/gazebo-11:/usr/lib/x86_64-linux-gnu/gazebo-11/plugins:/usr/lib/x86_64-linux-gnu/gazebo-11/plugins:/usr/lib/x86_64-linux-gnu/gazebo-11/plugins:/usr/lib/x86_64-linux-gnu/gazebo-11'), ('HOME', '/home/shrey'), ('OLDPWD', '/home/shrey/ros2_ws'), ('GAZEBO_MASTER_URI', 'http://localhost:11345'), ('ROS_PYTHON_VERSION', '3'), ('DBUS_SESSION_BUS_ADDRESS', 'unix:path=/run/user/1000/bus'), ('WSL_DISTRO_NAME', 'Ubuntu-22.04'), ('WAYLAND_DISPLAY', 'wayland-0'), ('COLCON_PREFIX_PATH', '/home/shrey/ros2_ws/install'), ('ROS_DISTRO', 'humble'), ('LOGNAME', 'shrey'), ('NAME', 'LAPTOP-NF81MTHA'), ('WSL_INTEROP', '/run/WSL/394_interop'), ('PULSE_SERVER', 'unix:/mnt/wslg/PulseServer'), ('_', '/usr/bin/colcon'), ('ROS_VERSION', '2'), ('TERM', 'xterm-256color'), ('GAZEBO_MODEL_PATH', '/usr/share/gazebo-11/models'), ('ROS_LOCALHOST_ONLY', '0'), ('OGRE_RESOURCE_PATH', '/usr/lib/x86_64-linux-gnu/OGRE-1.9.0'), ('PATH', '/usr/bin:/usr/bin:/opt/ros/humble/bin:/usr/local/sbin:/usr/local/bin:/usr/sbin:/usr/bin:/sbin:/bin:/usr/games:/usr/local/games:/usr/lib/wsl/lib:/mnt/c/Program Files/Common Files/Oracle/Java/javapath:/mnt/c/oraclexe/app/oracle/product/10.2.0/server/bin:/mnt/c/Python312/Scripts/:/mnt/c/Python312/:/mnt/c/Python311/Scripts/:/mnt/c/Python311/:/mnt/c/WINDOWS/system32:/mnt/c/WINDOWS:/mnt/c/WINDOWS/System32/Wbem:/mnt/c/WINDOWS/System32/WindowsPowerShell/v1.0/:/mnt/c/WINDOWS/System32/OpenSSH/:/mnt/c/Program Files (x86)/Microsoft SQL Server/160/Tools/Binn/:/mnt/c/Program Files/Microsoft SQL Server/160/Tools/Binn/:/mnt/c/Program Files/Microsoft SQL Server/Client SDK/ODBC/170/Tools/Binn/:/mnt/c/Program Files/Microsoft SQL Server/160/DTS/Binn/:/mnt/c/ProgramData/chocolatey/bin:/mnt/c/Program Files/nodejs/:/mnt/c/Program Files/nodejs:/mnt/c/Program Files/Docker/Docker/resources/bin:/mnt/c/Users/shrey/Documents/A13/apache-maven-3.9.9-bin/apache-maven-3.9.9/bin:/mnt/c/Program Files/Java/jdk-21/bin:/mnt/c/apache-maven-3.9.9/bin:/mnt/c/Users/shrey/AppData/Local/Microsoft/WindowsApps:/mnt/c/Users/shrey/AppData/Local/Programs/Microsoft VS Code/bin:/mnt/c/Program Files (x86)/MinGW/bin:/mnt/c/Users/shrey/Documents/mongosh-1.10.5-win32-x64/mongosh-1.10.5-win32-x64/bin:/mnt/c/Users/shrey/AppData/Roaming/npm:/mnt/c/Program Files/Git/bin:/mnt/c/Program Files/JetBrains/PyCharm 2023.3.3/bin:/mnt/c/Program Files/JetBrains/PyCharm Community Edition 2023.3.3/bin:/mnt/c/Program Files/JetBrains/IntelliJ IDEA Community Edition 2023.3.4/bin:/snap/bin:/usr/bin:/usr/lib/x86_64-linux-gnu/gazebo-11:/usr/bin:/usr/lib/x86_64-linux-gnu/gazebo-11'), ('XDG_RUNTIME_DIR', '/run/user/1000/'), ('DISPLAY', ':0'), ('LANG', 'en_US.UTF-8'), ('AMENT_PREFIX_PATH', '/home/shrey/ros2_ws/install/arm_description:/opt/ros/humble'), ('SHELL', '/bin/bash'), ('GAZEBO_RESOURCE_PATH', '/usr/share/gazebo-11'), ('GAZEBO_MODEL_DATABASE_URI', 'http://models.gazebosim.org'), ('PWD', '/home/shrey/ros2_ws/build/arm_gazebo'), ('GAZEBO_PLUGIN_PATH', '/usr/lib/x86_64-linux-gnu/gazebo-11/plugins:/usr/lib/x86_64-linux-gnu/gazebo-11/plugins'), ('XDG_DATA_DIRS', '/usr/local/share:/usr/share:/var/lib/snapd/desktop'), ('PYTHONPATH', '/opt/ros/humble/lib/python3.10/site-packages:/opt/ros/humble/local/lib/python3.10/dist-packages'), ('COLCON', '1'), ('WSL2_GUI_APPS_ENABLED', '1'), ('HOSTTYPE', 'x86_64'), ('CMAKE_PREFIX_PATH', '/home/shrey/ros2_ws/install/arm_description:/opt/ros/humble'), ('WSLENV', '')]), 'shell': False}
[70.094143] (arm_gazebo) StdoutLine: {'line': b'-- Install configuration: ""\n'}
[70.094444] (arm_gazebo) StdoutLine: {'line': b'-- Installing: /home/shrey/ros2_ws/install/arm_gazebo/share/arm_gazebo/launch\n'}
[70.095952] (arm_gazebo) StdoutLine: {'line': b'-- Installing: /home/shrey/ros2_ws/install/arm_gazebo/share/arm_gazebo/launch/arm_world.launch.py\n'}
[70.098571] (arm_gazebo) StdoutLine: {'line': b'-- Installing: /home/shrey/ros2_ws/install/arm_gazebo/share/ament_index/resource_index/package_run_dependencies/arm_gazebo\n'}
[70.098964] (arm_gazebo) StdoutLine: {'line': b'-- Installing: /home/shrey/ros2_ws/install/arm_gazebo/share/ament_index/resource_index/parent_prefix_path/arm_gazebo\n'}
[70.099378] (arm_gazebo) StdoutLine: {'line': b'-- Installing: /home/shrey/ros2_ws/install/arm_gazebo/share/arm_gazebo/environment/ament_prefix_path.sh\n'}
[70.099735] (arm_gazebo) StdoutLine: {'line': b'-- Installing: /home/shrey/ros2_ws/install/arm_gazebo/share/arm_gazebo/environment/ament_prefix_path.dsv\n'}
[70.100058] (arm_gazebo) StdoutLine: {'line': b'-- Installing: /home/shrey/ros2_ws/install/arm_gazebo/share/arm_gazebo/environment/path.sh\n'}
[70.100616] (arm_gazebo) StdoutLine: {'line': b'-- Installing: /home/shrey/ros2_ws/install/arm_gazebo/share/arm_gazebo/environment/path.dsv\n'}
[70.101117] (arm_gazebo) StdoutLine: {'line': b'-- Installing: /home/shrey/ros2_ws/install/arm_gazebo/share/arm_gazebo/local_setup.bash\n'}
[70.101311] (arm_gazebo) StdoutLine: {'line': b'-- Installing: /home/shrey/ros2_ws/install/arm_gazebo/share/arm_gazebo/local_setup.sh\n'}
[70.101691] (arm_gazebo) StdoutLine: {'line': b'-- Installing: /home/shrey/ros2_ws/install/arm_gazebo/share/arm_gazebo/local_setup.zsh\n'}
[70.101896] (arm_gazebo) StdoutLine: {'line': b'-- Installing: /home/shrey/ros2_ws/install/arm_gazebo/share/arm_gazebo/local_setup.dsv\n'}
[70.102156] (arm_gazebo) StdoutLine: {'line': b'-- Installing: /home/shrey/ros2_ws/install/arm_gazebo/share/arm_gazebo/package.dsv\n'}
[70.102310] (arm_gazebo) StdoutLine: {'line': b'-- Installing: /home/shrey/ros2_ws/install/arm_gazebo/share/ament_index/resource_index/packages/arm_gazebo\n'}
[70.102716] (arm_gazebo) StdoutLine: {'line': b'-- Installing: /home/shrey/ros2_ws/install/arm_gazebo/share/arm_gazebo/cmake/arm_gazeboConfig.cmake\n'}
[70.103082] (arm_gazebo) StdoutLine: {'line': b'-- Installing: /home/shrey/ros2_ws/install/arm_gazebo/share/arm_gazebo/cmake/arm_gazeboConfig-version.cmake\n'}
[70.103173] (arm_gazebo) StdoutLine: {'line': b'-- Installing: /home/shrey/ros2_ws/install/arm_gazebo/share/arm_gazebo/package.xml\n'}
[70.105276] (arm_gazebo) CommandEnded: {'returncode': 0}
[70.143135] (arm_gazebo) JobEnded: {'identifier': 'arm_gazebo', 'rc': 0}
[70.145069] (-) EventReactorShutdown: {}
