[0.034s] Invoking command in '/home/shrey/ros2_ws/build/arm_gazebo': CMAKE_PREFIX_PATH=${CMAKE_PREFIX_PATH}:/opt/ros/humble /usr/bin/cmake /home/shrey/ros2_ws/src/arm_gazebo -DAMENT_CMAKE_SYMLINK_INSTALL=1 -DCMAKE_INSTALL_PREFIX=/home/shrey/ros2_ws/install/arm_gazebo
[0.049s] -- Found ament_cmake: 1.3.11 (/opt/ros/humble/share/ament_cmake/cmake)
[0.291s] -- Override CMake install command with custom implementation using symlinks instead of copying resources
[0.334s] -- Found gazebo_ros: 3.9.0 (/opt/ros/humble/share/gazebo_ros/cmake)
[0.635s] -- Found rosidl_generator_c: 3.1.6 (/opt/ros/humble/share/rosidl_generator_c/cmake)
[0.642s] -- Found rosidl_adapter: 3.1.6 (/opt/ros/humble/share/rosidl_adapter/cmake)
[0.672s] -- Found rosidl_generator_cpp: 3.1.6 (/opt/ros/humble/share/rosidl_generator_cpp/cmake)
[0.705s] -- Using all available rosidl_typesupport_c: rosidl_typesupport_fastrtps_c;rosidl_typesupport_introspection_c
[0.742s] -- Using all available rosidl_typesupport_cpp: rosidl_typesupport_fastrtps_cpp;rosidl_typesupport_introspection_cpp
[0.837s] -- Found rmw_implementation_cmake: 6.1.2 (/opt/ros/humble/share/rmw_implementation_cmake/cmake)
[0.843s] -- Found rmw_fastrtps_cpp: 6.2.7 (/opt/ros/humble/share/rmw_fastrtps_cpp/cmake)
[4.546s] -- Using RMW implementation 'rmw_fastrtps_cpp' as default
[4.755s] -- Found DART: /usr/include (Required is at least version "6.6") found components: dart 
[4.842s] -- Found Protobuf: /usr/lib/x86_64-linux-gnu/libprotobuf.so (found version "3.12.4") 
[4.849s] -- Looking for ignition-math6 -- found version 6.15.1
[4.864s] -- Searching for dependencies of ignition-math6
[4.870s] -- Looking for OGRE...
[4.878s] -- Found Ogre Ghadamon (1.9.0)
[4.878s] -- Found OGRE: optimized;/usr/lib/x86_64-linux-gnu/libOgreMain.so;debug;/usr/lib/x86_64-linux-gnu/libOgreMain.so
[4.892s] -- Looking for OGRE_Paging...
[4.892s] -- Found OGRE_Paging: optimized;/usr/lib/x86_64-linux-gnu/libOgrePaging.so;debug;/usr/lib/x86_64-linux-gnu/libOgrePaging.so
[4.893s] -- Looking for OGRE_Terrain...
[4.895s] -- Found OGRE_Terrain: optimized;/usr/lib/x86_64-linux-gnu/libOgreTerrain.so;debug;/usr/lib/x86_64-linux-gnu/libOgreTerrain.so
[4.895s] -- Looking for OGRE_Property...
[4.896s] -- Found OGRE_Property: optimized;/usr/lib/x86_64-linux-gnu/libOgreProperty.so;debug;/usr/lib/x86_64-linux-gnu/libOgreProperty.so
[4.896s] -- Looking for OGRE_RTShaderSystem...
[4.896s] -- Found OGRE_RTShaderSystem: optimized;/usr/lib/x86_64-linux-gnu/libOgreRTShaderSystem.so;debug;/usr/lib/x86_64-linux-gnu/libOgreRTShaderSystem.so
[4.897s] -- Looking for OGRE_Volume...
[4.897s] -- Found OGRE_Volume: optimized;/usr/lib/x86_64-linux-gnu/libOgreVolume.so;debug;/usr/lib/x86_64-linux-gnu/libOgreVolume.so
[4.897s] -- Looking for OGRE_Overlay...
[4.898s] -- Found OGRE_Overlay: optimized;/usr/lib/x86_64-linux-gnu/libOgreOverlay.so;debug;/usr/lib/x86_64-linux-gnu/libOgreOverlay.so
[47.233s] -- Looking for ignition-math6 -- found version 6.15.1
[47.244s] -- Looking for ignition-transport8 -- found version 8.2.1
[47.245s] -- Searching for dependencies of ignition-transport8
[49.618s] -- Found Protobuf: /usr/lib/x86_64-linux-gnu/libprotobuf.so (found suitable version "3.12.4", minimum required is "3") 
[51.951s] -- Config-file not installed for ZeroMQ -- checking for pkg-config
[51.959s] -- Checking for module 'libzmq >= 4'
[51.993s] --   Found libzmq , version 4.3.4
[52.059s] -- Checking for module 'uuid'
[52.081s] --   Found uuid, version 2.37.2
[52.132s] -- Looking for ignition-msgs5 -- found version 5.8.1
[52.133s] -- Searching for dependencies of ignition-msgs5
[54.531s] -- Looking for ignition-math6 -- found version 6.15.1
[54.540s] -- Checking for module 'tinyxml2'
[54.562s] --   Found tinyxml2, version 9.0.0
[54.614s] -- Looking for ignition-msgs5 -- found version 5.8.1
[54.616s] -- Looking for ignition-common3 -- found version 3.14.0
[54.617s] -- Searching for dependencies of ignition-common3
[54.618s] -- Looking for dlfcn.h - found
[54.618s] -- Looking for libdl - found
[54.802s] -- Searching for <ignition-common3> component [graphics]
[54.804s] -- Looking for ignition-common3-graphics -- found version 3.14.0
[54.805s] -- Searching for dependencies of ignition-common3-graphics
[54.805s] -- Looking for ignition-math6 -- found version 6.15.1
[54.809s] -- Looking for ignition-fuel_tools4 -- found version 4.4.0
[54.811s] -- Searching for dependencies of ignition-fuel_tools4
[57.576s] -- Checking for module 'jsoncpp'
[57.597s] --   Found jsoncpp, version 1.9.5
[57.656s] -- Checking for module 'libzip'
[57.677s] --   Found libzip, version 1.7.3
[57.727s] -- Looking for ignition-common3 -- found version 3.14.0
[57.728s] -- Looking for ignition-math6 -- found version 6.15.1
[57.728s] -- Looking for ignition-msgs5 -- found version 5.8.1
[57.735s] -- Gazebo version: 11.10
[57.829s] -- Configuring done
[57.846s] -- Generating done
[57.850s] -- Build files have been written to: /home/shrey/ros2_ws/build/arm_gazebo
[57.867s] Invoked command in '/home/shrey/ros2_ws/build/arm_gazebo' returned '0': CMAKE_PREFIX_PATH=${CMAKE_PREFIX_PATH}:/opt/ros/humble /usr/bin/cmake /home/shrey/ros2_ws/src/arm_gazebo -DAMENT_CMAKE_SYMLINK_INSTALL=1 -DCMAKE_INSTALL_PREFIX=/home/shrey/ros2_ws/install/arm_gazebo
[57.871s] Invoking command in '/home/shrey/ros2_ws/build/arm_gazebo': CMAKE_PREFIX_PATH=${CMAKE_PREFIX_PATH}:/opt/ros/humble /usr/bin/cmake --build /home/shrey/ros2_ws/build/arm_gazebo -- -j12 -l12
[57.925s] Invoked command in '/home/shrey/ros2_ws/build/arm_gazebo' returned '0': CMAKE_PREFIX_PATH=${CMAKE_PREFIX_PATH}:/opt/ros/humble /usr/bin/cmake --build /home/shrey/ros2_ws/build/arm_gazebo -- -j12 -l12
[57.929s] Invoking command in '/home/shrey/ros2_ws/build/arm_gazebo': CMAKE_PREFIX_PATH=${CMAKE_PREFIX_PATH}:/opt/ros/humble /usr/bin/cmake --install /home/shrey/ros2_ws/build/arm_gazebo
[57.936s] -- Install configuration: ""
[57.937s] -- Execute custom install script
[57.938s] -- Up-to-date symlink: /home/shrey/ros2_ws/install/arm_gazebo/share/arm_gazebo/launch/arm_world.launch.py
[57.938s] -- Up-to-date symlink: /home/shrey/ros2_ws/install/arm_gazebo/share/ament_index/resource_index/package_run_dependencies/arm_gazebo
[57.939s] -- Up-to-date symlink: /home/shrey/ros2_ws/install/arm_gazebo/share/ament_index/resource_index/parent_prefix_path/arm_gazebo
[57.939s] -- Up-to-date symlink: /home/shrey/ros2_ws/install/arm_gazebo/share/arm_gazebo/environment/ament_prefix_path.sh
[57.939s] -- Up-to-date symlink: /home/shrey/ros2_ws/install/arm_gazebo/share/arm_gazebo/environment/ament_prefix_path.dsv
[57.939s] -- Up-to-date symlink: /home/shrey/ros2_ws/install/arm_gazebo/share/arm_gazebo/environment/path.sh
[57.939s] -- Up-to-date symlink: /home/shrey/ros2_ws/install/arm_gazebo/share/arm_gazebo/environment/path.dsv
[57.940s] -- Up-to-date symlink: /home/shrey/ros2_ws/install/arm_gazebo/share/arm_gazebo/local_setup.bash
[57.940s] -- Up-to-date symlink: /home/shrey/ros2_ws/install/arm_gazebo/share/arm_gazebo/local_setup.sh
[57.940s] -- Up-to-date symlink: /home/shrey/ros2_ws/install/arm_gazebo/share/arm_gazebo/local_setup.zsh
[57.940s] -- Up-to-date symlink: /home/shrey/ros2_ws/install/arm_gazebo/share/arm_gazebo/local_setup.dsv
[57.940s] -- Symlinking: /home/shrey/ros2_ws/install/arm_gazebo/share/arm_gazebo/package.dsv
[57.952s] -- Up-to-date symlink: /home/shrey/ros2_ws/install/arm_gazebo/share/ament_index/resource_index/packages/arm_gazebo
[57.952s] -- Up-to-date symlink: /home/shrey/ros2_ws/install/arm_gazebo/share/arm_gazebo/cmake/arm_gazeboConfig.cmake
[57.953s] -- Up-to-date symlink: /home/shrey/ros2_ws/install/arm_gazebo/share/arm_gazebo/cmake/arm_gazeboConfig-version.cmake
[57.953s] -- Up-to-date symlink: /home/shrey/ros2_ws/install/arm_gazebo/share/arm_gazebo/package.xml
[57.958s] Invoked command in '/home/shrey/ros2_ws/build/arm_gazebo' returned '0': CMAKE_PREFIX_PATH=${CMAKE_PREFIX_PATH}:/opt/ros/humble /usr/bin/cmake --install /home/shrey/ros2_ws/build/arm_gazebo
