[0.046s] Invoking command in '/home/shrey/ros2_ws/build/arm_description': CMAKE_PREFIX_PATH=${CMAKE_PREFIX_PATH}:/opt/ros/humble /usr/bin/cmake /home/shrey/ros2_ws/src/arm_description -DCMAKE_INSTALL_PREFIX=/home/shrey/ros2_ws/install/arm_description
[0.164s] -- Found ament_cmake: 1.3.11 (/opt/ros/humble/share/ament_cmake/cmake)
[0.387s] -- Override CMake install command with custom implementation using symlinks instead of copying resources
[0.444s] -- Found ament_lint_auto: 0.12.11 (/opt/ros/humble/share/ament_lint_auto/cmake)
[0.626s] -- Added test 'flake8' to check Python code syntax and style conventions
[0.628s] -- Added test 'lint_cmake' to check CMake code style
[0.629s] -- Added test 'pep257' to check Python code against some of the docstring style conventions in PEP 257
[0.635s] -- Added test 'xmllint' to check XML markup files
[0.640s] -- Configuring done
[0.655s] -- Generating done
[0.662s] -- Build files have been written to: /home/shrey/ros2_ws/build/arm_description
[0.679s] Invoked command in '/home/shrey/ros2_ws/build/arm_description' returned '0': CMAKE_PREFIX_PATH=${CMAKE_PREFIX_PATH}:/opt/ros/humble /usr/bin/cmake /home/shrey/ros2_ws/src/arm_description -DCMAKE_INSTALL_PREFIX=/home/shrey/ros2_ws/install/arm_description
[0.685s] Invoking command in '/home/shrey/ros2_ws/build/arm_description': CMAKE_PREFIX_PATH=${CMAKE_PREFIX_PATH}:/opt/ros/humble /usr/bin/cmake --build /home/shrey/ros2_ws/build/arm_description -- -j12 -l12
[0.748s] Invoked command in '/home/shrey/ros2_ws/build/arm_description' returned '0': CMAKE_PREFIX_PATH=${CMAKE_PREFIX_PATH}:/opt/ros/humble /usr/bin/cmake --build /home/shrey/ros2_ws/build/arm_description -- -j12 -l12
[0.769s] Invoking command in '/home/shrey/ros2_ws/build/arm_description': CMAKE_PREFIX_PATH=${CMAKE_PREFIX_PATH}:/opt/ros/humble /usr/bin/cmake --install /home/shrey/ros2_ws/build/arm_description
[0.781s] -- Install configuration: ""
[0.781s] -- Execute custom install script
[0.783s] -- Up-to-date symlink: /home/shrey/ros2_ws/install/arm_description/share/arm_description//launch/display.launch.py
[0.784s] -- Up-to-date symlink: /home/shrey/ros2_ws/install/arm_description/share/arm_description//urdf/arm.urdf
[0.784s] -- Up-to-date symlink: /home/shrey/ros2_ws/install/arm_description/share/arm_description//urdf/arm.urdf.xacro
[0.784s] -- Up-to-date symlink: /home/shrey/ros2_ws/install/arm_description/share/arm_description//urdf/arm_hardware_interface.xacro
[0.785s] -- Up-to-date symlink: /home/shrey/ros2_ws/install/arm_description/share/ament_index/resource_index/package_run_dependencies/arm_description
[0.786s] -- Up-to-date symlink: /home/shrey/ros2_ws/install/arm_description/share/ament_index/resource_index/parent_prefix_path/arm_description
[0.786s] -- Up-to-date symlink: /home/shrey/ros2_ws/install/arm_description/share/arm_description/environment/ament_prefix_path.sh
[0.788s] -- Up-to-date symlink: /home/shrey/ros2_ws/install/arm_description/share/arm_description/environment/ament_prefix_path.dsv
[0.788s] -- Up-to-date symlink: /home/shrey/ros2_ws/install/arm_description/share/arm_description/environment/path.sh
[0.789s] -- Up-to-date symlink: /home/shrey/ros2_ws/install/arm_description/share/arm_description/environment/path.dsv
[0.791s] -- Up-to-date symlink: /home/shrey/ros2_ws/install/arm_description/share/arm_description/local_setup.bash
[0.792s] -- Up-to-date symlink: /home/shrey/ros2_ws/install/arm_description/share/arm_description/local_setup.sh
[0.792s] -- Up-to-date symlink: /home/shrey/ros2_ws/install/arm_description/share/arm_description/local_setup.zsh
[0.793s] -- Up-to-date symlink: /home/shrey/ros2_ws/install/arm_description/share/arm_description/local_setup.dsv
[0.793s] -- Symlinking: /home/shrey/ros2_ws/install/arm_description/share/arm_description/package.dsv
[0.809s] -- Up-to-date symlink: /home/shrey/ros2_ws/install/arm_description/share/ament_index/resource_index/packages/arm_description
[0.810s] -- Up-to-date symlink: /home/shrey/ros2_ws/install/arm_description/share/arm_description/cmake/arm_descriptionConfig.cmake
[0.810s] -- Up-to-date symlink: /home/shrey/ros2_ws/install/arm_description/share/arm_description/cmake/arm_descriptionConfig-version.cmake
[0.811s] -- Up-to-date symlink: /home/shrey/ros2_ws/install/arm_description/share/arm_description/package.xml
[0.815s] Invoked command in '/home/shrey/ros2_ws/build/arm_description' returned '0': CMAKE_PREFIX_PATH=${CMAKE_PREFIX_PATH}:/opt/ros/humble /usr/bin/cmake --install /home/shrey/ros2_ws/build/arm_description
