[0.051s] Invoking command in '/home/shrey/ros2_ws/build/arm_controller': CMAKE_PREFIX_PATH=${CMAKE_PREFIX_PATH}:/opt/ros/humble /usr/bin/cmake --build /home/shrey/ros2_ws/build/arm_controller -- -j12 -l12
[0.196s] Invoked command in '/home/shrey/ros2_ws/build/arm_controller' returned '0': CMAKE_PREFIX_PATH=${CMAKE_PREFIX_PATH}:/opt/ros/humble /usr/bin/cmake --build /home/shrey/ros2_ws/build/arm_controller -- -j12 -l12
[0.217s] Invoking command in '/home/shrey/ros2_ws/build/arm_controller': CMAKE_PREFIX_PATH=${CMAKE_PREFIX_PATH}:/opt/ros/humble /usr/bin/cmake --install /home/shrey/ros2_ws/build/arm_controller
[0.230s] -- Install configuration: ""
[0.239s] -- Execute custom install script
[0.240s] -- Up-to-date symlink: /home/shrey/ros2_ws/install/arm_controller/share/ament_index/resource_index/package_run_dependencies/arm_controller
[0.240s] -- Up-to-date symlink: /home/shrey/ros2_ws/install/arm_controller/share/ament_index/resource_index/parent_prefix_path/arm_controller
[0.240s] -- Up-to-date symlink: /home/shrey/ros2_ws/install/arm_controller/share/arm_controller/environment/ament_prefix_path.sh
[0.241s] -- Up-to-date symlink: /home/shrey/ros2_ws/install/arm_controller/share/arm_controller/environment/ament_prefix_path.dsv
[0.243s] -- Up-to-date symlink: /home/shrey/ros2_ws/install/arm_controller/share/arm_controller/environment/path.sh
[0.244s] -- Up-to-date symlink: /home/shrey/ros2_ws/install/arm_controller/share/arm_controller/environment/path.dsv
[0.245s] -- Up-to-date symlink: /home/shrey/ros2_ws/install/arm_controller/share/arm_controller/local_setup.bash
[0.246s] -- Up-to-date symlink: /home/shrey/ros2_ws/install/arm_controller/share/arm_controller/local_setup.sh
[0.246s] -- Up-to-date symlink: /home/shrey/ros2_ws/install/arm_controller/share/arm_controller/local_setup.zsh
[0.247s] -- Up-to-date symlink: /home/shrey/ros2_ws/install/arm_controller/share/arm_controller/local_setup.dsv
[0.247s] -- Symlinking: /home/shrey/ros2_ws/install/arm_controller/share/arm_controller/package.dsv
[0.265s] -- Up-to-date symlink: /home/shrey/ros2_ws/install/arm_controller/share/ament_index/resource_index/packages/arm_controller
[0.267s] -- Up-to-date symlink: /home/shrey/ros2_ws/install/arm_controller/share/arm_controller/cmake/arm_controllerConfig.cmake
[0.268s] -- Up-to-date symlink: /home/shrey/ros2_ws/install/arm_controller/share/arm_controller/cmake/arm_controllerConfig-version.cmake
[0.268s] -- Up-to-date symlink: /home/shrey/ros2_ws/install/arm_controller/share/arm_controller/package.xml
[0.272s] Invoked command in '/home/shrey/ros2_ws/build/arm_controller' returned '0': CMAKE_PREFIX_PATH=${CMAKE_PREFIX_PATH}:/opt/ros/humble /usr/bin/cmake --install /home/shrey/ros2_ws/build/arm_controller
