[0.031s] Invoking command in '/home/shrey/ros2_ws/build/arm_gazebo': CMAKE_PREFIX_PATH=${CMAKE_PREFIX_PATH}:/opt/ros/humble /usr/bin/cmake --build /home/shrey/ros2_ws/build/arm_gazebo -- -j12 -l12
[0.103s] Invoked command in '/home/shrey/ros2_ws/build/arm_gazebo' returned '0': CMAKE_PREFIX_PATH=${CMAKE_PREFIX_PATH}:/opt/ros/humble /usr/bin/cmake --build /home/shrey/ros2_ws/build/arm_gazebo -- -j12 -l12
[0.110s] Invoking command in '/home/shrey/ros2_ws/build/arm_gazebo': CMAKE_PREFIX_PATH=${CMAKE_PREFIX_PATH}:/opt/ros/humble /usr/bin/cmake --install /home/shrey/ros2_ws/build/arm_gazebo
[0.119s] -- Install configuration: ""
[0.120s] -- Execute custom install script
[0.120s] -- Up-to-date symlink: /home/shrey/ros2_ws/install/arm_gazebo/share/arm_gazebo/launch/arm_world.launch.py
[0.120s] -- Up-to-date symlink: /home/shrey/ros2_ws/install/arm_gazebo/share/ament_index/resource_index/package_run_dependencies/arm_gazebo
[0.120s] -- Up-to-date symlink: /home/shrey/ros2_ws/install/arm_gazebo/share/ament_index/resource_index/parent_prefix_path/arm_gazebo
[0.121s] -- Up-to-date symlink: /home/shrey/ros2_ws/install/arm_gazebo/share/arm_gazebo/environment/ament_prefix_path.sh
[0.122s] -- Up-to-date symlink: /home/shrey/ros2_ws/install/arm_gazebo/share/arm_gazebo/environment/ament_prefix_path.dsv
[0.122s] -- Up-to-date symlink: /home/shrey/ros2_ws/install/arm_gazebo/share/arm_gazebo/environment/path.sh
[0.123s] -- Up-to-date symlink: /home/shrey/ros2_ws/install/arm_gazebo/share/arm_gazebo/environment/path.dsv
[0.124s] -- Up-to-date symlink: /home/shrey/ros2_ws/install/arm_gazebo/share/arm_gazebo/local_setup.bash
[0.124s] -- Up-to-date symlink: /home/shrey/ros2_ws/install/arm_gazebo/share/arm_gazebo/local_setup.sh
[0.124s] -- Up-to-date symlink: /home/shrey/ros2_ws/install/arm_gazebo/share/arm_gazebo/local_setup.zsh
[0.124s] -- Up-to-date symlink: /home/shrey/ros2_ws/install/arm_gazebo/share/arm_gazebo/local_setup.dsv
[0.124s] -- Symlinking: /home/shrey/ros2_ws/install/arm_gazebo/share/arm_gazebo/package.dsv
[0.140s] -- Up-to-date symlink: /home/shrey/ros2_ws/install/arm_gazebo/share/ament_index/resource_index/packages/arm_gazebo
[0.140s] -- Up-to-date symlink: /home/shrey/ros2_ws/install/arm_gazebo/share/arm_gazebo/cmake/arm_gazeboConfig.cmake
[0.142s] -- Up-to-date symlink: /home/shrey/ros2_ws/install/arm_gazebo/share/arm_gazebo/cmake/arm_gazeboConfig-version.cmake
[0.143s] -- Up-to-date symlink: /home/shrey/ros2_ws/install/arm_gazebo/share/arm_gazebo/package.xml
[0.181s] Invoked command in '/home/shrey/ros2_ws/build/arm_gazebo' returned '0': CMAKE_PREFIX_PATH=${CMAKE_PREFIX_PATH}:/opt/ros/humble /usr/bin/cmake --install /home/shrey/ros2_ws/build/arm_gazebo
