[0.068s] Invoking command in '/home/shrey/ros2_ws/build/arm_gazebo': CMAKE_PREFIX_PATH=${CMAKE_PREFIX_PATH}:/opt/ros/humble /usr/bin/cmake --build /home/shrey/ros2_ws/build/arm_gazebo -- -j12 -l12
[0.198s] Invoked command in '/home/shrey/ros2_ws/build/arm_gazebo' returned '0': CMAKE_PREFIX_PATH=${CMAKE_PREFIX_PATH}:/opt/ros/humble /usr/bin/cmake --build /home/shrey/ros2_ws/build/arm_gazebo -- -j12 -l12
[0.222s] Invoking command in '/home/shrey/ros2_ws/build/arm_gazebo': CMAKE_PREFIX_PATH=${CMAKE_PREFIX_PATH}:/opt/ros/humble /usr/bin/cmake --install /home/shrey/ros2_ws/build/arm_gazebo
[0.236s] -- Install configuration: ""
[0.238s] -- Execute custom install script
[0.240s] -- Up-to-date symlink: /home/shrey/ros2_ws/install/arm_gazebo/share/arm_gazebo/launch/arm_world.launch.py
[0.243s] -- Up-to-date symlink: /home/shrey/ros2_ws/install/arm_gazebo/share/ament_index/resource_index/package_run_dependencies/arm_gazebo
[0.244s] -- Up-to-date symlink: /home/shrey/ros2_ws/install/arm_gazebo/share/ament_index/resource_index/parent_prefix_path/arm_gazebo
[0.245s] -- Up-to-date symlink: /home/shrey/ros2_ws/install/arm_gazebo/share/arm_gazebo/environment/ament_prefix_path.sh
[0.246s] -- Up-to-date symlink: /home/shrey/ros2_ws/install/arm_gazebo/share/arm_gazebo/environment/ament_prefix_path.dsv
[0.246s] -- Up-to-date symlink: /home/shrey/ros2_ws/install/arm_gazebo/share/arm_gazebo/environment/path.sh
[0.247s] -- Up-to-date symlink: /home/shrey/ros2_ws/install/arm_gazebo/share/arm_gazebo/environment/path.dsv
[0.249s] -- Up-to-date symlink: /home/shrey/ros2_ws/install/arm_gazebo/share/arm_gazebo/local_setup.bash
[0.251s] -- Up-to-date symlink: /home/shrey/ros2_ws/install/arm_gazebo/share/arm_gazebo/local_setup.sh
[0.251s] -- Up-to-date symlink: /home/shrey/ros2_ws/install/arm_gazebo/share/arm_gazebo/local_setup.zsh
[0.252s] -- Up-to-date symlink: /home/shrey/ros2_ws/install/arm_gazebo/share/arm_gazebo/local_setup.dsv
[0.254s] -- Symlinking: /home/shrey/ros2_ws/install/arm_gazebo/share/arm_gazebo/package.dsv
[0.269s] -- Up-to-date symlink: /home/shrey/ros2_ws/install/arm_gazebo/share/ament_index/resource_index/packages/arm_gazebo
[0.269s] -- Up-to-date symlink: /home/shrey/ros2_ws/install/arm_gazebo/share/arm_gazebo/cmake/arm_gazeboConfig.cmake
[0.270s] -- Up-to-date symlink: /home/shrey/ros2_ws/install/arm_gazebo/share/arm_gazebo/cmake/arm_gazeboConfig-version.cmake
[0.270s] -- Up-to-date symlink: /home/shrey/ros2_ws/install/arm_gazebo/share/arm_gazebo/package.xml
[0.371s] Invoked command in '/home/shrey/ros2_ws/build/arm_gazebo' returned '0': CMAKE_PREFIX_PATH=${CMAKE_PREFIX_PATH}:/opt/ros/humble /usr/bin/cmake --install /home/shrey/ros2_ws/build/arm_gazebo
