[0.051s] Invoking command in '/home/shrey/ros2_ws/build/arm_description': CMAKE_PREFIX_PATH=${CMAKE_PREFIX_PATH}:/opt/ros/humble /usr/bin/cmake --build /home/shrey/ros2_ws/build/arm_description -- -j12 -l12
[0.147s] Invoked command in '/home/shrey/ros2_ws/build/arm_description' returned '0': CMAKE_PREFIX_PATH=${CMAKE_PREFIX_PATH}:/opt/ros/humble /usr/bin/cmake --build /home/shrey/ros2_ws/build/arm_description -- -j12 -l12
[0.173s] Invoking command in '/home/shrey/ros2_ws/build/arm_description': CMAKE_PREFIX_PATH=${CMAKE_PREFIX_PATH}:/opt/ros/humble /usr/bin/cmake --install /home/shrey/ros2_ws/build/arm_description
[0.196s] -- Install configuration: ""
[0.197s] -- Execute custom install script
[0.198s] -- Up-to-date symlink: /home/shrey/ros2_ws/install/arm_description/share/arm_description//launch/display.launch.py
[0.199s] -- Up-to-date symlink: /home/shrey/ros2_ws/install/arm_description/share/arm_description//urdf/arm.urdf
[0.200s] -- Up-to-date symlink: /home/shrey/ros2_ws/install/arm_description/share/arm_description//urdf/arm.urdf.xacro
[0.200s] -- Up-to-date symlink: /home/shrey/ros2_ws/install/arm_description/share/arm_description//urdf/arm_hardware_interface.xacro
[0.201s] -- Up-to-date symlink: /home/shrey/ros2_ws/install/arm_description/share/ament_index/resource_index/package_run_dependencies/arm_description
[0.203s] -- Up-to-date symlink: /home/shrey/ros2_ws/install/arm_description/share/ament_index/resource_index/parent_prefix_path/arm_description
[0.204s] -- Up-to-date symlink: /home/shrey/ros2_ws/install/arm_description/share/arm_description/environment/ament_prefix_path.sh
[0.208s] -- Up-to-date symlink: /home/shrey/ros2_ws/install/arm_description/share/arm_description/environment/ament_prefix_path.dsv
[0.209s] -- Up-to-date symlink: /home/shrey/ros2_ws/install/arm_description/share/arm_description/environment/path.sh
[0.210s] -- Up-to-date symlink: /home/shrey/ros2_ws/install/arm_description/share/arm_description/environment/path.dsv
[0.211s] -- Up-to-date symlink: /home/shrey/ros2_ws/install/arm_description/share/arm_description/local_setup.bash
[0.211s] -- Up-to-date symlink: /home/shrey/ros2_ws/install/arm_description/share/arm_description/local_setup.sh
[0.212s] -- Up-to-date symlink: /home/shrey/ros2_ws/install/arm_description/share/arm_description/local_setup.zsh
[0.212s] -- Up-to-date symlink: /home/shrey/ros2_ws/install/arm_description/share/arm_description/local_setup.dsv
[0.213s] -- Symlinking: /home/shrey/ros2_ws/install/arm_description/share/arm_description/package.dsv
[0.226s] -- Up-to-date symlink: /home/shrey/ros2_ws/install/arm_description/share/ament_index/resource_index/packages/arm_description
[0.227s] -- Up-to-date symlink: /home/shrey/ros2_ws/install/arm_description/share/arm_description/cmake/arm_descriptionConfig.cmake
[0.229s] -- Up-to-date symlink: /home/shrey/ros2_ws/install/arm_description/share/arm_description/cmake/arm_descriptionConfig-version.cmake
[0.229s] -- Up-to-date symlink: /home/shrey/ros2_ws/install/arm_description/share/arm_description/package.xml
[0.248s] Invoked command in '/home/shrey/ros2_ws/build/arm_description' returned '0': CMAKE_PREFIX_PATH=${CMAKE_PREFIX_PATH}:/opt/ros/humble /usr/bin/cmake --install /home/shrey/ros2_ws/build/arm_description
