[0.066s] Invoking command in '/home/shrey/ros2_ws/build/arm_controller': CMAKE_PREFIX_PATH=${CMAKE_PREFIX_PATH}:/opt/ros/humble /usr/bin/cmake /home/shrey/ros2_ws/src/arm_controller -DCMAKE_INSTALL_PREFIX=/home/shrey/ros2_ws/install/arm_controller
[0.203s] -- Found ament_cmake: 1.3.11 (/opt/ros/humble/share/ament_cmake/cmake)
[0.521s] -- Override CMake install command with custom implementation using symlinks instead of copying resources
[0.586s] -- Found rclcpp: 16.0.11 (/opt/ros/humble/share/rclcpp/cmake)
[1.024s] -- Found rosidl_generator_c: 3.1.6 (/opt/ros/humble/share/rosidl_generator_c/cmake)
[1.036s] -- Found rosidl_adapter: 3.1.6 (/opt/ros/humble/share/rosidl_adapter/cmake)
[1.066s] -- Found rosidl_generator_cpp: 3.1.6 (/opt/ros/humble/share/rosidl_generator_cpp/cmake)
[1.111s] -- Using all available rosidl_typesupport_c: rosidl_typesupport_fastrtps_c;rosidl_typesupport_introspection_c
[1.162s] -- Using all available rosidl_typesupport_cpp: rosidl_typesupport_fastrtps_cpp;rosidl_typesupport_introspection_cpp
[1.311s] -- Found rmw_implementation_cmake: 6.1.2 (/opt/ros/humble/share/rmw_implementation_cmake/cmake)
[1.320s] -- Found rmw_fastrtps_cpp: 6.2.7 (/opt/ros/humble/share/rmw_fastrtps_cpp/cmake)
[7.757s] -- Using RMW implementation 'rmw_fastrtps_cpp' as default
[7.969s] -- Found sensor_msgs: 4.2.4 (/opt/ros/humble/share/sensor_msgs/cmake)
[8.086s] -- Found ament_lint_auto: 0.12.11 (/opt/ros/humble/share/ament_lint_auto/cmake)
[8.258s] -- Added test 'cppcheck' to perform static code analysis on C / C++ code
[8.259s] -- Configured cppcheck include dirs: 
[8.260s] -- Configured cppcheck exclude dirs and/or files: 
[8.260s] -- Added test 'lint_cmake' to check CMake code style
[8.262s] -- Added test 'uncrustify' to check C / C++ code style
[8.262s] -- Configured uncrustify additional arguments: 
[8.262s] -- Added test 'xmllint' to check XML markup files
[8.267s] -- Configuring done
[8.290s] -- Generating done
[8.296s] -- Build files have been written to: /home/shrey/ros2_ws/build/arm_controller
[8.314s] Invoked command in '/home/shrey/ros2_ws/build/arm_controller' returned '0': CMAKE_PREFIX_PATH=${CMAKE_PREFIX_PATH}:/opt/ros/humble /usr/bin/cmake /home/shrey/ros2_ws/src/arm_controller -DCMAKE_INSTALL_PREFIX=/home/shrey/ros2_ws/install/arm_controller
[8.320s] Invoking command in '/home/shrey/ros2_ws/build/arm_controller': CMAKE_PREFIX_PATH=${CMAKE_PREFIX_PATH}:/opt/ros/humble /usr/bin/cmake --build /home/shrey/ros2_ws/build/arm_controller -- -j12 -l12
[8.407s] Invoked command in '/home/shrey/ros2_ws/build/arm_controller' returned '0': CMAKE_PREFIX_PATH=${CMAKE_PREFIX_PATH}:/opt/ros/humble /usr/bin/cmake --build /home/shrey/ros2_ws/build/arm_controller -- -j12 -l12
[8.414s] Invoking command in '/home/shrey/ros2_ws/build/arm_controller': CMAKE_PREFIX_PATH=${CMAKE_PREFIX_PATH}:/opt/ros/humble /usr/bin/cmake --install /home/shrey/ros2_ws/build/arm_controller
[8.427s] -- Install configuration: ""
[8.429s] -- Execute custom install script
[8.430s] -- Up-to-date symlink: /home/shrey/ros2_ws/install/arm_controller/share/ament_index/resource_index/package_run_dependencies/arm_controller
[8.431s] -- Up-to-date symlink: /home/shrey/ros2_ws/install/arm_controller/share/ament_index/resource_index/parent_prefix_path/arm_controller
[8.432s] -- Up-to-date symlink: /home/shrey/ros2_ws/install/arm_controller/share/arm_controller/environment/ament_prefix_path.sh
[8.433s] -- Up-to-date symlink: /home/shrey/ros2_ws/install/arm_controller/share/arm_controller/environment/ament_prefix_path.dsv
[8.435s] -- Up-to-date symlink: /home/shrey/ros2_ws/install/arm_controller/share/arm_controller/environment/path.sh
[8.436s] -- Up-to-date symlink: /home/shrey/ros2_ws/install/arm_controller/share/arm_controller/environment/path.dsv
[8.437s] -- Up-to-date symlink: /home/shrey/ros2_ws/install/arm_controller/share/arm_controller/local_setup.bash
[8.438s] -- Up-to-date symlink: /home/shrey/ros2_ws/install/arm_controller/share/arm_controller/local_setup.sh
[8.439s] -- Up-to-date symlink: /home/shrey/ros2_ws/install/arm_controller/share/arm_controller/local_setup.zsh
[8.441s] -- Up-to-date symlink: /home/shrey/ros2_ws/install/arm_controller/share/arm_controller/local_setup.dsv
[8.441s] -- Symlinking: /home/shrey/ros2_ws/install/arm_controller/share/arm_controller/package.dsv
[8.465s] -- Up-to-date symlink: /home/shrey/ros2_ws/install/arm_controller/share/ament_index/resource_index/packages/arm_controller
[8.466s] -- Up-to-date symlink: /home/shrey/ros2_ws/install/arm_controller/share/arm_controller/cmake/arm_controllerConfig.cmake
[8.467s] -- Up-to-date symlink: /home/shrey/ros2_ws/install/arm_controller/share/arm_controller/cmake/arm_controllerConfig-version.cmake
[8.468s] -- Up-to-date symlink: /home/shrey/ros2_ws/install/arm_controller/share/arm_controller/package.xml
[8.474s] Invoked command in '/home/shrey/ros2_ws/build/arm_controller' returned '0': CMAKE_PREFIX_PATH=${CMAKE_PREFIX_PATH}:/opt/ros/humble /usr/bin/cmake --install /home/shrey/ros2_ws/build/arm_controller
