[0.069s] Invoking command in '/home/shrey/ros2_ws/build/arm_controller': CMAKE_PREFIX_PATH=${CMAKE_PREFIX_PATH}:/opt/ros/humble /usr/bin/cmake --build /home/shrey/ros2_ws/build/arm_controller -- -j12 -l12
[0.306s] Invoked command in '/home/shrey/ros2_ws/build/arm_controller' returned '0': CMAKE_PREFIX_PATH=${CMAKE_PREFIX_PATH}:/opt/ros/humble /usr/bin/cmake --build /home/shrey/ros2_ws/build/arm_controller -- -j12 -l12
[0.313s] Invoking command in '/home/shrey/ros2_ws/build/arm_controller': CMAKE_PREFIX_PATH=${CMAKE_PREFIX_PATH}:/opt/ros/humble /usr/bin/cmake --install /home/shrey/ros2_ws/build/arm_controller
[0.338s] -- Install configuration: ""
[0.338s] -- Execute custom install script
[0.338s] -- Up-to-date symlink: /home/shrey/ros2_ws/install/arm_controller/share/ament_index/resource_index/package_run_dependencies/arm_controller
[0.340s] -- Up-to-date symlink: /home/shrey/ros2_ws/install/arm_controller/share/ament_index/resource_index/parent_prefix_path/arm_controller
[0.340s] -- Up-to-date symlink: /home/shrey/ros2_ws/install/arm_controller/share/arm_controller/environment/ament_prefix_path.sh
[0.340s] -- Up-to-date symlink: /home/shrey/ros2_ws/install/arm_controller/share/arm_controller/environment/ament_prefix_path.dsv
[0.341s] -- Up-to-date symlink: /home/shrey/ros2_ws/install/arm_controller/share/arm_controller/environment/path.sh
[0.342s] -- Up-to-date symlink: /home/shrey/ros2_ws/install/arm_controller/share/arm_controller/environment/path.dsv
[0.342s] -- Up-to-date symlink: /home/shrey/ros2_ws/install/arm_controller/share/arm_controller/local_setup.bash
[0.343s] -- Up-to-date symlink: /home/shrey/ros2_ws/install/arm_controller/share/arm_controller/local_setup.sh
[0.347s] -- Up-to-date symlink: /home/shrey/ros2_ws/install/arm_controller/share/arm_controller/local_setup.zsh
[0.349s] -- Up-to-date symlink: /home/shrey/ros2_ws/install/arm_controller/share/arm_controller/local_setup.dsv
[0.349s] -- Symlinking: /home/shrey/ros2_ws/install/arm_controller/share/arm_controller/package.dsv
[0.372s] -- Up-to-date symlink: /home/shrey/ros2_ws/install/arm_controller/share/ament_index/resource_index/packages/arm_controller
[0.373s] -- Up-to-date symlink: /home/shrey/ros2_ws/install/arm_controller/share/arm_controller/cmake/arm_controllerConfig.cmake
[0.375s] -- Up-to-date symlink: /home/shrey/ros2_ws/install/arm_controller/share/arm_controller/cmake/arm_controllerConfig-version.cmake
[0.377s] -- Up-to-date symlink: /home/shrey/ros2_ws/install/arm_controller/share/arm_controller/package.xml
[0.385s] Invoked command in '/home/shrey/ros2_ws/build/arm_controller' returned '0': CMAKE_PREFIX_PATH=${CMAKE_PREFIX_PATH}:/opt/ros/humble /usr/bin/cmake --install /home/shrey/ros2_ws/build/arm_controller
