[0.556s] DEBUG:colcon:Command line arguments: ['/usr/bin/colcon', 'build', '--symlink-install']
[0.556s] DEBUG:colcon:Parsed command line arguments: Namespace(log_base=None, log_level=None, verb_name='build', build_base='build', install_base='install', merge_install=False, symlink_install=True, test_result_base=None, continue_on_error=False, executor='parallel', parallel_workers=12, event_handlers=None, ignore_user_meta=False, metas=['./colcon.meta'], base_paths=['.'], packages_ignore=None, packages_ignore_regex=None, paths=None, packages_up_to=None, packages_up_to_regex=None, packages_above=None, packages_above_and_dependencies=None, packages_above_depth=None, packages_select_by_dep=None, packages_skip_by_dep=None, packages_skip_up_to=None, packages_select_build_failed=False, packages_skip_build_finished=False, packages_select_test_failures=False, packages_skip_test_passed=False, packages_select=None, packages_skip=None, packages_select_regex=None, packages_skip_regex=None, packages_start=None, packages_end=None, allow_overriding=[], cmake_args=None, cmake_target=None, cmake_target_skip_unavailable=False, cmake_clean_cache=False, cmake_clean_first=False, cmake_force_configure=False, ament_cmake_args=None, catkin_cmake_args=None, catkin_skip_building_tests=False, verb_parser=<colcon_defaults.argument_parser.defaults.DefaultArgumentsDecorator object at 0x7fa878827ee0>, verb_extension=<colcon_core.verb.build.BuildVerb object at 0x7fa878826e30>, main=<bound method BuildVerb.main of <colcon_core.verb.build.BuildVerb object at 0x7fa878826e30>>)
[0.666s] Level 1:colcon.colcon_core.package_discovery:discover_packages(colcon_meta) check parameters
[0.667s] Level 1:colcon.colcon_core.package_discovery:discover_packages(recursive) check parameters
[0.667s] Level 1:colcon.colcon_core.package_discovery:discover_packages(ignore) check parameters
[0.667s] Level 1:colcon.colcon_core.package_discovery:discover_packages(path) check parameters
[0.667s] Level 1:colcon.colcon_core.package_discovery:discover_packages(colcon_meta) discover
[0.667s] Level 1:colcon.colcon_core.package_discovery:discover_packages(recursive) discover
[0.667s] INFO:colcon.colcon_core.package_discovery:Crawling recursively for packages in '/home/shrey/ros2_ws'
[0.667s] Level 1:colcon.colcon_core.package_identification:_identify(.) by extensions ['ignore', 'ignore_ament_install']
[0.668s] Level 1:colcon.colcon_core.package_identification:_identify(.) by extension 'ignore'
[0.668s] Level 1:colcon.colcon_core.package_identification:_identify(.) by extension 'ignore_ament_install'
[0.668s] Level 1:colcon.colcon_core.package_identification:_identify(.) by extensions ['colcon_pkg']
[0.668s] Level 1:colcon.colcon_core.package_identification:_identify(.) by extension 'colcon_pkg'
[0.668s] Level 1:colcon.colcon_core.package_identification:_identify(.) by extensions ['colcon_meta']
[0.668s] Level 1:colcon.colcon_core.package_identification:_identify(.) by extension 'colcon_meta'
[0.668s] Level 1:colcon.colcon_core.package_identification:_identify(.) by extensions ['ros']
[0.668s] Level 1:colcon.colcon_core.package_identification:_identify(.) by extension 'ros'
[0.675s] Level 1:colcon.colcon_core.package_identification:_identify(.) by extensions ['cmake', 'python']
[0.675s] Level 1:colcon.colcon_core.package_identification:_identify(.) by extension 'cmake'
[0.675s] Level 1:colcon.colcon_core.package_identification:_identify(.) by extension 'python'
[0.675s] Level 1:colcon.colcon_core.package_identification:_identify(.) by extensions ['python_setup_py']
[0.675s] Level 1:colcon.colcon_core.package_identification:_identify(.) by extension 'python_setup_py'
[0.676s] Level 1:colcon.colcon_core.package_identification:_identify(build) by extensions ['ignore', 'ignore_ament_install']
[0.676s] Level 1:colcon.colcon_core.package_identification:_identify(build) by extension 'ignore'
[0.676s] Level 1:colcon.colcon_core.package_identification:_identify(build) ignored
[0.677s] Level 1:colcon.colcon_core.package_identification:_identify(install) by extensions ['ignore', 'ignore_ament_install']
[0.677s] Level 1:colcon.colcon_core.package_identification:_identify(install) by extension 'ignore'
[0.677s] Level 1:colcon.colcon_core.package_identification:_identify(install) ignored
[0.677s] Level 1:colcon.colcon_core.package_identification:_identify(log) by extensions ['ignore', 'ignore_ament_install']
[0.677s] Level 1:colcon.colcon_core.package_identification:_identify(log) by extension 'ignore'
[0.678s] Level 1:colcon.colcon_core.package_identification:_identify(log) ignored
[0.678s] Level 1:colcon.colcon_core.package_identification:_identify(src) by extensions ['ignore', 'ignore_ament_install']
[0.678s] Level 1:colcon.colcon_core.package_identification:_identify(src) by extension 'ignore'
[0.678s] Level 1:colcon.colcon_core.package_identification:_identify(src) by extension 'ignore_ament_install'
[0.678s] Level 1:colcon.colcon_core.package_identification:_identify(src) by extensions ['colcon_pkg']
[0.678s] Level 1:colcon.colcon_core.package_identification:_identify(src) by extension 'colcon_pkg'
[0.678s] Level 1:colcon.colcon_core.package_identification:_identify(src) by extensions ['colcon_meta']
[0.678s] Level 1:colcon.colcon_core.package_identification:_identify(src) by extension 'colcon_meta'
[0.678s] Level 1:colcon.colcon_core.package_identification:_identify(src) by extensions ['ros']
[0.678s] Level 1:colcon.colcon_core.package_identification:_identify(src) by extension 'ros'
[0.679s] Level 1:colcon.colcon_core.package_identification:_identify(src) by extensions ['cmake', 'python']
[0.679s] Level 1:colcon.colcon_core.package_identification:_identify(src) by extension 'cmake'
[0.679s] Level 1:colcon.colcon_core.package_identification:_identify(src) by extension 'python'
[0.679s] Level 1:colcon.colcon_core.package_identification:_identify(src) by extensions ['python_setup_py']
[0.679s] Level 1:colcon.colcon_core.package_identification:_identify(src) by extension 'python_setup_py'
[0.679s] Level 1:colcon.colcon_core.package_identification:_identify(src/arm_controller) by extensions ['ignore', 'ignore_ament_install']
[0.679s] Level 1:colcon.colcon_core.package_identification:_identify(src/arm_controller) by extension 'ignore'
[0.679s] Level 1:colcon.colcon_core.package_identification:_identify(src/arm_controller) by extension 'ignore_ament_install'
[0.679s] Level 1:colcon.colcon_core.package_identification:_identify(src/arm_controller) by extensions ['colcon_pkg']
[0.679s] Level 1:colcon.colcon_core.package_identification:_identify(src/arm_controller) by extension 'colcon_pkg'
[0.679s] Level 1:colcon.colcon_core.package_identification:_identify(src/arm_controller) by extensions ['colcon_meta']
[0.679s] Level 1:colcon.colcon_core.package_identification:_identify(src/arm_controller) by extension 'colcon_meta'
[0.680s] Level 1:colcon.colcon_core.package_identification:_identify(src/arm_controller) by extensions ['ros']
[0.680s] Level 1:colcon.colcon_core.package_identification:_identify(src/arm_controller) by extension 'ros'
[0.684s] DEBUG:colcon.colcon_core.package_identification:Package 'src/arm_controller' with type 'ros.ament_cmake' and name 'arm_controller'
[0.684s] Level 1:colcon.colcon_core.package_identification:_identify(src/arm_description) by extensions ['ignore', 'ignore_ament_install']
[0.685s] Level 1:colcon.colcon_core.package_identification:_identify(src/arm_description) by extension 'ignore'
[0.685s] Level 1:colcon.colcon_core.package_identification:_identify(src/arm_description) by extension 'ignore_ament_install'
[0.685s] Level 1:colcon.colcon_core.package_identification:_identify(src/arm_description) by extensions ['colcon_pkg']
[0.685s] Level 1:colcon.colcon_core.package_identification:_identify(src/arm_description) by extension 'colcon_pkg'
[0.685s] Level 1:colcon.colcon_core.package_identification:_identify(src/arm_description) by extensions ['colcon_meta']
[0.685s] Level 1:colcon.colcon_core.package_identification:_identify(src/arm_description) by extension 'colcon_meta'
[0.686s] Level 1:colcon.colcon_core.package_identification:_identify(src/arm_description) by extensions ['ros']
[0.686s] Level 1:colcon.colcon_core.package_identification:_identify(src/arm_description) by extension 'ros'
[0.689s] DEBUG:colcon.colcon_core.package_identification:Package 'src/arm_description' with type 'ros.ament_cmake' and name 'arm_description'
[0.689s] Level 1:colcon.colcon_core.package_identification:_identify(src/arm_gazebo) by extensions ['ignore', 'ignore_ament_install']
[0.690s] Level 1:colcon.colcon_core.package_identification:_identify(src/arm_gazebo) by extension 'ignore'
[0.690s] Level 1:colcon.colcon_core.package_identification:_identify(src/arm_gazebo) by extension 'ignore_ament_install'
[0.690s] Level 1:colcon.colcon_core.package_identification:_identify(src/arm_gazebo) by extensions ['colcon_pkg']
[0.690s] Level 1:colcon.colcon_core.package_identification:_identify(src/arm_gazebo) by extension 'colcon_pkg'
[0.690s] Level 1:colcon.colcon_core.package_identification:_identify(src/arm_gazebo) by extensions ['colcon_meta']
[0.690s] Level 1:colcon.colcon_core.package_identification:_identify(src/arm_gazebo) by extension 'colcon_meta'
[0.690s] Level 1:colcon.colcon_core.package_identification:_identify(src/arm_gazebo) by extensions ['ros']
[0.690s] Level 1:colcon.colcon_core.package_identification:_identify(src/arm_gazebo) by extension 'ros'
[0.691s] DEBUG:colcon.colcon_core.package_identification:Package 'src/arm_gazebo' with type 'ros.ament_cmake' and name 'arm_gazebo'
[0.691s] Level 1:colcon.colcon_core.package_discovery:discover_packages(recursive) using defaults
[0.692s] Level 1:colcon.colcon_core.package_discovery:discover_packages(ignore) discover
[0.692s] Level 1:colcon.colcon_core.package_discovery:discover_packages(ignore) using defaults
[0.692s] Level 1:colcon.colcon_core.package_discovery:discover_packages(path) discover
[0.692s] Level 1:colcon.colcon_core.package_discovery:discover_packages(path) using defaults
[0.738s] Level 1:colcon.colcon_core.package_discovery:discover_packages(prefix_path) check parameters
[0.739s] Level 1:colcon.colcon_core.package_discovery:discover_packages(prefix_path) discover
[0.744s] DEBUG:colcon.colcon_installed_package_information.package_discovery:Found 3 installed packages in /home/shrey/ros2_ws/install
[0.749s] DEBUG:colcon.colcon_installed_package_information.package_discovery:Found 341 installed packages in /opt/ros/humble
[0.752s] Level 1:colcon.colcon_core.package_discovery:discover_packages(prefix_path) using defaults
[0.856s] Level 5:colcon.colcon_core.verb:set package 'arm_controller' build argument 'cmake_args' from command line to 'None'
[0.857s] Level 5:colcon.colcon_core.verb:set package 'arm_controller' build argument 'cmake_target' from command line to 'None'
[0.857s] Level 5:colcon.colcon_core.verb:set package 'arm_controller' build argument 'cmake_target_skip_unavailable' from command line to 'False'
[0.857s] Level 5:colcon.colcon_core.verb:set package 'arm_controller' build argument 'cmake_clean_cache' from command line to 'False'
[0.857s] Level 5:colcon.colcon_core.verb:set package 'arm_controller' build argument 'cmake_clean_first' from command line to 'False'
[0.857s] Level 5:colcon.colcon_core.verb:set package 'arm_controller' build argument 'cmake_force_configure' from command line to 'False'
[0.857s] Level 5:colcon.colcon_core.verb:set package 'arm_controller' build argument 'ament_cmake_args' from command line to 'None'
[0.857s] Level 5:colcon.colcon_core.verb:set package 'arm_controller' build argument 'catkin_cmake_args' from command line to 'None'
[0.857s] Level 5:colcon.colcon_core.verb:set package 'arm_controller' build argument 'catkin_skip_building_tests' from command line to 'False'
[0.857s] DEBUG:colcon.colcon_core.verb:Building package 'arm_controller' with the following arguments: {'ament_cmake_args': None, 'build_base': '/home/shrey/ros2_ws/build/arm_controller', 'catkin_cmake_args': None, 'catkin_skip_building_tests': False, 'cmake_args': None, 'cmake_clean_cache': False, 'cmake_clean_first': False, 'cmake_force_configure': False, 'cmake_target': None, 'cmake_target_skip_unavailable': False, 'install_base': '/home/shrey/ros2_ws/install/arm_controller', 'merge_install': False, 'path': '/home/shrey/ros2_ws/src/arm_controller', 'symlink_install': True, 'test_result_base': None}
[0.858s] Level 5:colcon.colcon_core.verb:set package 'arm_description' build argument 'cmake_args' from command line to 'None'
[0.858s] Level 5:colcon.colcon_core.verb:set package 'arm_description' build argument 'cmake_target' from command line to 'None'
[0.858s] Level 5:colcon.colcon_core.verb:set package 'arm_description' build argument 'cmake_target_skip_unavailable' from command line to 'False'
[0.858s] Level 5:colcon.colcon_core.verb:set package 'arm_description' build argument 'cmake_clean_cache' from command line to 'False'
[0.858s] Level 5:colcon.colcon_core.verb:set package 'arm_description' build argument 'cmake_clean_first' from command line to 'False'
[0.858s] Level 5:colcon.colcon_core.verb:set package 'arm_description' build argument 'cmake_force_configure' from command line to 'False'
[0.858s] Level 5:colcon.colcon_core.verb:set package 'arm_description' build argument 'ament_cmake_args' from command line to 'None'
[0.858s] Level 5:colcon.colcon_core.verb:set package 'arm_description' build argument 'catkin_cmake_args' from command line to 'None'
[0.858s] Level 5:colcon.colcon_core.verb:set package 'arm_description' build argument 'catkin_skip_building_tests' from command line to 'False'
[0.858s] DEBUG:colcon.colcon_core.verb:Building package 'arm_description' with the following arguments: {'ament_cmake_args': None, 'build_base': '/home/shrey/ros2_ws/build/arm_description', 'catkin_cmake_args': None, 'catkin_skip_building_tests': False, 'cmake_args': None, 'cmake_clean_cache': False, 'cmake_clean_first': False, 'cmake_force_configure': False, 'cmake_target': None, 'cmake_target_skip_unavailable': False, 'install_base': '/home/shrey/ros2_ws/install/arm_description', 'merge_install': False, 'path': '/home/shrey/ros2_ws/src/arm_description', 'symlink_install': True, 'test_result_base': None}
[0.859s] Level 5:colcon.colcon_core.verb:set package 'arm_gazebo' build argument 'cmake_args' from command line to 'None'
[0.859s] Level 5:colcon.colcon_core.verb:set package 'arm_gazebo' build argument 'cmake_target' from command line to 'None'
[0.859s] Level 5:colcon.colcon_core.verb:set package 'arm_gazebo' build argument 'cmake_target_skip_unavailable' from command line to 'False'
[0.859s] Level 5:colcon.colcon_core.verb:set package 'arm_gazebo' build argument 'cmake_clean_cache' from command line to 'False'
[0.859s] Level 5:colcon.colcon_core.verb:set package 'arm_gazebo' build argument 'cmake_clean_first' from command line to 'False'
[0.859s] Level 5:colcon.colcon_core.verb:set package 'arm_gazebo' build argument 'cmake_force_configure' from command line to 'False'
[0.859s] Level 5:colcon.colcon_core.verb:set package 'arm_gazebo' build argument 'ament_cmake_args' from command line to 'None'
[0.859s] Level 5:colcon.colcon_core.verb:set package 'arm_gazebo' build argument 'catkin_cmake_args' from command line to 'None'
[0.859s] Level 5:colcon.colcon_core.verb:set package 'arm_gazebo' build argument 'catkin_skip_building_tests' from command line to 'False'
[0.859s] DEBUG:colcon.colcon_core.verb:Building package 'arm_gazebo' with the following arguments: {'ament_cmake_args': None, 'build_base': '/home/shrey/ros2_ws/build/arm_gazebo', 'catkin_cmake_args': None, 'catkin_skip_building_tests': False, 'cmake_args': None, 'cmake_clean_cache': False, 'cmake_clean_first': False, 'cmake_force_configure': False, 'cmake_target': None, 'cmake_target_skip_unavailable': False, 'install_base': '/home/shrey/ros2_ws/install/arm_gazebo', 'merge_install': False, 'path': '/home/shrey/ros2_ws/src/arm_gazebo', 'symlink_install': True, 'test_result_base': None}
[0.860s] INFO:colcon.colcon_core.executor:Executing jobs using 'parallel' executor
[0.862s] DEBUG:colcon.colcon_parallel_executor.executor.parallel:run_until_complete
[0.863s] INFO:colcon.colcon_ros.task.ament_cmake.build:Building ROS package in '/home/shrey/ros2_ws/src/arm_controller' with build type 'ament_cmake'
[0.863s] INFO:colcon.colcon_cmake.task.cmake.build:Building CMake package in '/home/shrey/ros2_ws/src/arm_controller'
[0.872s] INFO:colcon.colcon_core.plugin_system:Skipping extension 'colcon_core.shell.bat': Not used on non-Windows systems
[0.873s] INFO:colcon.colcon_core.shell:Skip shell extension 'powershell' for command environment: Not usable outside of PowerShell
[0.873s] DEBUG:colcon.colcon_core.shell:Skip shell extension 'dsv' for command environment
[0.884s] INFO:colcon.colcon_ros.task.ament_cmake.build:Building ROS package in '/home/shrey/ros2_ws/src/arm_description' with build type 'ament_cmake'
[0.884s] INFO:colcon.colcon_cmake.task.cmake.build:Building CMake package in '/home/shrey/ros2_ws/src/arm_description'
[0.887s] INFO:colcon.colcon_core.shell:Skip shell extension 'powershell' for command environment: Not usable outside of PowerShell
[0.887s] DEBUG:colcon.colcon_core.shell:Skip shell extension 'dsv' for command environment
[0.897s] INFO:colcon.colcon_ros.task.ament_cmake.build:Building ROS package in '/home/shrey/ros2_ws/src/arm_gazebo' with build type 'ament_cmake'
[0.898s] INFO:colcon.colcon_cmake.task.cmake.build:Building CMake package in '/home/shrey/ros2_ws/src/arm_gazebo'
[0.898s] INFO:colcon.colcon_core.shell:Skip shell extension 'powershell' for command environment: Not usable outside of PowerShell
[0.898s] DEBUG:colcon.colcon_core.shell:Skip shell extension 'dsv' for command environment
[0.931s] DEBUG:colcon.colcon_core.event_handler.log_command:Invoking command in '/home/shrey/ros2_ws/build/arm_controller': CMAKE_PREFIX_PATH=${CMAKE_PREFIX_PATH}:/opt/ros/humble /usr/bin/cmake --build /home/shrey/ros2_ws/build/arm_controller -- -j12 -l12
[0.939s] DEBUG:colcon.colcon_core.event_handler.log_command:Invoking command in '/home/shrey/ros2_ws/build/arm_description': CMAKE_PREFIX_PATH=${CMAKE_PREFIX_PATH}:/opt/ros/humble /usr/bin/cmake --build /home/shrey/ros2_ws/build/arm_description -- -j12 -l12
[0.968s] DEBUG:colcon.colcon_core.event_handler.log_command:Invoking command in '/home/shrey/ros2_ws/build/arm_gazebo': CMAKE_PREFIX_PATH=${CMAKE_PREFIX_PATH}:/opt/ros/humble /usr/bin/cmake --build /home/shrey/ros2_ws/build/arm_gazebo -- -j12 -l12
[1.036s] DEBUG:colcon.colcon_core.event_handler.log_command:Invoked command in '/home/shrey/ros2_ws/build/arm_description' returned '0': CMAKE_PREFIX_PATH=${CMAKE_PREFIX_PATH}:/opt/ros/humble /usr/bin/cmake --build /home/shrey/ros2_ws/build/arm_description -- -j12 -l12
[1.062s] DEBUG:colcon.colcon_core.event_handler.log_command:Invoking command in '/home/shrey/ros2_ws/build/arm_description': CMAKE_PREFIX_PATH=${CMAKE_PREFIX_PATH}:/opt/ros/humble /usr/bin/cmake --install /home/shrey/ros2_ws/build/arm_description
[1.071s] DEBUG:colcon.colcon_core.event_handler.log_command:Invoked command in '/home/shrey/ros2_ws/build/arm_controller' returned '0': CMAKE_PREFIX_PATH=${CMAKE_PREFIX_PATH}:/opt/ros/humble /usr/bin/cmake --build /home/shrey/ros2_ws/build/arm_controller -- -j12 -l12
[1.079s] DEBUG:colcon.colcon_core.event_handler.log_command:Invoking command in '/home/shrey/ros2_ws/build/arm_controller': CMAKE_PREFIX_PATH=${CMAKE_PREFIX_PATH}:/opt/ros/humble /usr/bin/cmake --install /home/shrey/ros2_ws/build/arm_controller
[1.081s] DEBUG:colcon.colcon_core.event_handler.log_command:Invoked command in '/home/shrey/ros2_ws/build/arm_gazebo' returned '0': CMAKE_PREFIX_PATH=${CMAKE_PREFIX_PATH}:/opt/ros/humble /usr/bin/cmake --build /home/shrey/ros2_ws/build/arm_gazebo -- -j12 -l12
[1.105s] DEBUG:colcon.colcon_core.event_handler.log_command:Invoking command in '/home/shrey/ros2_ws/build/arm_gazebo': CMAKE_PREFIX_PATH=${CMAKE_PREFIX_PATH}:/opt/ros/humble /usr/bin/cmake --install /home/shrey/ros2_ws/build/arm_gazebo
[1.135s] Level 1:colcon.colcon_core.environment:create_environment_scripts_only(arm_description)
[1.138s] DEBUG:colcon.colcon_core.event_handler.log_command:Invoked command in '/home/shrey/ros2_ws/build/arm_description' returned '0': CMAKE_PREFIX_PATH=${CMAKE_PREFIX_PATH}:/opt/ros/humble /usr/bin/cmake --install /home/shrey/ros2_ws/build/arm_description
[1.143s] Level 1:colcon.colcon_core.environment:checking '/home/shrey/ros2_ws/install/arm_description' for CMake module files
[1.144s] Level 1:colcon.colcon_core.environment:checking '/home/shrey/ros2_ws/install/arm_description' for CMake config files
[1.145s] Level 1:colcon.colcon_core.shell:create_environment_hook('arm_description', 'cmake_prefix_path')
[1.145s] INFO:colcon.colcon_core.shell:Creating environment hook '/home/shrey/ros2_ws/install/arm_description/share/arm_description/hook/cmake_prefix_path.ps1'
[1.148s] INFO:colcon.colcon_core.shell:Creating environment descriptor '/home/shrey/ros2_ws/install/arm_description/share/arm_description/hook/cmake_prefix_path.dsv'
[1.150s] INFO:colcon.colcon_core.shell:Creating environment hook '/home/shrey/ros2_ws/install/arm_description/share/arm_description/hook/cmake_prefix_path.sh'
[1.156s] Level 1:colcon.colcon_core.environment:checking '/home/shrey/ros2_ws/install/arm_description/bin'
[1.156s] Level 1:colcon.colcon_core.environment:checking '/home/shrey/ros2_ws/install/arm_description/lib/pkgconfig/arm_description.pc'
[1.157s] Level 1:colcon.colcon_core.environment:checking '/home/shrey/ros2_ws/install/arm_description/lib/python3.10/site-packages'
[1.157s] Level 1:colcon.colcon_core.environment:checking '/home/shrey/ros2_ws/install/arm_description/bin'
[1.158s] INFO:colcon.colcon_core.shell:Creating package script '/home/shrey/ros2_ws/install/arm_description/share/arm_description/package.ps1'
[1.160s] INFO:colcon.colcon_core.shell:Creating package descriptor '/home/shrey/ros2_ws/install/arm_description/share/arm_description/package.dsv'
[1.162s] INFO:colcon.colcon_core.shell:Creating package script '/home/shrey/ros2_ws/install/arm_description/share/arm_description/package.sh'
[1.164s] INFO:colcon.colcon_core.shell:Creating package script '/home/shrey/ros2_ws/install/arm_description/share/arm_description/package.bash'
[1.165s] INFO:colcon.colcon_core.shell:Creating package script '/home/shrey/ros2_ws/install/arm_description/share/arm_description/package.zsh'
[1.167s] Level 1:colcon.colcon_core.environment:create_file_with_runtime_dependencies(/home/shrey/ros2_ws/install/arm_description/share/colcon-core/packages/arm_description)
[1.168s] Level 1:colcon.colcon_core.environment:create_environment_scripts_only(arm_description)
[1.169s] Level 1:colcon.colcon_core.environment:checking '/home/shrey/ros2_ws/install/arm_description' for CMake module files
[1.170s] Level 1:colcon.colcon_core.environment:checking '/home/shrey/ros2_ws/install/arm_description' for CMake config files
[1.171s] Level 1:colcon.colcon_core.shell:create_environment_hook('arm_description', 'cmake_prefix_path')
[1.172s] INFO:colcon.colcon_core.shell:Creating environment hook '/home/shrey/ros2_ws/install/arm_description/share/arm_description/hook/cmake_prefix_path.ps1'
[1.175s] INFO:colcon.colcon_core.shell:Creating environment descriptor '/home/shrey/ros2_ws/install/arm_description/share/arm_description/hook/cmake_prefix_path.dsv'
[1.176s] INFO:colcon.colcon_core.shell:Creating environment hook '/home/shrey/ros2_ws/install/arm_description/share/arm_description/hook/cmake_prefix_path.sh'
[1.177s] Level 1:colcon.colcon_core.environment:checking '/home/shrey/ros2_ws/install/arm_description/bin'
[1.177s] Level 1:colcon.colcon_core.environment:checking '/home/shrey/ros2_ws/install/arm_description/lib/pkgconfig/arm_description.pc'
[1.177s] Level 1:colcon.colcon_core.environment:checking '/home/shrey/ros2_ws/install/arm_description/lib/python3.10/site-packages'
[1.178s] Level 1:colcon.colcon_core.environment:checking '/home/shrey/ros2_ws/install/arm_description/bin'
[1.178s] INFO:colcon.colcon_core.shell:Creating package script '/home/shrey/ros2_ws/install/arm_description/share/arm_description/package.ps1'
[1.179s] INFO:colcon.colcon_core.shell:Creating package descriptor '/home/shrey/ros2_ws/install/arm_description/share/arm_description/package.dsv'
[1.181s] INFO:colcon.colcon_core.shell:Creating package script '/home/shrey/ros2_ws/install/arm_description/share/arm_description/package.sh'
[1.182s] INFO:colcon.colcon_core.shell:Creating package script '/home/shrey/ros2_ws/install/arm_description/share/arm_description/package.bash'
[1.183s] INFO:colcon.colcon_core.shell:Creating package script '/home/shrey/ros2_ws/install/arm_description/share/arm_description/package.zsh'
[1.185s] Level 1:colcon.colcon_core.environment:create_file_with_runtime_dependencies(/home/shrey/ros2_ws/install/arm_description/share/colcon-core/packages/arm_description)
[1.187s] Level 1:colcon.colcon_core.environment:create_environment_scripts_only(arm_controller)
[1.187s] Level 1:colcon.colcon_core.environment:checking '/home/shrey/ros2_ws/install/arm_controller' for CMake module files
[1.191s] DEBUG:colcon.colcon_core.event_handler.log_command:Invoked command in '/home/shrey/ros2_ws/build/arm_controller' returned '0': CMAKE_PREFIX_PATH=${CMAKE_PREFIX_PATH}:/opt/ros/humble /usr/bin/cmake --install /home/shrey/ros2_ws/build/arm_controller
[1.192s] Level 1:colcon.colcon_core.environment:checking '/home/shrey/ros2_ws/install/arm_controller' for CMake config files
[1.193s] Level 1:colcon.colcon_core.shell:create_environment_hook('arm_controller', 'cmake_prefix_path')
[1.194s] INFO:colcon.colcon_core.shell:Creating environment hook '/home/shrey/ros2_ws/install/arm_controller/share/arm_controller/hook/cmake_prefix_path.ps1'
[1.195s] INFO:colcon.colcon_core.shell:Creating environment descriptor '/home/shrey/ros2_ws/install/arm_controller/share/arm_controller/hook/cmake_prefix_path.dsv'
[1.196s] INFO:colcon.colcon_core.shell:Creating environment hook '/home/shrey/ros2_ws/install/arm_controller/share/arm_controller/hook/cmake_prefix_path.sh'
[1.197s] Level 1:colcon.colcon_core.environment:checking '/home/shrey/ros2_ws/install/arm_controller/bin'
[1.198s] Level 1:colcon.colcon_core.environment:checking '/home/shrey/ros2_ws/install/arm_controller/lib/pkgconfig/arm_controller.pc'
[1.198s] Level 1:colcon.colcon_core.environment:checking '/home/shrey/ros2_ws/install/arm_controller/lib/python3.10/site-packages'
[1.198s] Level 1:colcon.colcon_core.environment:checking '/home/shrey/ros2_ws/install/arm_controller/bin'
[1.199s] INFO:colcon.colcon_core.shell:Creating package script '/home/shrey/ros2_ws/install/arm_controller/share/arm_controller/package.ps1'
[1.200s] INFO:colcon.colcon_core.shell:Creating package descriptor '/home/shrey/ros2_ws/install/arm_controller/share/arm_controller/package.dsv'
[1.201s] INFO:colcon.colcon_core.shell:Creating package script '/home/shrey/ros2_ws/install/arm_controller/share/arm_controller/package.sh'
[1.202s] INFO:colcon.colcon_core.shell:Creating package script '/home/shrey/ros2_ws/install/arm_controller/share/arm_controller/package.bash'
[1.203s] INFO:colcon.colcon_core.shell:Creating package script '/home/shrey/ros2_ws/install/arm_controller/share/arm_controller/package.zsh'
[1.204s] Level 1:colcon.colcon_core.environment:create_file_with_runtime_dependencies(/home/shrey/ros2_ws/install/arm_controller/share/colcon-core/packages/arm_controller)
[1.206s] Level 1:colcon.colcon_core.environment:create_environment_scripts_only(arm_controller)
[1.206s] Level 1:colcon.colcon_core.environment:checking '/home/shrey/ros2_ws/install/arm_controller' for CMake module files
[1.207s] Level 1:colcon.colcon_core.environment:checking '/home/shrey/ros2_ws/install/arm_controller' for CMake config files
[1.208s] Level 1:colcon.colcon_core.shell:create_environment_hook('arm_controller', 'cmake_prefix_path')
[1.208s] INFO:colcon.colcon_core.shell:Creating environment hook '/home/shrey/ros2_ws/install/arm_controller/share/arm_controller/hook/cmake_prefix_path.ps1'
[1.209s] INFO:colcon.colcon_core.shell:Creating environment descriptor '/home/shrey/ros2_ws/install/arm_controller/share/arm_controller/hook/cmake_prefix_path.dsv'
[1.210s] INFO:colcon.colcon_core.shell:Creating environment hook '/home/shrey/ros2_ws/install/arm_controller/share/arm_controller/hook/cmake_prefix_path.sh'
[1.211s] Level 1:colcon.colcon_core.environment:checking '/home/shrey/ros2_ws/install/arm_controller/bin'
[1.211s] Level 1:colcon.colcon_core.environment:checking '/home/shrey/ros2_ws/install/arm_controller/lib/pkgconfig/arm_controller.pc'
[1.212s] Level 1:colcon.colcon_core.environment:checking '/home/shrey/ros2_ws/install/arm_controller/lib/python3.10/site-packages'
[1.212s] Level 1:colcon.colcon_core.environment:checking '/home/shrey/ros2_ws/install/arm_controller/bin'
[1.213s] INFO:colcon.colcon_core.shell:Creating package script '/home/shrey/ros2_ws/install/arm_controller/share/arm_controller/package.ps1'
[1.214s] INFO:colcon.colcon_core.shell:Creating package descriptor '/home/shrey/ros2_ws/install/arm_controller/share/arm_controller/package.dsv'
[1.215s] INFO:colcon.colcon_core.shell:Creating package script '/home/shrey/ros2_ws/install/arm_controller/share/arm_controller/package.sh'
[1.216s] INFO:colcon.colcon_core.shell:Creating package script '/home/shrey/ros2_ws/install/arm_controller/share/arm_controller/package.bash'
[1.217s] INFO:colcon.colcon_core.shell:Creating package script '/home/shrey/ros2_ws/install/arm_controller/share/arm_controller/package.zsh'
[1.217s] Level 1:colcon.colcon_core.environment:create_file_with_runtime_dependencies(/home/shrey/ros2_ws/install/arm_controller/share/colcon-core/packages/arm_controller)
[1.223s] Level 1:colcon.colcon_core.environment:create_environment_scripts_only(arm_gazebo)
[1.224s] Level 1:colcon.colcon_core.environment:checking '/home/shrey/ros2_ws/install/arm_gazebo' for CMake module files
[1.225s] DEBUG:colcon.colcon_core.event_handler.log_command:Invoked command in '/home/shrey/ros2_ws/build/arm_gazebo' returned '0': CMAKE_PREFIX_PATH=${CMAKE_PREFIX_PATH}:/opt/ros/humble /usr/bin/cmake --install /home/shrey/ros2_ws/build/arm_gazebo
[1.226s] Level 1:colcon.colcon_core.environment:checking '/home/shrey/ros2_ws/install/arm_gazebo' for CMake config files
[1.227s] Level 1:colcon.colcon_core.shell:create_environment_hook('arm_gazebo', 'cmake_prefix_path')
[1.227s] INFO:colcon.colcon_core.shell:Creating environment hook '/home/shrey/ros2_ws/install/arm_gazebo/share/arm_gazebo/hook/cmake_prefix_path.ps1'
[1.228s] INFO:colcon.colcon_core.shell:Creating environment descriptor '/home/shrey/ros2_ws/install/arm_gazebo/share/arm_gazebo/hook/cmake_prefix_path.dsv'
[1.229s] INFO:colcon.colcon_core.shell:Creating environment hook '/home/shrey/ros2_ws/install/arm_gazebo/share/arm_gazebo/hook/cmake_prefix_path.sh'
[1.230s] Level 1:colcon.colcon_core.environment:checking '/home/shrey/ros2_ws/install/arm_gazebo/bin'
[1.231s] Level 1:colcon.colcon_core.environment:checking '/home/shrey/ros2_ws/install/arm_gazebo/lib/pkgconfig/arm_gazebo.pc'
[1.231s] Level 1:colcon.colcon_core.environment:checking '/home/shrey/ros2_ws/install/arm_gazebo/lib/python3.10/site-packages'
[1.232s] Level 1:colcon.colcon_core.environment:checking '/home/shrey/ros2_ws/install/arm_gazebo/bin'
[1.232s] INFO:colcon.colcon_core.shell:Creating package script '/home/shrey/ros2_ws/install/arm_gazebo/share/arm_gazebo/package.ps1'
[1.234s] INFO:colcon.colcon_core.shell:Creating package descriptor '/home/shrey/ros2_ws/install/arm_gazebo/share/arm_gazebo/package.dsv'
[1.235s] INFO:colcon.colcon_core.shell:Creating package script '/home/shrey/ros2_ws/install/arm_gazebo/share/arm_gazebo/package.sh'
[1.236s] INFO:colcon.colcon_core.shell:Creating package script '/home/shrey/ros2_ws/install/arm_gazebo/share/arm_gazebo/package.bash'
[1.238s] INFO:colcon.colcon_core.shell:Creating package script '/home/shrey/ros2_ws/install/arm_gazebo/share/arm_gazebo/package.zsh'
[1.239s] Level 1:colcon.colcon_core.environment:create_file_with_runtime_dependencies(/home/shrey/ros2_ws/install/arm_gazebo/share/colcon-core/packages/arm_gazebo)
[1.240s] Level 1:colcon.colcon_core.environment:create_environment_scripts_only(arm_gazebo)
[1.241s] Level 1:colcon.colcon_core.environment:checking '/home/shrey/ros2_ws/install/arm_gazebo' for CMake module files
[1.241s] Level 1:colcon.colcon_core.environment:checking '/home/shrey/ros2_ws/install/arm_gazebo' for CMake config files
[1.242s] Level 1:colcon.colcon_core.shell:create_environment_hook('arm_gazebo', 'cmake_prefix_path')
[1.243s] INFO:colcon.colcon_core.shell:Creating environment hook '/home/shrey/ros2_ws/install/arm_gazebo/share/arm_gazebo/hook/cmake_prefix_path.ps1'
[1.244s] INFO:colcon.colcon_core.shell:Creating environment descriptor '/home/shrey/ros2_ws/install/arm_gazebo/share/arm_gazebo/hook/cmake_prefix_path.dsv'
[1.245s] INFO:colcon.colcon_core.shell:Creating environment hook '/home/shrey/ros2_ws/install/arm_gazebo/share/arm_gazebo/hook/cmake_prefix_path.sh'
[1.246s] Level 1:colcon.colcon_core.environment:checking '/home/shrey/ros2_ws/install/arm_gazebo/bin'
[1.246s] Level 1:colcon.colcon_core.environment:checking '/home/shrey/ros2_ws/install/arm_gazebo/lib/pkgconfig/arm_gazebo.pc'
[1.246s] Level 1:colcon.colcon_core.environment:checking '/home/shrey/ros2_ws/install/arm_gazebo/lib/python3.10/site-packages'
[1.247s] Level 1:colcon.colcon_core.environment:checking '/home/shrey/ros2_ws/install/arm_gazebo/bin'
[1.247s] INFO:colcon.colcon_core.shell:Creating package script '/home/shrey/ros2_ws/install/arm_gazebo/share/arm_gazebo/package.ps1'
[1.249s] INFO:colcon.colcon_core.shell:Creating package descriptor '/home/shrey/ros2_ws/install/arm_gazebo/share/arm_gazebo/package.dsv'
[1.250s] INFO:colcon.colcon_core.shell:Creating package script '/home/shrey/ros2_ws/install/arm_gazebo/share/arm_gazebo/package.sh'
[1.252s] INFO:colcon.colcon_core.shell:Creating package script '/home/shrey/ros2_ws/install/arm_gazebo/share/arm_gazebo/package.bash'
[1.255s] INFO:colcon.colcon_core.shell:Creating package script '/home/shrey/ros2_ws/install/arm_gazebo/share/arm_gazebo/package.zsh'
[1.257s] Level 1:colcon.colcon_core.environment:create_file_with_runtime_dependencies(/home/shrey/ros2_ws/install/arm_gazebo/share/colcon-core/packages/arm_gazebo)
[1.258s] DEBUG:colcon.colcon_parallel_executor.executor.parallel:closing loop
[1.258s] DEBUG:colcon.colcon_parallel_executor.executor.parallel:loop closed
[1.258s] DEBUG:colcon.colcon_parallel_executor.executor.parallel:run_until_complete finished with '0'
[1.258s] DEBUG:colcon.colcon_core.event_reactor:joining thread
[1.455s] INFO:colcon.colcon_core.plugin_system:Skipping extension 'colcon_notification.desktop_notification.notify_send': Could not find 'notify-send'
[1.455s] INFO:colcon.colcon_core.plugin_system:Skipping extension 'colcon_notification.desktop_notification.terminal_notifier': Not used on non-Darwin systems
[1.455s] INFO:colcon.colcon_core.plugin_system:Skipping extension 'colcon_notification.desktop_notification.win32': Not used on non-Windows systems
[1.455s] INFO:colcon.colcon_notification.desktop_notification:Sending desktop notification using 'notify2'
[1.459s] DEBUG:colcon.colcon_notification.desktop_notification.notify2:Failed to initialize notify2: org.freedesktop.DBus.Error.ServiceUnknown: The name org.freedesktop.Notifications was not provided by any .service files
[1.459s] DEBUG:colcon.colcon_core.event_reactor:joined thread
[1.460s] INFO:colcon.colcon_core.shell:Creating prefix script '/home/shrey/ros2_ws/install/local_setup.ps1'
[1.462s] INFO:colcon.colcon_core.shell:Creating prefix util module '/home/shrey/ros2_ws/install/_local_setup_util_ps1.py'
[1.465s] INFO:colcon.colcon_core.shell:Creating prefix chain script '/home/shrey/ros2_ws/install/setup.ps1'
[1.468s] INFO:colcon.colcon_core.shell:Creating prefix script '/home/shrey/ros2_ws/install/local_setup.sh'
[1.469s] INFO:colcon.colcon_core.shell:Creating prefix util module '/home/shrey/ros2_ws/install/_local_setup_util_sh.py'
[1.470s] INFO:colcon.colcon_core.shell:Creating prefix chain script '/home/shrey/ros2_ws/install/setup.sh'
[1.472s] INFO:colcon.colcon_core.shell:Creating prefix script '/home/shrey/ros2_ws/install/local_setup.bash'
[1.473s] INFO:colcon.colcon_core.shell:Creating prefix chain script '/home/shrey/ros2_ws/install/setup.bash'
[1.475s] INFO:colcon.colcon_core.shell:Creating prefix script '/home/shrey/ros2_ws/install/local_setup.zsh'
[1.476s] INFO:colcon.colcon_core.shell:Creating prefix chain script '/home/shrey/ros2_ws/install/setup.zsh'
