[0.032s] Invoking command in '/home/shrey/ros2_ws/build/arm_gazebo': CMAKE_PREFIX_PATH=${CMAKE_PREFIX_PATH}:/opt/ros/humble /usr/bin/cmake /home/shrey/ros2_ws/src/arm_gazebo -DCMAKE_INSTALL_PREFIX=/home/shrey/ros2_ws/install/arm_gazebo
[0.485s] -- The C compiler identification is GNU 11.4.0
[1.453s] -- The CXX compiler identification is GNU 11.4.0
[2.136s] -- Detecting C compiler ABI info
[2.398s] -- Detecting C compiler ABI info - done
[2.405s] -- Check for working C compiler: /usr/bin/cc - skipped
[2.406s] -- Detecting C compile features
[2.407s] -- Detecting C compile features - done
[2.414s] -- Detecting CXX compiler ABI info
[2.661s] -- Detecting CXX compiler ABI info - done
[2.668s] -- Check for working CXX compiler: /usr/bin/c++ - skipped
[2.669s] -- Detecting CXX compile features
[2.669s] -- Detecting CXX compile features - done
[2.696s] -- Found ament_cmake: 1.3.11 (/opt/ros/humble/share/ament_cmake/cmake)
[3.160s] -- Found Python3: /usr/bin/python3 (found version "3.10.12") found components: Interpreter 
[3.330s] -- Found gazebo_ros: 3.9.0 (/opt/ros/humble/share/gazebo_ros/cmake)
[3.709s] -- Found rosidl_generator_c: 3.1.6 (/opt/ros/humble/share/rosidl_generator_c/cmake)
[3.720s] -- Found rosidl_adapter: 3.1.6 (/opt/ros/humble/share/rosidl_adapter/cmake)
[3.744s] -- Found rosidl_generator_cpp: 3.1.6 (/opt/ros/humble/share/rosidl_generator_cpp/cmake)
[3.782s] -- Using all available rosidl_typesupport_c: rosidl_typesupport_fastrtps_c;rosidl_typesupport_introspection_c
[3.826s] -- Using all available rosidl_typesupport_cpp: rosidl_typesupport_fastrtps_cpp;rosidl_typesupport_introspection_cpp
[3.942s] -- Found rmw_implementation_cmake: 6.1.2 (/opt/ros/humble/share/rmw_implementation_cmake/cmake)
[3.949s] -- Found rmw_fastrtps_cpp: 6.2.7 (/opt/ros/humble/share/rmw_fastrtps_cpp/cmake)
[5.798s] -- Found OpenSSL: /usr/lib/x86_64-linux-gnu/libcrypto.so (found version "3.0.2")  
[8.128s] -- Found FastRTPS: /opt/ros/humble/include  
[12.460s] -- Using RMW implementation 'rmw_fastrtps_cpp' as default
[12.494s] -- Looking for pthread.h
[12.762s] -- Looking for pthread.h - found
[12.762s] -- Performing Test CMAKE_HAVE_LIBC_PTHREAD
[13.003s] -- Performing Test CMAKE_HAVE_LIBC_PTHREAD - Success
[13.004s] -- Found Threads: TRUE  
[13.146s] -- Found PkgConfig: /usr/bin/pkg-config (found version "0.29.2") 
[13.147s] -- Checking for module 'bullet>=2.82'
[13.168s] --   Found bullet, version 3.05
[13.410s] -- Found fcl: /usr/include (found suitable version "0.7.0", minimum required is "0.5.0") 
[13.485s] -- Found assimp: /usr/include (found version "5.2.0") 
[13.525s] -- Found DART: /usr/include (Required is at least version "6.6") found components: dart 
[13.580s] -- Found Boost: /usr/lib/x86_64-linux-gnu/cmake/Boost-1.74.0/BoostConfig.cmake (found suitable version "1.74.0", minimum required is "1.40.0") found components: thread system filesystem program_options regex iostreams date_time 
[14.383s] -- Found Protobuf: /usr/lib/x86_64-linux-gnu/libprotobuf.so (found version "3.12.4") 
[14.393s] -- Looking for ignition-math6 -- found version 6.15.1
[14.411s] -- Searching for dependencies of ignition-math6
[14.418s] -- Looking for OGRE...
[14.418s] -- OGRE_PREFIX_WATCH changed.
[14.426s] -- Checking for module 'OGRE'
[14.444s] --   Found OGRE, version 1.9.0
[14.500s] -- Found Ogre Ghadamon (1.9.0)
[15.335s] -- Found OGRE: optimized;/usr/lib/x86_64-linux-gnu/libOgreMain.so;debug;/usr/lib/x86_64-linux-gnu/libOgreMain.so
[15.346s] -- Looking for OGRE_Paging...
[16.108s] -- Found OGRE_Paging: optimized;/usr/lib/x86_64-linux-gnu/libOgrePaging.so;debug;/usr/lib/x86_64-linux-gnu/libOgrePaging.so
[16.109s] -- Looking for OGRE_Terrain...
[16.872s] -- Found OGRE_Terrain: optimized;/usr/lib/x86_64-linux-gnu/libOgreTerrain.so;debug;/usr/lib/x86_64-linux-gnu/libOgreTerrain.so
[16.872s] -- Looking for OGRE_Property...
[17.653s] -- Found OGRE_Property: optimized;/usr/lib/x86_64-linux-gnu/libOgreProperty.so;debug;/usr/lib/x86_64-linux-gnu/libOgreProperty.so
[17.653s] -- Looking for OGRE_RTShaderSystem...
[18.405s] -- Found OGRE_RTShaderSystem: optimized;/usr/lib/x86_64-linux-gnu/libOgreRTShaderSystem.so;debug;/usr/lib/x86_64-linux-gnu/libOgreRTShaderSystem.so
[18.405s] -- Looking for OGRE_Volume...
[19.163s] -- Found OGRE_Volume: optimized;/usr/lib/x86_64-linux-gnu/libOgreVolume.so;debug;/usr/lib/x86_64-linux-gnu/libOgreVolume.so
[19.163s] -- Looking for OGRE_Overlay...
[19.926s] -- Found OGRE_Overlay: optimized;/usr/lib/x86_64-linux-gnu/libOgreOverlay.so;debug;/usr/lib/x86_64-linux-gnu/libOgreOverlay.so
[59.495s] -- Looking for ignition-math6 -- found version 6.15.1
[59.499s] -- Looking for ignition-transport8 -- found version 8.2.1
[59.500s] -- Searching for dependencies of ignition-transport8
[61.786s] -- Found Protobuf: /usr/lib/x86_64-linux-gnu/libprotobuf.so (found suitable version "3.12.4", minimum required is "3") 
[64.049s] -- Config-file not installed for ZeroMQ -- checking for pkg-config
[64.055s] -- Checking for module 'libzmq >= 4'
[64.089s] --   Found libzmq , version 4.3.4
[64.144s] -- Found ZeroMQ: TRUE (Required is at least version "4") 
[64.241s] -- Checking for module 'uuid'
[64.260s] --   Found uuid, version 2.37.2
[64.309s] -- Found UUID: TRUE  
[64.313s] -- Looking for ignition-msgs5 -- found version 5.8.1
[64.314s] -- Searching for dependencies of ignition-msgs5
[66.591s] -- Looking for ignition-math6 -- found version 6.15.1
[66.598s] -- Checking for module 'tinyxml2'
[66.616s] --   Found tinyxml2, version 9.0.0
[66.675s] -- Looking for ignition-msgs5 -- found version 5.8.1
[66.679s] -- Looking for ignition-common3 -- found version 3.14.0
[66.680s] -- Searching for dependencies of ignition-common3
[66.758s] -- Looking for dlfcn.h - found
[66.834s] -- Looking for libdl - found
[66.836s] -- Found DL: TRUE  
[67.004s] -- Found tinyobjloader: /usr/lib/x86_64-linux-gnu/cmake/tinyobjloader/tinyobjloader-config.cmake (found version "2.0.0") 
[67.007s] -- Searching for <ignition-common3> component [graphics]
[67.010s] -- Looking for ignition-common3-graphics -- found version 3.14.0
[67.010s] -- Searching for dependencies of ignition-common3-graphics
[67.011s] -- Looking for ignition-math6 -- found version 6.15.1
[67.018s] -- Looking for ignition-fuel_tools4 -- found version 4.4.0
[67.018s] -- Searching for dependencies of ignition-fuel_tools4
[69.629s] -- Found CURL: /usr/lib/x86_64-linux-gnu/libcurl.so (found version "7.81.0")  
[69.662s] -- Checking for module 'jsoncpp'
[69.681s] --   Found jsoncpp, version 1.9.5
[69.732s] -- Found JSONCPP: TRUE  
[69.742s] -- Checking for module 'libzip'
[69.763s] --   Found libzip, version 1.7.3
[69.818s] -- Found ZIP: TRUE  
[69.819s] -- Looking for ignition-common3 -- found version 3.14.0
[69.820s] -- Looking for ignition-math6 -- found version 6.15.1
[69.821s] -- Looking for ignition-msgs5 -- found version 5.8.1
[69.830s] -- Gazebo version: 11.10
[69.831s] -- Checking for module 'tbb'
[69.851s] --   Found tbb, version 2021.5.0
[69.982s] -- Configuring done
[69.997s] -- Generating done
[70.002s] -- Build files have been written to: /home/shrey/ros2_ws/build/arm_gazebo
[70.020s] Invoked command in '/home/shrey/ros2_ws/build/arm_gazebo' returned '0': CMAKE_PREFIX_PATH=${CMAKE_PREFIX_PATH}:/opt/ros/humble /usr/bin/cmake /home/shrey/ros2_ws/src/arm_gazebo -DCMAKE_INSTALL_PREFIX=/home/shrey/ros2_ws/install/arm_gazebo
[70.024s] Invoking command in '/home/shrey/ros2_ws/build/arm_gazebo': CMAKE_PREFIX_PATH=${CMAKE_PREFIX_PATH}:/opt/ros/humble /usr/bin/cmake --build /home/shrey/ros2_ws/build/arm_gazebo -- -j12 -l12
[70.071s] Invoked command in '/home/shrey/ros2_ws/build/arm_gazebo' returned '0': CMAKE_PREFIX_PATH=${CMAKE_PREFIX_PATH}:/opt/ros/humble /usr/bin/cmake --build /home/shrey/ros2_ws/build/arm_gazebo -- -j12 -l12
[70.085s] Invoking command in '/home/shrey/ros2_ws/build/arm_gazebo': CMAKE_PREFIX_PATH=${CMAKE_PREFIX_PATH}:/opt/ros/humble /usr/bin/cmake --install /home/shrey/ros2_ws/build/arm_gazebo
[70.094s] -- Install configuration: ""
[70.094s] -- Installing: /home/shrey/ros2_ws/install/arm_gazebo/share/arm_gazebo/launch
[70.095s] -- Installing: /home/shrey/ros2_ws/install/arm_gazebo/share/arm_gazebo/launch/arm_world.launch.py
[70.098s] -- Installing: /home/shrey/ros2_ws/install/arm_gazebo/share/ament_index/resource_index/package_run_dependencies/arm_gazebo
[70.098s] -- Installing: /home/shrey/ros2_ws/install/arm_gazebo/share/ament_index/resource_index/parent_prefix_path/arm_gazebo
[70.099s] -- Installing: /home/shrey/ros2_ws/install/arm_gazebo/share/arm_gazebo/environment/ament_prefix_path.sh
[70.099s] -- Installing: /home/shrey/ros2_ws/install/arm_gazebo/share/arm_gazebo/environment/ament_prefix_path.dsv
[70.100s] -- Installing: /home/shrey/ros2_ws/install/arm_gazebo/share/arm_gazebo/environment/path.sh
[70.100s] -- Installing: /home/shrey/ros2_ws/install/arm_gazebo/share/arm_gazebo/environment/path.dsv
[70.101s] -- Installing: /home/shrey/ros2_ws/install/arm_gazebo/share/arm_gazebo/local_setup.bash
[70.101s] -- Installing: /home/shrey/ros2_ws/install/arm_gazebo/share/arm_gazebo/local_setup.sh
[70.101s] -- Installing: /home/shrey/ros2_ws/install/arm_gazebo/share/arm_gazebo/local_setup.zsh
[70.101s] -- Installing: /home/shrey/ros2_ws/install/arm_gazebo/share/arm_gazebo/local_setup.dsv
[70.102s] -- Installing: /home/shrey/ros2_ws/install/arm_gazebo/share/arm_gazebo/package.dsv
[70.102s] -- Installing: /home/shrey/ros2_ws/install/arm_gazebo/share/ament_index/resource_index/packages/arm_gazebo
[70.102s] -- Installing: /home/shrey/ros2_ws/install/arm_gazebo/share/arm_gazebo/cmake/arm_gazeboConfig.cmake
[70.102s] -- Installing: /home/shrey/ros2_ws/install/arm_gazebo/share/arm_gazebo/cmake/arm_gazeboConfig-version.cmake
[70.102s] -- Installing: /home/shrey/ros2_ws/install/arm_gazebo/share/arm_gazebo/package.xml
[70.105s] Invoked command in '/home/shrey/ros2_ws/build/arm_gazebo' returned '0': CMAKE_PREFIX_PATH=${CMAKE_PREFIX_PATH}:/opt/ros/humble /usr/bin/cmake --install /home/shrey/ros2_ws/build/arm_gazebo
